[2023-03-25T19:02:28.620+0000] {taskinstance.py:1084} INFO - Dependencies all met for dep_context=non-requeueable deps ti=<TaskInstance: currency.Insert_DB manual__2023-03-25T19:01:18.498600+00:00 [queued]>
[2023-03-25T19:02:28.632+0000] {taskinstance.py:1084} INFO - Dependencies all met for dep_context=requeueable deps ti=<TaskInstance: currency.Insert_DB manual__2023-03-25T19:01:18.498600+00:00 [queued]>
[2023-03-25T19:02:28.632+0000] {taskinstance.py:1282} INFO - 
--------------------------------------------------------------------------------
[2023-03-25T19:02:28.632+0000] {taskinstance.py:1283} INFO - Starting attempt 1 of 2
[2023-03-25T19:02:28.632+0000] {taskinstance.py:1284} INFO - 
--------------------------------------------------------------------------------
[2023-03-25T19:02:28.647+0000] {taskinstance.py:1303} INFO - Executing <Task(PythonOperator): Insert_DB> on 2023-03-25 19:01:18.498600+00:00
[2023-03-25T19:02:28.651+0000] {standard_task_runner.py:55} INFO - Started process 164 to run task
[2023-03-25T19:02:28.654+0000] {standard_task_runner.py:82} INFO - Running: ['airflow', 'tasks', 'run', 'currency', 'Insert_DB', 'manual__2023-03-25T19:01:18.498600+00:00', '--job-id', '610', '--raw', '--subdir', 'DAGS_FOLDER/currency.py', '--cfg-path', '/tmp/tmpx0vn081i']
[2023-03-25T19:02:28.654+0000] {standard_task_runner.py:83} INFO - Job 610: Subtask Insert_DB
[2023-03-25T19:02:28.722+0000] {task_command.py:388} INFO - Running <TaskInstance: currency.Insert_DB manual__2023-03-25T19:01:18.498600+00:00 [running]> on host 6228c0862387
[2023-03-25T19:02:28.796+0000] {taskinstance.py:1511} INFO - Exporting the following env vars:
AIRFLOW_CTX_DAG_OWNER=***
AIRFLOW_CTX_DAG_ID=currency
AIRFLOW_CTX_TASK_ID=Insert_DB
AIRFLOW_CTX_EXECUTION_DATE=2023-03-25T19:01:18.498600+00:00
AIRFLOW_CTX_TRY_NUMBER=1
AIRFLOW_CTX_DAG_RUN_ID=manual__2023-03-25T19:01:18.498600+00:00
[2023-03-25T19:02:29.860+0000] {python.py:177} INFO - Done. Returned value was: None
[2023-03-25T19:02:29.873+0000] {taskinstance.py:1326} INFO - Marking task as SUCCESS. dag_id=currency, task_id=Insert_DB, execution_date=20230325T190118, start_date=20230325T190228, end_date=20230325T190229
[2023-03-25T19:02:29.923+0000] {local_task_job.py:212} INFO - Task exited with return code 0
[2023-03-25T19:02:29.953+0000] {taskinstance.py:2585} INFO - 1 downstream tasks scheduled from follow-on schedule check
