[2023-03-25T19:01:28.163+0000] {taskinstance.py:1084} INFO - Dependencies all met for dep_context=non-requeueable deps ti=<TaskInstance: country.Insert_DB manual__2023-03-25T19:01:23.353702+00:00 [queued]>
[2023-03-25T19:01:28.176+0000] {taskinstance.py:1084} INFO - Dependencies all met for dep_context=requeueable deps ti=<TaskInstance: country.Insert_DB manual__2023-03-25T19:01:23.353702+00:00 [queued]>
[2023-03-25T19:01:28.176+0000] {taskinstance.py:1282} INFO - 
--------------------------------------------------------------------------------
[2023-03-25T19:01:28.176+0000] {taskinstance.py:1283} INFO - Starting attempt 1 of 2
[2023-03-25T19:01:28.176+0000] {taskinstance.py:1284} INFO - 
--------------------------------------------------------------------------------
[2023-03-25T19:01:28.191+0000] {taskinstance.py:1303} INFO - Executing <Task(PythonOperator): Insert_DB> on 2023-03-25 19:01:23.353702+00:00
[2023-03-25T19:01:28.195+0000] {standard_task_runner.py:55} INFO - Started process 125 to run task
[2023-03-25T19:01:28.198+0000] {standard_task_runner.py:82} INFO - Running: ['airflow', 'tasks', 'run', 'country', 'Insert_DB', 'manual__2023-03-25T19:01:23.353702+00:00', '--job-id', '602', '--raw', '--subdir', 'DAGS_FOLDER/country.py', '--cfg-path', '/tmp/tmpjwrj26ou']
[2023-03-25T19:01:28.199+0000] {standard_task_runner.py:83} INFO - Job 602: Subtask Insert_DB
[2023-03-25T19:01:28.266+0000] {task_command.py:388} INFO - Running <TaskInstance: country.Insert_DB manual__2023-03-25T19:01:23.353702+00:00 [running]> on host 6228c0862387
[2023-03-25T19:01:28.342+0000] {taskinstance.py:1511} INFO - Exporting the following env vars:
AIRFLOW_CTX_DAG_OWNER=***
AIRFLOW_CTX_DAG_ID=country
AIRFLOW_CTX_TASK_ID=Insert_DB
AIRFLOW_CTX_EXECUTION_DATE=2023-03-25T19:01:23.353702+00:00
AIRFLOW_CTX_TRY_NUMBER=1
AIRFLOW_CTX_DAG_RUN_ID=manual__2023-03-25T19:01:23.353702+00:00
[2023-03-25T19:01:30.082+0000] {python.py:177} INFO - Done. Returned value was: None
[2023-03-25T19:01:30.097+0000] {taskinstance.py:1326} INFO - Marking task as SUCCESS. dag_id=country, task_id=Insert_DB, execution_date=20230325T190123, start_date=20230325T190128, end_date=20230325T190130
[2023-03-25T19:01:30.123+0000] {local_task_job.py:212} INFO - Task exited with return code 0
[2023-03-25T19:01:30.157+0000] {taskinstance.py:2585} INFO - 1 downstream tasks scheduled from follow-on schedule check
