[2023-03-25T17:11:51.553+0000] {taskinstance.py:1084} INFO - Dependencies all met for dep_context=non-requeueable deps ti=<TaskInstance: data_merge.trigger_dependent_dag scheduled__2023-03-25T17:05:00+00:00 [queued]>
[2023-03-25T17:11:51.566+0000] {taskinstance.py:1084} INFO - Dependencies all met for dep_context=requeueable deps ti=<TaskInstance: data_merge.trigger_dependent_dag scheduled__2023-03-25T17:05:00+00:00 [queued]>
[2023-03-25T17:11:51.566+0000] {taskinstance.py:1282} INFO - 
--------------------------------------------------------------------------------
[2023-03-25T17:11:51.567+0000] {taskinstance.py:1283} INFO - Starting attempt 1 of 2
[2023-03-25T17:11:51.567+0000] {taskinstance.py:1284} INFO - 
--------------------------------------------------------------------------------
[2023-03-25T17:11:51.583+0000] {taskinstance.py:1303} INFO - Executing <Task(TriggerDagRunOperator): trigger_dependent_dag> on 2023-03-25 17:05:00+00:00
[2023-03-25T17:11:51.589+0000] {standard_task_runner.py:55} INFO - Started process 64 to run task
[2023-03-25T17:11:51.594+0000] {standard_task_runner.py:82} INFO - Running: ['airflow', 'tasks', 'run', 'data_merge', 'trigger_dependent_dag', 'scheduled__2023-03-25T17:05:00+00:00', '--job-id', '529', '--raw', '--subdir', 'DAGS_FOLDER/data_merge.py', '--cfg-path', '/tmp/tmpdyyjny4v']
[2023-03-25T17:11:51.595+0000] {standard_task_runner.py:83} INFO - Job 529: Subtask trigger_dependent_dag
[2023-03-25T17:11:51.674+0000] {task_command.py:388} INFO - Running <TaskInstance: data_merge.trigger_dependent_dag scheduled__2023-03-25T17:05:00+00:00 [running]> on host b011aab24652
[2023-03-25T17:11:51.781+0000] {taskinstance.py:1511} INFO - Exporting the following env vars:
AIRFLOW_CTX_DAG_OWNER=***
AIRFLOW_CTX_DAG_ID=data_merge
AIRFLOW_CTX_TASK_ID=trigger_dependent_dag
AIRFLOW_CTX_EXECUTION_DATE=2023-03-25T17:05:00+00:00
AIRFLOW_CTX_TRY_NUMBER=1
AIRFLOW_CTX_DAG_RUN_ID=scheduled__2023-03-25T17:05:00+00:00
[2023-03-25T17:11:54.812+0000] {trigger_dagrun.py:177} INFO - Waiting for currency on 2023-03-25T17:11:51.781773+00:00 to become allowed state ['success'] ...
[2023-03-25T17:12:54.875+0000] {trigger_dagrun.py:177} INFO - Waiting for currency on 2023-03-25T17:11:51.781773+00:00 to become allowed state ['success'] ...
[2023-03-25T17:13:54.942+0000] {trigger_dagrun.py:186} INFO - currency finished with allowed state success
[2023-03-25T17:13:54.952+0000] {taskinstance.py:1326} INFO - Marking task as SUCCESS. dag_id=data_merge, task_id=trigger_dependent_dag, execution_date=20230325T170500, start_date=20230325T171151, end_date=20230325T171354
[2023-03-25T17:13:55.003+0000] {local_task_job.py:212} INFO - Task exited with return code 0
[2023-03-25T17:13:55.034+0000] {taskinstance.py:2585} INFO - 1 downstream tasks scheduled from follow-on schedule check
