[2023-03-25T17:11:12.971+0000] {processor.py:153} INFO - Started process (PID=35) to work on /opt/airflow/dags/country.py
[2023-03-25T17:11:12.971+0000] {processor.py:743} INFO - Processing file /opt/airflow/dags/country.py for tasks to queue
[2023-03-25T17:11:12.973+0000] {logging_mixin.py:137} INFO - [2023-03-25T17:11:12.973+0000] {dagbag.py:532} INFO - Filling up the DagBag from /opt/airflow/dags/country.py
[2023-03-25T17:11:13.355+0000] {processor.py:753} INFO - DAG(s) dict_keys(['country']) retrieved from /opt/airflow/dags/country.py
[2023-03-25T17:11:13.453+0000] {logging_mixin.py:137} INFO - [2023-03-25T17:11:13.453+0000] {dag.py:2693} INFO - Sync 1 DAGs
[2023-03-25T17:11:13.486+0000] {logging_mixin.py:137} INFO - [2023-03-25T17:11:13.485+0000] {dag.py:3444} INFO - Setting next_dagrun for country to 2023-03-25T17:05:00+00:00, run_after=2023-03-25T17:10:00+00:00
[2023-03-25T17:11:13.515+0000] {processor.py:175} INFO - Processing /opt/airflow/dags/country.py took 0.548 seconds
[2023-03-25T17:11:43.862+0000] {processor.py:153} INFO - Started process (PID=45) to work on /opt/airflow/dags/country.py
[2023-03-25T17:11:43.864+0000] {processor.py:743} INFO - Processing file /opt/airflow/dags/country.py for tasks to queue
[2023-03-25T17:11:43.865+0000] {logging_mixin.py:137} INFO - [2023-03-25T17:11:43.865+0000] {dagbag.py:532} INFO - Filling up the DagBag from /opt/airflow/dags/country.py
[2023-03-25T17:11:44.251+0000] {processor.py:753} INFO - DAG(s) dict_keys(['country']) retrieved from /opt/airflow/dags/country.py
[2023-03-25T17:11:44.344+0000] {logging_mixin.py:137} INFO - [2023-03-25T17:11:44.344+0000] {dag.py:2693} INFO - Sync 1 DAGs
[2023-03-25T17:11:44.387+0000] {logging_mixin.py:137} INFO - [2023-03-25T17:11:44.387+0000] {dag.py:3444} INFO - Setting next_dagrun for country to 2023-03-25T17:05:00+00:00, run_after=2023-03-25T17:10:00+00:00
[2023-03-25T17:11:44.419+0000] {processor.py:175} INFO - Processing /opt/airflow/dags/country.py took 0.563 seconds
[2023-03-25T17:12:14.657+0000] {processor.py:153} INFO - Started process (PID=75) to work on /opt/airflow/dags/country.py
[2023-03-25T17:12:14.658+0000] {processor.py:743} INFO - Processing file /opt/airflow/dags/country.py for tasks to queue
[2023-03-25T17:12:14.659+0000] {logging_mixin.py:137} INFO - [2023-03-25T17:12:14.659+0000] {dagbag.py:532} INFO - Filling up the DagBag from /opt/airflow/dags/country.py
[2023-03-25T17:12:15.043+0000] {processor.py:753} INFO - DAG(s) dict_keys(['country']) retrieved from /opt/airflow/dags/country.py
[2023-03-25T17:12:15.108+0000] {logging_mixin.py:137} INFO - [2023-03-25T17:12:15.108+0000] {dag.py:2693} INFO - Sync 1 DAGs
[2023-03-25T17:12:15.137+0000] {logging_mixin.py:137} INFO - [2023-03-25T17:12:15.137+0000] {dag.py:3444} INFO - Setting next_dagrun for country to 2023-03-25T17:10:00+00:00, run_after=2023-03-25T17:15:00+00:00
[2023-03-25T17:12:15.158+0000] {processor.py:175} INFO - Processing /opt/airflow/dags/country.py took 0.505 seconds
[2023-03-25T17:12:45.450+0000] {processor.py:153} INFO - Started process (PID=86) to work on /opt/airflow/dags/country.py
[2023-03-25T17:12:45.451+0000] {processor.py:743} INFO - Processing file /opt/airflow/dags/country.py for tasks to queue
[2023-03-25T17:12:45.451+0000] {logging_mixin.py:137} INFO - [2023-03-25T17:12:45.451+0000] {dagbag.py:532} INFO - Filling up the DagBag from /opt/airflow/dags/country.py
[2023-03-25T17:12:45.836+0000] {processor.py:753} INFO - DAG(s) dict_keys(['country']) retrieved from /opt/airflow/dags/country.py
[2023-03-25T17:12:45.902+0000] {logging_mixin.py:137} INFO - [2023-03-25T17:12:45.901+0000] {dag.py:2693} INFO - Sync 1 DAGs
[2023-03-25T17:12:45.931+0000] {logging_mixin.py:137} INFO - [2023-03-25T17:12:45.931+0000] {dag.py:3444} INFO - Setting next_dagrun for country to 2023-03-25T17:10:00+00:00, run_after=2023-03-25T17:15:00+00:00
[2023-03-25T17:12:45.951+0000] {processor.py:175} INFO - Processing /opt/airflow/dags/country.py took 0.504 seconds
[2023-03-25T17:13:16.160+0000] {processor.py:153} INFO - Started process (PID=100) to work on /opt/airflow/dags/country.py
[2023-03-25T17:13:16.162+0000] {processor.py:743} INFO - Processing file /opt/airflow/dags/country.py for tasks to queue
[2023-03-25T17:13:16.163+0000] {logging_mixin.py:137} INFO - [2023-03-25T17:13:16.162+0000] {dagbag.py:532} INFO - Filling up the DagBag from /opt/airflow/dags/country.py
[2023-03-25T17:13:16.533+0000] {processor.py:753} INFO - DAG(s) dict_keys(['country']) retrieved from /opt/airflow/dags/country.py
[2023-03-25T17:13:16.617+0000] {logging_mixin.py:137} INFO - [2023-03-25T17:13:16.617+0000] {dag.py:2693} INFO - Sync 1 DAGs
[2023-03-25T17:13:16.645+0000] {logging_mixin.py:137} INFO - [2023-03-25T17:13:16.645+0000] {dag.py:3444} INFO - Setting next_dagrun for country to 2023-03-25T17:10:00+00:00, run_after=2023-03-25T17:15:00+00:00
[2023-03-25T17:13:16.666+0000] {processor.py:175} INFO - Processing /opt/airflow/dags/country.py took 0.509 seconds
[2023-03-25T17:13:46.914+0000] {processor.py:153} INFO - Started process (PID=110) to work on /opt/airflow/dags/country.py
[2023-03-25T17:13:46.915+0000] {processor.py:743} INFO - Processing file /opt/airflow/dags/country.py for tasks to queue
[2023-03-25T17:13:46.916+0000] {logging_mixin.py:137} INFO - [2023-03-25T17:13:46.916+0000] {dagbag.py:532} INFO - Filling up the DagBag from /opt/airflow/dags/country.py
[2023-03-25T17:13:47.299+0000] {processor.py:753} INFO - DAG(s) dict_keys(['country']) retrieved from /opt/airflow/dags/country.py
[2023-03-25T17:13:47.370+0000] {logging_mixin.py:137} INFO - [2023-03-25T17:13:47.370+0000] {dag.py:2693} INFO - Sync 1 DAGs
[2023-03-25T17:13:47.398+0000] {logging_mixin.py:137} INFO - [2023-03-25T17:13:47.398+0000] {dag.py:3444} INFO - Setting next_dagrun for country to 2023-03-25T17:10:00+00:00, run_after=2023-03-25T17:15:00+00:00
[2023-03-25T17:13:47.419+0000] {processor.py:175} INFO - Processing /opt/airflow/dags/country.py took 0.509 seconds
[2023-03-25T17:14:17.732+0000] {processor.py:153} INFO - Started process (PID=120) to work on /opt/airflow/dags/country.py
[2023-03-25T17:14:17.733+0000] {processor.py:743} INFO - Processing file /opt/airflow/dags/country.py for tasks to queue
[2023-03-25T17:14:17.733+0000] {logging_mixin.py:137} INFO - [2023-03-25T17:14:17.733+0000] {dagbag.py:532} INFO - Filling up the DagBag from /opt/airflow/dags/country.py
[2023-03-25T17:14:18.115+0000] {processor.py:753} INFO - DAG(s) dict_keys(['country']) retrieved from /opt/airflow/dags/country.py
[2023-03-25T17:14:18.187+0000] {logging_mixin.py:137} INFO - [2023-03-25T17:14:18.186+0000] {dag.py:2693} INFO - Sync 1 DAGs
[2023-03-25T17:14:18.220+0000] {logging_mixin.py:137} INFO - [2023-03-25T17:14:18.220+0000] {dag.py:3444} INFO - Setting next_dagrun for country to 2023-03-25T17:10:00+00:00, run_after=2023-03-25T17:15:00+00:00
[2023-03-25T17:14:18.259+0000] {processor.py:175} INFO - Processing /opt/airflow/dags/country.py took 0.531 seconds
[2023-03-25T17:14:48.492+0000] {processor.py:153} INFO - Started process (PID=130) to work on /opt/airflow/dags/country.py
[2023-03-25T17:14:48.494+0000] {processor.py:743} INFO - Processing file /opt/airflow/dags/country.py for tasks to queue
[2023-03-25T17:14:48.495+0000] {logging_mixin.py:137} INFO - [2023-03-25T17:14:48.495+0000] {dagbag.py:532} INFO - Filling up the DagBag from /opt/airflow/dags/country.py
[2023-03-25T17:14:48.895+0000] {processor.py:753} INFO - DAG(s) dict_keys(['country']) retrieved from /opt/airflow/dags/country.py
[2023-03-25T17:14:48.998+0000] {logging_mixin.py:137} INFO - [2023-03-25T17:14:48.997+0000] {dag.py:2693} INFO - Sync 1 DAGs
[2023-03-25T17:14:49.042+0000] {logging_mixin.py:137} INFO - [2023-03-25T17:14:49.041+0000] {dag.py:3444} INFO - Setting next_dagrun for country to 2023-03-25T17:10:00+00:00, run_after=2023-03-25T17:15:00+00:00
[2023-03-25T17:14:49.080+0000] {processor.py:175} INFO - Processing /opt/airflow/dags/country.py took 0.591 seconds
[2023-03-25T17:15:19.251+0000] {processor.py:153} INFO - Started process (PID=160) to work on /opt/airflow/dags/country.py
[2023-03-25T17:15:19.252+0000] {processor.py:743} INFO - Processing file /opt/airflow/dags/country.py for tasks to queue
[2023-03-25T17:15:19.252+0000] {logging_mixin.py:137} INFO - [2023-03-25T17:15:19.252+0000] {dagbag.py:532} INFO - Filling up the DagBag from /opt/airflow/dags/country.py
[2023-03-25T17:15:19.631+0000] {processor.py:753} INFO - DAG(s) dict_keys(['country']) retrieved from /opt/airflow/dags/country.py
[2023-03-25T17:15:19.696+0000] {logging_mixin.py:137} INFO - [2023-03-25T17:15:19.696+0000] {dag.py:2693} INFO - Sync 1 DAGs
[2023-03-25T17:15:19.727+0000] {logging_mixin.py:137} INFO - [2023-03-25T17:15:19.726+0000] {dag.py:3444} INFO - Setting next_dagrun for country to 2023-03-25T17:15:00+00:00, run_after=2023-03-25T17:20:00+00:00
[2023-03-25T17:15:19.748+0000] {processor.py:175} INFO - Processing /opt/airflow/dags/country.py took 0.501 seconds
[2023-03-25T17:15:49.948+0000] {processor.py:153} INFO - Started process (PID=170) to work on /opt/airflow/dags/country.py
[2023-03-25T17:15:49.950+0000] {processor.py:743} INFO - Processing file /opt/airflow/dags/country.py for tasks to queue
[2023-03-25T17:15:49.951+0000] {logging_mixin.py:137} INFO - [2023-03-25T17:15:49.951+0000] {dagbag.py:532} INFO - Filling up the DagBag from /opt/airflow/dags/country.py
[2023-03-25T17:15:50.325+0000] {processor.py:753} INFO - DAG(s) dict_keys(['country']) retrieved from /opt/airflow/dags/country.py
[2023-03-25T17:15:50.413+0000] {logging_mixin.py:137} INFO - [2023-03-25T17:15:50.413+0000] {dag.py:2693} INFO - Sync 1 DAGs
[2023-03-25T17:15:50.445+0000] {logging_mixin.py:137} INFO - [2023-03-25T17:15:50.445+0000] {dag.py:3444} INFO - Setting next_dagrun for country to 2023-03-25T17:15:00+00:00, run_after=2023-03-25T17:20:00+00:00
[2023-03-25T17:15:50.467+0000] {processor.py:175} INFO - Processing /opt/airflow/dags/country.py took 0.522 seconds
[2023-03-25T17:16:20.815+0000] {processor.py:153} INFO - Started process (PID=184) to work on /opt/airflow/dags/country.py
[2023-03-25T17:16:20.817+0000] {processor.py:743} INFO - Processing file /opt/airflow/dags/country.py for tasks to queue
[2023-03-25T17:16:20.819+0000] {logging_mixin.py:137} INFO - [2023-03-25T17:16:20.818+0000] {dagbag.py:532} INFO - Filling up the DagBag from /opt/airflow/dags/country.py
[2023-03-25T17:16:21.192+0000] {processor.py:753} INFO - DAG(s) dict_keys(['country']) retrieved from /opt/airflow/dags/country.py
[2023-03-25T17:16:21.281+0000] {logging_mixin.py:137} INFO - [2023-03-25T17:16:21.280+0000] {dag.py:2693} INFO - Sync 1 DAGs
[2023-03-25T17:16:21.318+0000] {logging_mixin.py:137} INFO - [2023-03-25T17:16:21.317+0000] {dag.py:3444} INFO - Setting next_dagrun for country to 2023-03-25T17:15:00+00:00, run_after=2023-03-25T17:20:00+00:00
[2023-03-25T17:16:21.350+0000] {processor.py:175} INFO - Processing /opt/airflow/dags/country.py took 0.540 seconds
[2023-03-25T17:16:51.510+0000] {processor.py:153} INFO - Started process (PID=195) to work on /opt/airflow/dags/country.py
[2023-03-25T17:16:51.511+0000] {processor.py:743} INFO - Processing file /opt/airflow/dags/country.py for tasks to queue
[2023-03-25T17:16:51.512+0000] {logging_mixin.py:137} INFO - [2023-03-25T17:16:51.511+0000] {dagbag.py:532} INFO - Filling up the DagBag from /opt/airflow/dags/country.py
[2023-03-25T17:16:51.893+0000] {processor.py:753} INFO - DAG(s) dict_keys(['country']) retrieved from /opt/airflow/dags/country.py
[2023-03-25T17:16:51.961+0000] {logging_mixin.py:137} INFO - [2023-03-25T17:16:51.961+0000] {dag.py:2693} INFO - Sync 1 DAGs
[2023-03-25T17:16:51.991+0000] {logging_mixin.py:137} INFO - [2023-03-25T17:16:51.990+0000] {dag.py:3444} INFO - Setting next_dagrun for country to 2023-03-25T17:15:00+00:00, run_after=2023-03-25T17:20:00+00:00
[2023-03-25T17:16:52.012+0000] {processor.py:175} INFO - Processing /opt/airflow/dags/country.py took 0.506 seconds
[2023-03-25T17:17:22.219+0000] {processor.py:153} INFO - Started process (PID=206) to work on /opt/airflow/dags/country.py
[2023-03-25T17:17:22.220+0000] {processor.py:743} INFO - Processing file /opt/airflow/dags/country.py for tasks to queue
[2023-03-25T17:17:22.221+0000] {logging_mixin.py:137} INFO - [2023-03-25T17:17:22.221+0000] {dagbag.py:532} INFO - Filling up the DagBag from /opt/airflow/dags/country.py
[2023-03-25T17:17:22.606+0000] {processor.py:753} INFO - DAG(s) dict_keys(['country']) retrieved from /opt/airflow/dags/country.py
[2023-03-25T17:17:22.681+0000] {logging_mixin.py:137} INFO - [2023-03-25T17:17:22.681+0000] {dag.py:2693} INFO - Sync 1 DAGs
[2023-03-25T17:17:22.710+0000] {logging_mixin.py:137} INFO - [2023-03-25T17:17:22.710+0000] {dag.py:3444} INFO - Setting next_dagrun for country to 2023-03-25T17:15:00+00:00, run_after=2023-03-25T17:20:00+00:00
[2023-03-25T17:17:22.742+0000] {processor.py:175} INFO - Processing /opt/airflow/dags/country.py took 0.527 seconds
[2023-03-25T17:17:52.935+0000] {processor.py:153} INFO - Started process (PID=216) to work on /opt/airflow/dags/country.py
[2023-03-25T17:17:52.935+0000] {processor.py:743} INFO - Processing file /opt/airflow/dags/country.py for tasks to queue
[2023-03-25T17:17:52.936+0000] {logging_mixin.py:137} INFO - [2023-03-25T17:17:52.936+0000] {dagbag.py:532} INFO - Filling up the DagBag from /opt/airflow/dags/country.py
[2023-03-25T17:17:53.299+0000] {processor.py:753} INFO - DAG(s) dict_keys(['country']) retrieved from /opt/airflow/dags/country.py
[2023-03-25T17:17:53.379+0000] {logging_mixin.py:137} INFO - [2023-03-25T17:17:53.379+0000] {dag.py:2693} INFO - Sync 1 DAGs
[2023-03-25T17:17:53.407+0000] {logging_mixin.py:137} INFO - [2023-03-25T17:17:53.407+0000] {dag.py:3444} INFO - Setting next_dagrun for country to 2023-03-25T17:15:00+00:00, run_after=2023-03-25T17:20:00+00:00
[2023-03-25T17:17:53.429+0000] {processor.py:175} INFO - Processing /opt/airflow/dags/country.py took 0.498 seconds
[2023-03-25T17:18:23.732+0000] {processor.py:153} INFO - Started process (PID=226) to work on /opt/airflow/dags/country.py
[2023-03-25T17:18:23.733+0000] {processor.py:743} INFO - Processing file /opt/airflow/dags/country.py for tasks to queue
[2023-03-25T17:18:23.733+0000] {logging_mixin.py:137} INFO - [2023-03-25T17:18:23.733+0000] {dagbag.py:532} INFO - Filling up the DagBag from /opt/airflow/dags/country.py
[2023-03-25T17:18:24.107+0000] {processor.py:753} INFO - DAG(s) dict_keys(['country']) retrieved from /opt/airflow/dags/country.py
[2023-03-25T17:18:24.185+0000] {logging_mixin.py:137} INFO - [2023-03-25T17:18:24.185+0000] {dag.py:2693} INFO - Sync 1 DAGs
[2023-03-25T17:18:24.214+0000] {logging_mixin.py:137} INFO - [2023-03-25T17:18:24.214+0000] {dag.py:3444} INFO - Setting next_dagrun for country to 2023-03-25T17:15:00+00:00, run_after=2023-03-25T17:20:00+00:00
[2023-03-25T17:18:24.236+0000] {processor.py:175} INFO - Processing /opt/airflow/dags/country.py took 0.508 seconds
[2023-03-25T17:18:54.782+0000] {processor.py:153} INFO - Started process (PID=237) to work on /opt/airflow/dags/country.py
[2023-03-25T17:18:54.783+0000] {processor.py:743} INFO - Processing file /opt/airflow/dags/country.py for tasks to queue
[2023-03-25T17:18:54.784+0000] {logging_mixin.py:137} INFO - [2023-03-25T17:18:54.784+0000] {dagbag.py:532} INFO - Filling up the DagBag from /opt/airflow/dags/country.py
[2023-03-25T17:18:55.200+0000] {processor.py:753} INFO - DAG(s) dict_keys(['country']) retrieved from /opt/airflow/dags/country.py
[2023-03-25T17:18:55.271+0000] {logging_mixin.py:137} INFO - [2023-03-25T17:18:55.270+0000] {dag.py:2693} INFO - Sync 1 DAGs
[2023-03-25T17:18:55.301+0000] {logging_mixin.py:137} INFO - [2023-03-25T17:18:55.301+0000] {dag.py:3444} INFO - Setting next_dagrun for country to 2023-03-25T17:15:00+00:00, run_after=2023-03-25T17:20:00+00:00
[2023-03-25T17:18:55.322+0000] {processor.py:175} INFO - Processing /opt/airflow/dags/country.py took 0.544 seconds
[2023-03-25T17:19:25.525+0000] {processor.py:153} INFO - Started process (PID=248) to work on /opt/airflow/dags/country.py
[2023-03-25T17:19:25.527+0000] {processor.py:743} INFO - Processing file /opt/airflow/dags/country.py for tasks to queue
[2023-03-25T17:19:25.527+0000] {logging_mixin.py:137} INFO - [2023-03-25T17:19:25.527+0000] {dagbag.py:532} INFO - Filling up the DagBag from /opt/airflow/dags/country.py
[2023-03-25T17:19:25.990+0000] {processor.py:753} INFO - DAG(s) dict_keys(['country']) retrieved from /opt/airflow/dags/country.py
[2023-03-25T17:19:26.097+0000] {logging_mixin.py:137} INFO - [2023-03-25T17:19:26.097+0000] {dag.py:2693} INFO - Sync 1 DAGs
[2023-03-25T17:19:26.126+0000] {logging_mixin.py:137} INFO - [2023-03-25T17:19:26.126+0000] {dag.py:3444} INFO - Setting next_dagrun for country to 2023-03-25T17:15:00+00:00, run_after=2023-03-25T17:20:00+00:00
[2023-03-25T17:19:26.153+0000] {processor.py:175} INFO - Processing /opt/airflow/dags/country.py took 0.632 seconds
[2023-03-25T17:19:56.366+0000] {processor.py:153} INFO - Started process (PID=258) to work on /opt/airflow/dags/country.py
[2023-03-25T17:19:56.367+0000] {processor.py:743} INFO - Processing file /opt/airflow/dags/country.py for tasks to queue
[2023-03-25T17:19:56.368+0000] {logging_mixin.py:137} INFO - [2023-03-25T17:19:56.368+0000] {dagbag.py:532} INFO - Filling up the DagBag from /opt/airflow/dags/country.py
[2023-03-25T17:19:56.850+0000] {processor.py:753} INFO - DAG(s) dict_keys(['country']) retrieved from /opt/airflow/dags/country.py
[2023-03-25T17:19:56.969+0000] {logging_mixin.py:137} INFO - [2023-03-25T17:19:56.968+0000] {dag.py:2693} INFO - Sync 1 DAGs
[2023-03-25T17:19:56.999+0000] {logging_mixin.py:137} INFO - [2023-03-25T17:19:56.999+0000] {dag.py:3444} INFO - Setting next_dagrun for country to 2023-03-25T17:15:00+00:00, run_after=2023-03-25T17:20:00+00:00
[2023-03-25T17:19:57.020+0000] {processor.py:175} INFO - Processing /opt/airflow/dags/country.py took 0.660 seconds
[2023-03-25T17:20:27.204+0000] {processor.py:153} INFO - Started process (PID=268) to work on /opt/airflow/dags/country.py
[2023-03-25T17:20:27.205+0000] {processor.py:743} INFO - Processing file /opt/airflow/dags/country.py for tasks to queue
[2023-03-25T17:20:27.207+0000] {logging_mixin.py:137} INFO - [2023-03-25T17:20:27.207+0000] {dagbag.py:532} INFO - Filling up the DagBag from /opt/airflow/dags/country.py
[2023-03-25T17:20:27.649+0000] {processor.py:753} INFO - DAG(s) dict_keys(['country']) retrieved from /opt/airflow/dags/country.py
[2023-03-25T17:20:27.741+0000] {logging_mixin.py:137} INFO - [2023-03-25T17:20:27.740+0000] {dag.py:2693} INFO - Sync 1 DAGs
[2023-03-25T17:20:27.805+0000] {logging_mixin.py:137} INFO - [2023-03-25T17:20:27.805+0000] {dag.py:3444} INFO - Setting next_dagrun for country to 2023-03-25T17:15:00+00:00, run_after=2023-03-25T17:20:00+00:00
[2023-03-25T17:20:27.838+0000] {processor.py:175} INFO - Processing /opt/airflow/dags/country.py took 0.639 seconds
[2023-03-25T17:20:58.037+0000] {processor.py:153} INFO - Started process (PID=286) to work on /opt/airflow/dags/country.py
[2023-03-25T17:20:58.038+0000] {processor.py:743} INFO - Processing file /opt/airflow/dags/country.py for tasks to queue
[2023-03-25T17:20:58.039+0000] {logging_mixin.py:137} INFO - [2023-03-25T17:20:58.038+0000] {dagbag.py:532} INFO - Filling up the DagBag from /opt/airflow/dags/country.py
[2023-03-25T17:20:58.448+0000] {processor.py:753} INFO - DAG(s) dict_keys(['country']) retrieved from /opt/airflow/dags/country.py
[2023-03-25T17:20:58.537+0000] {logging_mixin.py:137} INFO - [2023-03-25T17:20:58.537+0000] {dag.py:2693} INFO - Sync 1 DAGs
[2023-03-25T17:20:58.571+0000] {logging_mixin.py:137} INFO - [2023-03-25T17:20:58.571+0000] {dag.py:3444} INFO - Setting next_dagrun for country to 2023-03-25T17:15:00+00:00, run_after=2023-03-25T17:20:00+00:00
[2023-03-25T17:20:58.612+0000] {processor.py:175} INFO - Processing /opt/airflow/dags/country.py took 0.578 seconds
[2023-03-25T17:23:02.155+0000] {processor.py:153} INFO - Started process (PID=34) to work on /opt/airflow/dags/country.py
[2023-03-25T17:23:02.166+0000] {processor.py:743} INFO - Processing file /opt/airflow/dags/country.py for tasks to queue
[2023-03-25T17:23:02.167+0000] {logging_mixin.py:137} INFO - [2023-03-25T17:23:02.166+0000] {dagbag.py:532} INFO - Filling up the DagBag from /opt/airflow/dags/country.py
[2023-03-25T17:23:02.818+0000] {processor.py:753} INFO - DAG(s) dict_keys(['country']) retrieved from /opt/airflow/dags/country.py
[2023-03-25T17:23:03.017+0000] {logging_mixin.py:137} INFO - [2023-03-25T17:23:03.017+0000] {dag.py:2693} INFO - Sync 1 DAGs
[2023-03-25T17:23:03.067+0000] {logging_mixin.py:137} INFO - [2023-03-25T17:23:03.066+0000] {dag.py:3444} INFO - Setting next_dagrun for country to 2023-03-25T10:00:00+00:00, run_after=2023-03-26T10:00:00+00:00
[2023-03-25T17:23:03.145+0000] {processor.py:175} INFO - Processing /opt/airflow/dags/country.py took 1.004 seconds
[2023-03-25T17:23:33.395+0000] {processor.py:153} INFO - Started process (PID=45) to work on /opt/airflow/dags/country.py
[2023-03-25T17:23:33.408+0000] {processor.py:743} INFO - Processing file /opt/airflow/dags/country.py for tasks to queue
[2023-03-25T17:23:33.409+0000] {logging_mixin.py:137} INFO - [2023-03-25T17:23:33.409+0000] {dagbag.py:532} INFO - Filling up the DagBag from /opt/airflow/dags/country.py
[2023-03-25T17:23:33.864+0000] {processor.py:753} INFO - DAG(s) dict_keys(['country']) retrieved from /opt/airflow/dags/country.py
[2023-03-25T17:23:33.950+0000] {logging_mixin.py:137} INFO - [2023-03-25T17:23:33.950+0000] {dag.py:2693} INFO - Sync 1 DAGs
[2023-03-25T17:23:33.987+0000] {logging_mixin.py:137} INFO - [2023-03-25T17:23:33.987+0000] {dag.py:3444} INFO - Setting next_dagrun for country to 2023-03-25T10:00:00+00:00, run_after=2023-03-26T10:00:00+00:00
[2023-03-25T17:23:34.011+0000] {processor.py:175} INFO - Processing /opt/airflow/dags/country.py took 0.621 seconds
[2023-03-25T17:24:04.234+0000] {processor.py:153} INFO - Started process (PID=55) to work on /opt/airflow/dags/country.py
[2023-03-25T17:24:04.235+0000] {processor.py:743} INFO - Processing file /opt/airflow/dags/country.py for tasks to queue
[2023-03-25T17:24:04.235+0000] {logging_mixin.py:137} INFO - [2023-03-25T17:24:04.235+0000] {dagbag.py:532} INFO - Filling up the DagBag from /opt/airflow/dags/country.py
[2023-03-25T17:24:04.671+0000] {processor.py:753} INFO - DAG(s) dict_keys(['country']) retrieved from /opt/airflow/dags/country.py
[2023-03-25T17:24:04.762+0000] {logging_mixin.py:137} INFO - [2023-03-25T17:24:04.761+0000] {dag.py:2693} INFO - Sync 1 DAGs
[2023-03-25T17:24:04.811+0000] {logging_mixin.py:137} INFO - [2023-03-25T17:24:04.811+0000] {dag.py:3444} INFO - Setting next_dagrun for country to 2023-03-25T10:00:00+00:00, run_after=2023-03-26T10:00:00+00:00
[2023-03-25T17:24:04.841+0000] {processor.py:175} INFO - Processing /opt/airflow/dags/country.py took 0.612 seconds
[2023-03-25T17:55:44.040+0000] {processor.py:153} INFO - Started process (PID=33) to work on /opt/airflow/dags/country.py
[2023-03-25T17:55:44.053+0000] {processor.py:743} INFO - Processing file /opt/airflow/dags/country.py for tasks to queue
[2023-03-25T17:55:44.054+0000] {logging_mixin.py:137} INFO - [2023-03-25T17:55:44.054+0000] {dagbag.py:532} INFO - Filling up the DagBag from /opt/airflow/dags/country.py
[2023-03-25T17:55:44.697+0000] {processor.py:753} INFO - DAG(s) dict_keys(['country']) retrieved from /opt/airflow/dags/country.py
[2023-03-25T17:55:44.796+0000] {logging_mixin.py:137} INFO - [2023-03-25T17:55:44.795+0000] {dag.py:2693} INFO - Sync 1 DAGs
[2023-03-25T17:55:44.842+0000] {logging_mixin.py:137} INFO - [2023-03-25T17:55:44.842+0000] {dag.py:3444} INFO - Setting next_dagrun for country to 2023-03-25T07:00:00+00:00, run_after=2023-03-26T07:00:00+00:00
[2023-03-25T17:55:44.869+0000] {processor.py:175} INFO - Processing /opt/airflow/dags/country.py took 0.838 seconds
[2023-03-25T17:56:15.326+0000] {processor.py:153} INFO - Started process (PID=43) to work on /opt/airflow/dags/country.py
[2023-03-25T17:56:15.327+0000] {processor.py:743} INFO - Processing file /opt/airflow/dags/country.py for tasks to queue
[2023-03-25T17:56:15.328+0000] {logging_mixin.py:137} INFO - [2023-03-25T17:56:15.328+0000] {dagbag.py:532} INFO - Filling up the DagBag from /opt/airflow/dags/country.py
[2023-03-25T17:56:15.758+0000] {processor.py:753} INFO - DAG(s) dict_keys(['country']) retrieved from /opt/airflow/dags/country.py
[2023-03-25T17:56:15.825+0000] {logging_mixin.py:137} INFO - [2023-03-25T17:56:15.825+0000] {dag.py:2693} INFO - Sync 1 DAGs
[2023-03-25T17:56:15.854+0000] {logging_mixin.py:137} INFO - [2023-03-25T17:56:15.854+0000] {dag.py:3444} INFO - Setting next_dagrun for country to 2023-03-25T07:00:00+00:00, run_after=2023-03-26T07:00:00+00:00
[2023-03-25T17:56:15.879+0000] {processor.py:175} INFO - Processing /opt/airflow/dags/country.py took 0.556 seconds
[2023-03-25T17:56:46.063+0000] {processor.py:153} INFO - Started process (PID=53) to work on /opt/airflow/dags/country.py
[2023-03-25T17:56:46.064+0000] {processor.py:743} INFO - Processing file /opt/airflow/dags/country.py for tasks to queue
[2023-03-25T17:56:46.065+0000] {logging_mixin.py:137} INFO - [2023-03-25T17:56:46.065+0000] {dagbag.py:532} INFO - Filling up the DagBag from /opt/airflow/dags/country.py
[2023-03-25T17:56:46.498+0000] {processor.py:753} INFO - DAG(s) dict_keys(['country']) retrieved from /opt/airflow/dags/country.py
[2023-03-25T17:56:46.572+0000] {logging_mixin.py:137} INFO - [2023-03-25T17:56:46.571+0000] {dag.py:2693} INFO - Sync 1 DAGs
[2023-03-25T17:56:46.601+0000] {logging_mixin.py:137} INFO - [2023-03-25T17:56:46.601+0000] {dag.py:3444} INFO - Setting next_dagrun for country to 2023-03-25T07:00:00+00:00, run_after=2023-03-26T07:00:00+00:00
[2023-03-25T17:56:46.625+0000] {processor.py:175} INFO - Processing /opt/airflow/dags/country.py took 0.566 seconds
[2023-03-25T17:57:16.787+0000] {processor.py:153} INFO - Started process (PID=63) to work on /opt/airflow/dags/country.py
[2023-03-25T17:57:16.805+0000] {processor.py:743} INFO - Processing file /opt/airflow/dags/country.py for tasks to queue
[2023-03-25T17:57:16.806+0000] {logging_mixin.py:137} INFO - [2023-03-25T17:57:16.806+0000] {dagbag.py:532} INFO - Filling up the DagBag from /opt/airflow/dags/country.py
[2023-03-25T17:57:17.216+0000] {processor.py:753} INFO - DAG(s) dict_keys(['country']) retrieved from /opt/airflow/dags/country.py
[2023-03-25T17:57:17.287+0000] {logging_mixin.py:137} INFO - [2023-03-25T17:57:17.287+0000] {dag.py:2693} INFO - Sync 1 DAGs
[2023-03-25T17:57:17.318+0000] {logging_mixin.py:137} INFO - [2023-03-25T17:57:17.318+0000] {dag.py:3444} INFO - Setting next_dagrun for country to 2023-03-25T07:00:00+00:00, run_after=2023-03-26T07:00:00+00:00
[2023-03-25T17:57:17.342+0000] {processor.py:175} INFO - Processing /opt/airflow/dags/country.py took 0.559 seconds
[2023-03-25T17:57:47.544+0000] {processor.py:153} INFO - Started process (PID=73) to work on /opt/airflow/dags/country.py
[2023-03-25T17:57:47.545+0000] {processor.py:743} INFO - Processing file /opt/airflow/dags/country.py for tasks to queue
[2023-03-25T17:57:47.546+0000] {logging_mixin.py:137} INFO - [2023-03-25T17:57:47.545+0000] {dagbag.py:532} INFO - Filling up the DagBag from /opt/airflow/dags/country.py
[2023-03-25T17:57:48.025+0000] {processor.py:753} INFO - DAG(s) dict_keys(['country']) retrieved from /opt/airflow/dags/country.py
[2023-03-25T17:57:48.110+0000] {logging_mixin.py:137} INFO - [2023-03-25T17:57:48.110+0000] {dag.py:2693} INFO - Sync 1 DAGs
[2023-03-25T17:57:48.140+0000] {logging_mixin.py:137} INFO - [2023-03-25T17:57:48.140+0000] {dag.py:3444} INFO - Setting next_dagrun for country to 2023-03-25T07:00:00+00:00, run_after=2023-03-26T07:00:00+00:00
[2023-03-25T17:57:48.162+0000] {processor.py:175} INFO - Processing /opt/airflow/dags/country.py took 0.623 seconds
[2023-03-25T17:58:18.345+0000] {processor.py:153} INFO - Started process (PID=83) to work on /opt/airflow/dags/country.py
[2023-03-25T17:58:18.347+0000] {processor.py:743} INFO - Processing file /opt/airflow/dags/country.py for tasks to queue
[2023-03-25T17:58:18.349+0000] {logging_mixin.py:137} INFO - [2023-03-25T17:58:18.348+0000] {dagbag.py:532} INFO - Filling up the DagBag from /opt/airflow/dags/country.py
[2023-03-25T17:58:18.799+0000] {processor.py:753} INFO - DAG(s) dict_keys(['country']) retrieved from /opt/airflow/dags/country.py
[2023-03-25T17:58:18.928+0000] {logging_mixin.py:137} INFO - [2023-03-25T17:58:18.928+0000] {dag.py:2693} INFO - Sync 1 DAGs
[2023-03-25T17:58:18.979+0000] {logging_mixin.py:137} INFO - [2023-03-25T17:58:18.978+0000] {dag.py:3444} INFO - Setting next_dagrun for country to 2023-03-25T07:00:00+00:00, run_after=2023-03-26T07:00:00+00:00
[2023-03-25T17:58:19.027+0000] {processor.py:175} INFO - Processing /opt/airflow/dags/country.py took 0.687 seconds
[2023-03-25T17:58:49.201+0000] {processor.py:153} INFO - Started process (PID=93) to work on /opt/airflow/dags/country.py
[2023-03-25T17:58:49.202+0000] {processor.py:743} INFO - Processing file /opt/airflow/dags/country.py for tasks to queue
[2023-03-25T17:58:49.203+0000] {logging_mixin.py:137} INFO - [2023-03-25T17:58:49.202+0000] {dagbag.py:532} INFO - Filling up the DagBag from /opt/airflow/dags/country.py
[2023-03-25T17:58:49.598+0000] {processor.py:753} INFO - DAG(s) dict_keys(['country']) retrieved from /opt/airflow/dags/country.py
[2023-03-25T17:58:49.686+0000] {logging_mixin.py:137} INFO - [2023-03-25T17:58:49.685+0000] {dag.py:2693} INFO - Sync 1 DAGs
[2023-03-25T17:58:49.713+0000] {logging_mixin.py:137} INFO - [2023-03-25T17:58:49.713+0000] {dag.py:3444} INFO - Setting next_dagrun for country to 2023-03-25T07:00:00+00:00, run_after=2023-03-26T07:00:00+00:00
[2023-03-25T17:58:49.735+0000] {processor.py:175} INFO - Processing /opt/airflow/dags/country.py took 0.538 seconds
[2023-03-25T17:59:19.923+0000] {processor.py:153} INFO - Started process (PID=103) to work on /opt/airflow/dags/country.py
[2023-03-25T17:59:19.927+0000] {processor.py:743} INFO - Processing file /opt/airflow/dags/country.py for tasks to queue
[2023-03-25T17:59:19.928+0000] {logging_mixin.py:137} INFO - [2023-03-25T17:59:19.928+0000] {dagbag.py:532} INFO - Filling up the DagBag from /opt/airflow/dags/country.py
[2023-03-25T17:59:20.366+0000] {processor.py:753} INFO - DAG(s) dict_keys(['country']) retrieved from /opt/airflow/dags/country.py
[2023-03-25T17:59:20.480+0000] {logging_mixin.py:137} INFO - [2023-03-25T17:59:20.479+0000] {dag.py:2693} INFO - Sync 1 DAGs
[2023-03-25T17:59:20.524+0000] {logging_mixin.py:137} INFO - [2023-03-25T17:59:20.523+0000] {dag.py:3444} INFO - Setting next_dagrun for country to 2023-03-25T07:00:00+00:00, run_after=2023-03-26T07:00:00+00:00
[2023-03-25T17:59:20.559+0000] {processor.py:175} INFO - Processing /opt/airflow/dags/country.py took 0.640 seconds
[2023-03-25T17:59:50.732+0000] {processor.py:153} INFO - Started process (PID=113) to work on /opt/airflow/dags/country.py
[2023-03-25T17:59:50.733+0000] {processor.py:743} INFO - Processing file /opt/airflow/dags/country.py for tasks to queue
[2023-03-25T17:59:50.734+0000] {logging_mixin.py:137} INFO - [2023-03-25T17:59:50.734+0000] {dagbag.py:532} INFO - Filling up the DagBag from /opt/airflow/dags/country.py
[2023-03-25T17:59:51.151+0000] {processor.py:753} INFO - DAG(s) dict_keys(['country']) retrieved from /opt/airflow/dags/country.py
[2023-03-25T17:59:51.241+0000] {logging_mixin.py:137} INFO - [2023-03-25T17:59:51.241+0000] {dag.py:2693} INFO - Sync 1 DAGs
[2023-03-25T17:59:51.271+0000] {logging_mixin.py:137} INFO - [2023-03-25T17:59:51.271+0000] {dag.py:3444} INFO - Setting next_dagrun for country to 2023-03-25T07:00:00+00:00, run_after=2023-03-26T07:00:00+00:00
[2023-03-25T17:59:51.296+0000] {processor.py:175} INFO - Processing /opt/airflow/dags/country.py took 0.568 seconds
[2023-03-25T18:00:21.494+0000] {processor.py:153} INFO - Started process (PID=124) to work on /opt/airflow/dags/country.py
[2023-03-25T18:00:21.496+0000] {processor.py:743} INFO - Processing file /opt/airflow/dags/country.py for tasks to queue
[2023-03-25T18:00:21.496+0000] {logging_mixin.py:137} INFO - [2023-03-25T18:00:21.496+0000] {dagbag.py:532} INFO - Filling up the DagBag from /opt/airflow/dags/country.py
[2023-03-25T18:00:21.947+0000] {processor.py:753} INFO - DAG(s) dict_keys(['country']) retrieved from /opt/airflow/dags/country.py
[2023-03-25T18:00:22.017+0000] {logging_mixin.py:137} INFO - [2023-03-25T18:00:22.016+0000] {dag.py:2693} INFO - Sync 1 DAGs
[2023-03-25T18:00:22.059+0000] {logging_mixin.py:137} INFO - [2023-03-25T18:00:22.059+0000] {dag.py:3444} INFO - Setting next_dagrun for country to 2023-03-25T07:00:00+00:00, run_after=2023-03-26T07:00:00+00:00
[2023-03-25T18:00:22.081+0000] {processor.py:175} INFO - Processing /opt/airflow/dags/country.py took 0.590 seconds
[2023-03-25T18:00:52.285+0000] {processor.py:153} INFO - Started process (PID=134) to work on /opt/airflow/dags/country.py
[2023-03-25T18:00:52.287+0000] {processor.py:743} INFO - Processing file /opt/airflow/dags/country.py for tasks to queue
[2023-03-25T18:00:52.288+0000] {logging_mixin.py:137} INFO - [2023-03-25T18:00:52.287+0000] {dagbag.py:532} INFO - Filling up the DagBag from /opt/airflow/dags/country.py
[2023-03-25T18:00:52.736+0000] {processor.py:753} INFO - DAG(s) dict_keys(['country']) retrieved from /opt/airflow/dags/country.py
[2023-03-25T18:00:52.815+0000] {logging_mixin.py:137} INFO - [2023-03-25T18:00:52.815+0000] {dag.py:2693} INFO - Sync 1 DAGs
[2023-03-25T18:00:52.852+0000] {logging_mixin.py:137} INFO - [2023-03-25T18:00:52.852+0000] {dag.py:3444} INFO - Setting next_dagrun for country to 2023-03-25T07:00:00+00:00, run_after=2023-03-26T07:00:00+00:00
[2023-03-25T18:00:52.888+0000] {processor.py:175} INFO - Processing /opt/airflow/dags/country.py took 0.610 seconds
[2023-03-25T18:04:38.497+0000] {processor.py:153} INFO - Started process (PID=33) to work on /opt/airflow/dags/country.py
[2023-03-25T18:04:38.513+0000] {processor.py:743} INFO - Processing file /opt/airflow/dags/country.py for tasks to queue
[2023-03-25T18:04:38.514+0000] {logging_mixin.py:137} INFO - [2023-03-25T18:04:38.514+0000] {dagbag.py:532} INFO - Filling up the DagBag from /opt/airflow/dags/country.py
[2023-03-25T18:04:39.163+0000] {processor.py:753} INFO - DAG(s) dict_keys(['country']) retrieved from /opt/airflow/dags/country.py
[2023-03-25T18:04:39.360+0000] {logging_mixin.py:137} INFO - [2023-03-25T18:04:39.360+0000] {dag.py:2693} INFO - Sync 1 DAGs
[2023-03-25T18:04:39.419+0000] {logging_mixin.py:137} INFO - [2023-03-25T18:04:39.415+0000] {dag.py:3444} INFO - Setting next_dagrun for country to 2023-03-25T07:00:00+00:00, run_after=2023-03-26T07:00:00+00:00
[2023-03-25T18:04:39.471+0000] {processor.py:175} INFO - Processing /opt/airflow/dags/country.py took 0.984 seconds
[2023-03-25T18:05:10.012+0000] {processor.py:153} INFO - Started process (PID=44) to work on /opt/airflow/dags/country.py
[2023-03-25T18:05:10.030+0000] {processor.py:743} INFO - Processing file /opt/airflow/dags/country.py for tasks to queue
[2023-03-25T18:05:10.031+0000] {logging_mixin.py:137} INFO - [2023-03-25T18:05:10.031+0000] {dagbag.py:532} INFO - Filling up the DagBag from /opt/airflow/dags/country.py
[2023-03-25T18:05:10.440+0000] {processor.py:753} INFO - DAG(s) dict_keys(['country']) retrieved from /opt/airflow/dags/country.py
[2023-03-25T18:05:10.515+0000] {logging_mixin.py:137} INFO - [2023-03-25T18:05:10.515+0000] {dag.py:2693} INFO - Sync 1 DAGs
[2023-03-25T18:05:10.559+0000] {logging_mixin.py:137} INFO - [2023-03-25T18:05:10.559+0000] {dag.py:3444} INFO - Setting next_dagrun for country to 2023-03-25T07:00:00+00:00, run_after=2023-03-26T07:00:00+00:00
[2023-03-25T18:05:10.596+0000] {processor.py:175} INFO - Processing /opt/airflow/dags/country.py took 0.587 seconds
[2023-03-25T18:05:40.799+0000] {processor.py:153} INFO - Started process (PID=55) to work on /opt/airflow/dags/country.py
[2023-03-25T18:05:40.800+0000] {processor.py:743} INFO - Processing file /opt/airflow/dags/country.py for tasks to queue
[2023-03-25T18:05:40.801+0000] {logging_mixin.py:137} INFO - [2023-03-25T18:05:40.800+0000] {dagbag.py:532} INFO - Filling up the DagBag from /opt/airflow/dags/country.py
[2023-03-25T18:05:41.270+0000] {processor.py:753} INFO - DAG(s) dict_keys(['country']) retrieved from /opt/airflow/dags/country.py
[2023-03-25T18:05:41.357+0000] {logging_mixin.py:137} INFO - [2023-03-25T18:05:41.357+0000] {dag.py:2693} INFO - Sync 1 DAGs
[2023-03-25T18:05:41.397+0000] {logging_mixin.py:137} INFO - [2023-03-25T18:05:41.396+0000] {dag.py:3444} INFO - Setting next_dagrun for country to 2023-03-25T07:00:00+00:00, run_after=2023-03-26T07:00:00+00:00
[2023-03-25T18:05:41.430+0000] {processor.py:175} INFO - Processing /opt/airflow/dags/country.py took 0.636 seconds
[2023-03-25T18:06:11.611+0000] {processor.py:153} INFO - Started process (PID=66) to work on /opt/airflow/dags/country.py
[2023-03-25T18:06:11.624+0000] {processor.py:743} INFO - Processing file /opt/airflow/dags/country.py for tasks to queue
[2023-03-25T18:06:11.625+0000] {logging_mixin.py:137} INFO - [2023-03-25T18:06:11.625+0000] {dagbag.py:532} INFO - Filling up the DagBag from /opt/airflow/dags/country.py
[2023-03-25T18:06:12.072+0000] {processor.py:753} INFO - DAG(s) dict_keys(['country']) retrieved from /opt/airflow/dags/country.py
[2023-03-25T18:06:12.140+0000] {logging_mixin.py:137} INFO - [2023-03-25T18:06:12.139+0000] {dag.py:2693} INFO - Sync 1 DAGs
[2023-03-25T18:06:12.168+0000] {logging_mixin.py:137} INFO - [2023-03-25T18:06:12.168+0000] {dag.py:3444} INFO - Setting next_dagrun for country to 2023-03-25T07:00:00+00:00, run_after=2023-03-26T07:00:00+00:00
[2023-03-25T18:06:12.190+0000] {processor.py:175} INFO - Processing /opt/airflow/dags/country.py took 0.584 seconds
[2023-03-25T18:59:14.740+0000] {processor.py:153} INFO - Started process (PID=34) to work on /opt/airflow/dags/country.py
[2023-03-25T18:59:14.752+0000] {processor.py:743} INFO - Processing file /opt/airflow/dags/country.py for tasks to queue
[2023-03-25T18:59:14.753+0000] {logging_mixin.py:137} INFO - [2023-03-25T18:59:14.753+0000] {dagbag.py:532} INFO - Filling up the DagBag from /opt/airflow/dags/country.py
[2023-03-25T18:59:15.466+0000] {processor.py:753} INFO - DAG(s) dict_keys(['country']) retrieved from /opt/airflow/dags/country.py
[2023-03-25T18:59:15.702+0000] {logging_mixin.py:137} INFO - [2023-03-25T18:59:15.702+0000] {dag.py:2693} INFO - Sync 1 DAGs
[2023-03-25T18:59:15.780+0000] {logging_mixin.py:137} INFO - [2023-03-25T18:59:15.769+0000] {dag.py:3444} INFO - Setting next_dagrun for country to 2023-03-25T07:00:00+00:00, run_after=2023-03-26T07:00:00+00:00
[2023-03-25T18:59:15.854+0000] {processor.py:175} INFO - Processing /opt/airflow/dags/country.py took 1.121 seconds
[2023-03-25T18:59:46.125+0000] {processor.py:153} INFO - Started process (PID=44) to work on /opt/airflow/dags/country.py
[2023-03-25T18:59:46.126+0000] {processor.py:743} INFO - Processing file /opt/airflow/dags/country.py for tasks to queue
[2023-03-25T18:59:46.127+0000] {logging_mixin.py:137} INFO - [2023-03-25T18:59:46.127+0000] {dagbag.py:532} INFO - Filling up the DagBag from /opt/airflow/dags/country.py
[2023-03-25T18:59:46.537+0000] {processor.py:753} INFO - DAG(s) dict_keys(['country']) retrieved from /opt/airflow/dags/country.py
[2023-03-25T18:59:46.637+0000] {logging_mixin.py:137} INFO - [2023-03-25T18:59:46.637+0000] {dag.py:2693} INFO - Sync 1 DAGs
[2023-03-25T18:59:46.675+0000] {logging_mixin.py:137} INFO - [2023-03-25T18:59:46.674+0000] {dag.py:3444} INFO - Setting next_dagrun for country to 2023-03-25T07:00:00+00:00, run_after=2023-03-26T07:00:00+00:00
[2023-03-25T18:59:46.702+0000] {processor.py:175} INFO - Processing /opt/airflow/dags/country.py took 0.581 seconds
[2023-03-25T19:00:16.932+0000] {processor.py:153} INFO - Started process (PID=55) to work on /opt/airflow/dags/country.py
[2023-03-25T19:00:16.960+0000] {processor.py:743} INFO - Processing file /opt/airflow/dags/country.py for tasks to queue
[2023-03-25T19:00:16.961+0000] {logging_mixin.py:137} INFO - [2023-03-25T19:00:16.961+0000] {dagbag.py:532} INFO - Filling up the DagBag from /opt/airflow/dags/country.py
[2023-03-25T19:00:17.396+0000] {processor.py:753} INFO - DAG(s) dict_keys(['country']) retrieved from /opt/airflow/dags/country.py
[2023-03-25T19:00:17.484+0000] {logging_mixin.py:137} INFO - [2023-03-25T19:00:17.484+0000] {dag.py:2693} INFO - Sync 1 DAGs
[2023-03-25T19:00:17.518+0000] {logging_mixin.py:137} INFO - [2023-03-25T19:00:17.518+0000] {dag.py:3444} INFO - Setting next_dagrun for country to 2023-03-25T07:00:00+00:00, run_after=2023-03-26T07:00:00+00:00
[2023-03-25T19:00:17.539+0000] {processor.py:175} INFO - Processing /opt/airflow/dags/country.py took 0.612 seconds
[2023-03-25T19:00:47.792+0000] {processor.py:153} INFO - Started process (PID=65) to work on /opt/airflow/dags/country.py
[2023-03-25T19:00:47.793+0000] {processor.py:743} INFO - Processing file /opt/airflow/dags/country.py for tasks to queue
[2023-03-25T19:00:47.794+0000] {logging_mixin.py:137} INFO - [2023-03-25T19:00:47.794+0000] {dagbag.py:532} INFO - Filling up the DagBag from /opt/airflow/dags/country.py
[2023-03-25T19:00:48.253+0000] {processor.py:753} INFO - DAG(s) dict_keys(['country']) retrieved from /opt/airflow/dags/country.py
[2023-03-25T19:00:48.332+0000] {logging_mixin.py:137} INFO - [2023-03-25T19:00:48.332+0000] {dag.py:2693} INFO - Sync 1 DAGs
[2023-03-25T19:00:48.362+0000] {logging_mixin.py:137} INFO - [2023-03-25T19:00:48.361+0000] {dag.py:3444} INFO - Setting next_dagrun for country to 2023-03-25T07:00:00+00:00, run_after=2023-03-26T07:00:00+00:00
[2023-03-25T19:00:48.394+0000] {processor.py:175} INFO - Processing /opt/airflow/dags/country.py took 0.607 seconds
[2023-03-25T19:01:18.645+0000] {processor.py:153} INFO - Started process (PID=79) to work on /opt/airflow/dags/country.py
[2023-03-25T19:01:18.665+0000] {processor.py:743} INFO - Processing file /opt/airflow/dags/country.py for tasks to queue
[2023-03-25T19:01:18.667+0000] {logging_mixin.py:137} INFO - [2023-03-25T19:01:18.666+0000] {dagbag.py:532} INFO - Filling up the DagBag from /opt/airflow/dags/country.py
[2023-03-25T19:01:19.156+0000] {processor.py:753} INFO - DAG(s) dict_keys(['country']) retrieved from /opt/airflow/dags/country.py
[2023-03-25T19:01:19.253+0000] {logging_mixin.py:137} INFO - [2023-03-25T19:01:19.253+0000] {dag.py:2693} INFO - Sync 1 DAGs
[2023-03-25T19:01:19.287+0000] {logging_mixin.py:137} INFO - [2023-03-25T19:01:19.287+0000] {dag.py:3444} INFO - Setting next_dagrun for country to 2023-03-25T07:00:00+00:00, run_after=2023-03-26T07:00:00+00:00
[2023-03-25T19:01:19.320+0000] {processor.py:175} INFO - Processing /opt/airflow/dags/country.py took 0.682 seconds
[2023-03-25T19:01:49.537+0000] {processor.py:153} INFO - Started process (PID=97) to work on /opt/airflow/dags/country.py
[2023-03-25T19:01:49.538+0000] {processor.py:743} INFO - Processing file /opt/airflow/dags/country.py for tasks to queue
[2023-03-25T19:01:49.538+0000] {logging_mixin.py:137} INFO - [2023-03-25T19:01:49.538+0000] {dagbag.py:532} INFO - Filling up the DagBag from /opt/airflow/dags/country.py
[2023-03-25T19:01:49.990+0000] {processor.py:753} INFO - DAG(s) dict_keys(['country']) retrieved from /opt/airflow/dags/country.py
[2023-03-25T19:01:50.069+0000] {logging_mixin.py:137} INFO - [2023-03-25T19:01:50.069+0000] {dag.py:2693} INFO - Sync 1 DAGs
[2023-03-25T19:01:50.099+0000] {logging_mixin.py:137} INFO - [2023-03-25T19:01:50.099+0000] {dag.py:3444} INFO - Setting next_dagrun for country to 2023-03-25T07:00:00+00:00, run_after=2023-03-26T07:00:00+00:00
[2023-03-25T19:01:50.124+0000] {processor.py:175} INFO - Processing /opt/airflow/dags/country.py took 0.590 seconds
[2023-03-25T19:02:20.313+0000] {processor.py:153} INFO - Started process (PID=107) to work on /opt/airflow/dags/country.py
[2023-03-25T19:02:20.314+0000] {processor.py:743} INFO - Processing file /opt/airflow/dags/country.py for tasks to queue
[2023-03-25T19:02:20.315+0000] {logging_mixin.py:137} INFO - [2023-03-25T19:02:20.315+0000] {dagbag.py:532} INFO - Filling up the DagBag from /opt/airflow/dags/country.py
[2023-03-25T19:02:20.694+0000] {processor.py:753} INFO - DAG(s) dict_keys(['country']) retrieved from /opt/airflow/dags/country.py
[2023-03-25T19:02:20.781+0000] {logging_mixin.py:137} INFO - [2023-03-25T19:02:20.781+0000] {dag.py:2693} INFO - Sync 1 DAGs
[2023-03-25T19:02:20.816+0000] {logging_mixin.py:137} INFO - [2023-03-25T19:02:20.816+0000] {dag.py:3444} INFO - Setting next_dagrun for country to 2023-03-25T07:00:00+00:00, run_after=2023-03-26T07:00:00+00:00
[2023-03-25T19:02:20.854+0000] {processor.py:175} INFO - Processing /opt/airflow/dags/country.py took 0.545 seconds
[2023-03-25T19:02:51.234+0000] {processor.py:153} INFO - Started process (PID=117) to work on /opt/airflow/dags/country.py
[2023-03-25T19:02:51.235+0000] {processor.py:743} INFO - Processing file /opt/airflow/dags/country.py for tasks to queue
[2023-03-25T19:02:51.236+0000] {logging_mixin.py:137} INFO - [2023-03-25T19:02:51.235+0000] {dagbag.py:532} INFO - Filling up the DagBag from /opt/airflow/dags/country.py
[2023-03-25T19:02:51.650+0000] {processor.py:753} INFO - DAG(s) dict_keys(['country']) retrieved from /opt/airflow/dags/country.py
[2023-03-25T19:02:51.726+0000] {logging_mixin.py:137} INFO - [2023-03-25T19:02:51.726+0000] {dag.py:2693} INFO - Sync 1 DAGs
[2023-03-25T19:02:51.756+0000] {logging_mixin.py:137} INFO - [2023-03-25T19:02:51.755+0000] {dag.py:3444} INFO - Setting next_dagrun for country to 2023-03-25T07:00:00+00:00, run_after=2023-03-26T07:00:00+00:00
[2023-03-25T19:02:51.780+0000] {processor.py:175} INFO - Processing /opt/airflow/dags/country.py took 0.551 seconds
[2023-03-25T19:03:22.056+0000] {processor.py:153} INFO - Started process (PID=127) to work on /opt/airflow/dags/country.py
[2023-03-25T19:03:22.056+0000] {processor.py:743} INFO - Processing file /opt/airflow/dags/country.py for tasks to queue
[2023-03-25T19:03:22.057+0000] {logging_mixin.py:137} INFO - [2023-03-25T19:03:22.057+0000] {dagbag.py:532} INFO - Filling up the DagBag from /opt/airflow/dags/country.py
[2023-03-25T19:03:22.549+0000] {processor.py:753} INFO - DAG(s) dict_keys(['country']) retrieved from /opt/airflow/dags/country.py
[2023-03-25T19:03:22.648+0000] {logging_mixin.py:137} INFO - [2023-03-25T19:03:22.648+0000] {dag.py:2693} INFO - Sync 1 DAGs
[2023-03-25T19:03:22.688+0000] {logging_mixin.py:137} INFO - [2023-03-25T19:03:22.688+0000] {dag.py:3444} INFO - Setting next_dagrun for country to 2023-03-25T07:00:00+00:00, run_after=2023-03-26T07:00:00+00:00
[2023-03-25T19:03:22.712+0000] {processor.py:175} INFO - Processing /opt/airflow/dags/country.py took 0.661 seconds
[2023-03-25T19:03:52.899+0000] {processor.py:153} INFO - Started process (PID=138) to work on /opt/airflow/dags/country.py
[2023-03-25T19:03:52.900+0000] {processor.py:743} INFO - Processing file /opt/airflow/dags/country.py for tasks to queue
[2023-03-25T19:03:52.901+0000] {logging_mixin.py:137} INFO - [2023-03-25T19:03:52.901+0000] {dagbag.py:532} INFO - Filling up the DagBag from /opt/airflow/dags/country.py
[2023-03-25T19:03:53.349+0000] {processor.py:753} INFO - DAG(s) dict_keys(['country']) retrieved from /opt/airflow/dags/country.py
[2023-03-25T19:03:53.446+0000] {logging_mixin.py:137} INFO - [2023-03-25T19:03:53.446+0000] {dag.py:2693} INFO - Sync 1 DAGs
[2023-03-25T19:03:53.476+0000] {logging_mixin.py:137} INFO - [2023-03-25T19:03:53.475+0000] {dag.py:3444} INFO - Setting next_dagrun for country to 2023-03-25T07:00:00+00:00, run_after=2023-03-26T07:00:00+00:00
[2023-03-25T19:03:53.526+0000] {processor.py:175} INFO - Processing /opt/airflow/dags/country.py took 0.635 seconds
