[2023-03-25T17:11:12.493+0000] {processor.py:153} INFO - Started process (PID=34) to work on /opt/airflow/dags/currency.py
[2023-03-25T17:11:12.498+0000] {processor.py:743} INFO - Processing file /opt/airflow/dags/currency.py for tasks to queue
[2023-03-25T17:11:12.499+0000] {logging_mixin.py:137} INFO - [2023-03-25T17:11:12.499+0000] {dagbag.py:532} INFO - Filling up the DagBag from /opt/airflow/dags/currency.py
[2023-03-25T17:11:13.128+0000] {processor.py:753} INFO - DAG(s) dict_keys(['currency']) retrieved from /opt/airflow/dags/currency.py
[2023-03-25T17:11:13.269+0000] {logging_mixin.py:137} INFO - [2023-03-25T17:11:13.269+0000] {dag.py:2693} INFO - Sync 1 DAGs
[2023-03-25T17:11:13.319+0000] {logging_mixin.py:137} INFO - [2023-03-25T17:11:13.319+0000] {dag.py:3444} INFO - Setting next_dagrun for currency to 2023-03-25T17:05:00+00:00, run_after=2023-03-25T17:10:00+00:00
[2023-03-25T17:11:13.367+0000] {processor.py:175} INFO - Processing /opt/airflow/dags/currency.py took 0.877 seconds
[2023-03-25T17:11:43.540+0000] {processor.py:153} INFO - Started process (PID=44) to work on /opt/airflow/dags/currency.py
[2023-03-25T17:11:43.557+0000] {processor.py:743} INFO - Processing file /opt/airflow/dags/currency.py for tasks to queue
[2023-03-25T17:11:43.559+0000] {logging_mixin.py:137} INFO - [2023-03-25T17:11:43.558+0000] {dagbag.py:532} INFO - Filling up the DagBag from /opt/airflow/dags/currency.py
[2023-03-25T17:11:43.995+0000] {processor.py:753} INFO - DAG(s) dict_keys(['currency']) retrieved from /opt/airflow/dags/currency.py
[2023-03-25T17:11:44.103+0000] {logging_mixin.py:137} INFO - [2023-03-25T17:11:44.103+0000] {dag.py:2693} INFO - Sync 1 DAGs
[2023-03-25T17:11:44.155+0000] {logging_mixin.py:137} INFO - [2023-03-25T17:11:44.155+0000] {dag.py:3444} INFO - Setting next_dagrun for currency to 2023-03-25T17:05:00+00:00, run_after=2023-03-25T17:10:00+00:00
[2023-03-25T17:11:44.201+0000] {processor.py:175} INFO - Processing /opt/airflow/dags/currency.py took 0.665 seconds
[2023-03-25T17:12:14.417+0000] {processor.py:153} INFO - Started process (PID=74) to work on /opt/airflow/dags/currency.py
[2023-03-25T17:12:14.423+0000] {processor.py:743} INFO - Processing file /opt/airflow/dags/currency.py for tasks to queue
[2023-03-25T17:12:14.424+0000] {logging_mixin.py:137} INFO - [2023-03-25T17:12:14.424+0000] {dagbag.py:532} INFO - Filling up the DagBag from /opt/airflow/dags/currency.py
[2023-03-25T17:12:14.884+0000] {processor.py:753} INFO - DAG(s) dict_keys(['currency']) retrieved from /opt/airflow/dags/currency.py
[2023-03-25T17:12:14.949+0000] {logging_mixin.py:137} INFO - [2023-03-25T17:12:14.949+0000] {dag.py:2693} INFO - Sync 1 DAGs
[2023-03-25T17:12:14.978+0000] {logging_mixin.py:137} INFO - [2023-03-25T17:12:14.978+0000] {dag.py:3444} INFO - Setting next_dagrun for currency to 2023-03-25T17:10:00+00:00, run_after=2023-03-25T17:15:00+00:00
[2023-03-25T17:12:14.998+0000] {processor.py:175} INFO - Processing /opt/airflow/dags/currency.py took 0.586 seconds
[2023-03-25T17:12:45.213+0000] {processor.py:153} INFO - Started process (PID=85) to work on /opt/airflow/dags/currency.py
[2023-03-25T17:12:45.214+0000] {processor.py:743} INFO - Processing file /opt/airflow/dags/currency.py for tasks to queue
[2023-03-25T17:12:45.214+0000] {logging_mixin.py:137} INFO - [2023-03-25T17:12:45.214+0000] {dagbag.py:532} INFO - Filling up the DagBag from /opt/airflow/dags/currency.py
[2023-03-25T17:12:45.624+0000] {processor.py:753} INFO - DAG(s) dict_keys(['currency']) retrieved from /opt/airflow/dags/currency.py
[2023-03-25T17:12:45.702+0000] {logging_mixin.py:137} INFO - [2023-03-25T17:12:45.701+0000] {dag.py:2693} INFO - Sync 1 DAGs
[2023-03-25T17:12:45.743+0000] {logging_mixin.py:137} INFO - [2023-03-25T17:12:45.742+0000] {dag.py:3444} INFO - Setting next_dagrun for currency to 2023-03-25T17:10:00+00:00, run_after=2023-03-25T17:15:00+00:00
[2023-03-25T17:12:45.766+0000] {processor.py:175} INFO - Processing /opt/airflow/dags/currency.py took 0.560 seconds
[2023-03-25T17:13:15.958+0000] {processor.py:153} INFO - Started process (PID=99) to work on /opt/airflow/dags/currency.py
[2023-03-25T17:13:15.969+0000] {processor.py:743} INFO - Processing file /opt/airflow/dags/currency.py for tasks to queue
[2023-03-25T17:13:15.969+0000] {logging_mixin.py:137} INFO - [2023-03-25T17:13:15.969+0000] {dagbag.py:532} INFO - Filling up the DagBag from /opt/airflow/dags/currency.py
[2023-03-25T17:13:16.391+0000] {processor.py:753} INFO - DAG(s) dict_keys(['currency']) retrieved from /opt/airflow/dags/currency.py
[2023-03-25T17:13:16.467+0000] {logging_mixin.py:137} INFO - [2023-03-25T17:13:16.467+0000] {dag.py:2693} INFO - Sync 1 DAGs
[2023-03-25T17:13:16.500+0000] {logging_mixin.py:137} INFO - [2023-03-25T17:13:16.500+0000] {dag.py:3444} INFO - Setting next_dagrun for currency to 2023-03-25T17:10:00+00:00, run_after=2023-03-25T17:15:00+00:00
[2023-03-25T17:13:16.530+0000] {processor.py:175} INFO - Processing /opt/airflow/dags/currency.py took 0.575 seconds
[2023-03-25T17:13:46.711+0000] {processor.py:153} INFO - Started process (PID=109) to work on /opt/airflow/dags/currency.py
[2023-03-25T17:13:46.712+0000] {processor.py:743} INFO - Processing file /opt/airflow/dags/currency.py for tasks to queue
[2023-03-25T17:13:46.713+0000] {logging_mixin.py:137} INFO - [2023-03-25T17:13:46.713+0000] {dagbag.py:532} INFO - Filling up the DagBag from /opt/airflow/dags/currency.py
[2023-03-25T17:13:47.138+0000] {processor.py:753} INFO - DAG(s) dict_keys(['currency']) retrieved from /opt/airflow/dags/currency.py
[2023-03-25T17:13:47.205+0000] {logging_mixin.py:137} INFO - [2023-03-25T17:13:47.205+0000] {dag.py:2693} INFO - Sync 1 DAGs
[2023-03-25T17:13:47.235+0000] {logging_mixin.py:137} INFO - [2023-03-25T17:13:47.235+0000] {dag.py:3444} INFO - Setting next_dagrun for currency to 2023-03-25T17:10:00+00:00, run_after=2023-03-25T17:15:00+00:00
[2023-03-25T17:13:47.256+0000] {processor.py:175} INFO - Processing /opt/airflow/dags/currency.py took 0.549 seconds
[2023-03-25T17:14:17.483+0000] {processor.py:153} INFO - Started process (PID=119) to work on /opt/airflow/dags/currency.py
[2023-03-25T17:14:17.484+0000] {processor.py:743} INFO - Processing file /opt/airflow/dags/currency.py for tasks to queue
[2023-03-25T17:14:17.484+0000] {logging_mixin.py:137} INFO - [2023-03-25T17:14:17.484+0000] {dagbag.py:532} INFO - Filling up the DagBag from /opt/airflow/dags/currency.py
[2023-03-25T17:14:17.917+0000] {processor.py:753} INFO - DAG(s) dict_keys(['currency']) retrieved from /opt/airflow/dags/currency.py
[2023-03-25T17:14:17.995+0000] {logging_mixin.py:137} INFO - [2023-03-25T17:14:17.994+0000] {dag.py:2693} INFO - Sync 1 DAGs
[2023-03-25T17:14:18.037+0000] {logging_mixin.py:137} INFO - [2023-03-25T17:14:18.037+0000] {dag.py:3444} INFO - Setting next_dagrun for currency to 2023-03-25T17:10:00+00:00, run_after=2023-03-25T17:15:00+00:00
[2023-03-25T17:14:18.065+0000] {processor.py:175} INFO - Processing /opt/airflow/dags/currency.py took 0.587 seconds
[2023-03-25T17:14:48.276+0000] {processor.py:153} INFO - Started process (PID=129) to work on /opt/airflow/dags/currency.py
[2023-03-25T17:14:48.288+0000] {processor.py:743} INFO - Processing file /opt/airflow/dags/currency.py for tasks to queue
[2023-03-25T17:14:48.289+0000] {logging_mixin.py:137} INFO - [2023-03-25T17:14:48.289+0000] {dagbag.py:532} INFO - Filling up the DagBag from /opt/airflow/dags/currency.py
[2023-03-25T17:14:48.705+0000] {processor.py:753} INFO - DAG(s) dict_keys(['currency']) retrieved from /opt/airflow/dags/currency.py
[2023-03-25T17:14:48.782+0000] {logging_mixin.py:137} INFO - [2023-03-25T17:14:48.782+0000] {dag.py:2693} INFO - Sync 1 DAGs
[2023-03-25T17:14:48.810+0000] {logging_mixin.py:137} INFO - [2023-03-25T17:14:48.810+0000] {dag.py:3444} INFO - Setting next_dagrun for currency to 2023-03-25T17:10:00+00:00, run_after=2023-03-25T17:15:00+00:00
[2023-03-25T17:14:48.830+0000] {processor.py:175} INFO - Processing /opt/airflow/dags/currency.py took 0.558 seconds
[2023-03-25T17:15:19.013+0000] {processor.py:153} INFO - Started process (PID=159) to work on /opt/airflow/dags/currency.py
[2023-03-25T17:15:19.014+0000] {processor.py:743} INFO - Processing file /opt/airflow/dags/currency.py for tasks to queue
[2023-03-25T17:15:19.015+0000] {logging_mixin.py:137} INFO - [2023-03-25T17:15:19.015+0000] {dagbag.py:532} INFO - Filling up the DagBag from /opt/airflow/dags/currency.py
[2023-03-25T17:15:19.423+0000] {processor.py:753} INFO - DAG(s) dict_keys(['currency']) retrieved from /opt/airflow/dags/currency.py
[2023-03-25T17:15:19.489+0000] {logging_mixin.py:137} INFO - [2023-03-25T17:15:19.489+0000] {dag.py:2693} INFO - Sync 1 DAGs
[2023-03-25T17:15:19.518+0000] {logging_mixin.py:137} INFO - [2023-03-25T17:15:19.518+0000] {dag.py:3444} INFO - Setting next_dagrun for currency to 2023-03-25T17:15:00+00:00, run_after=2023-03-25T17:20:00+00:00
[2023-03-25T17:15:19.540+0000] {processor.py:175} INFO - Processing /opt/airflow/dags/currency.py took 0.531 seconds
[2023-03-25T17:15:49.709+0000] {processor.py:153} INFO - Started process (PID=169) to work on /opt/airflow/dags/currency.py
[2023-03-25T17:15:49.720+0000] {processor.py:743} INFO - Processing file /opt/airflow/dags/currency.py for tasks to queue
[2023-03-25T17:15:49.721+0000] {logging_mixin.py:137} INFO - [2023-03-25T17:15:49.721+0000] {dagbag.py:532} INFO - Filling up the DagBag from /opt/airflow/dags/currency.py
[2023-03-25T17:15:50.139+0000] {processor.py:753} INFO - DAG(s) dict_keys(['currency']) retrieved from /opt/airflow/dags/currency.py
[2023-03-25T17:15:50.208+0000] {logging_mixin.py:137} INFO - [2023-03-25T17:15:50.208+0000] {dag.py:2693} INFO - Sync 1 DAGs
[2023-03-25T17:15:50.239+0000] {logging_mixin.py:137} INFO - [2023-03-25T17:15:50.238+0000] {dag.py:3444} INFO - Setting next_dagrun for currency to 2023-03-25T17:15:00+00:00, run_after=2023-03-25T17:20:00+00:00
[2023-03-25T17:15:50.262+0000] {processor.py:175} INFO - Processing /opt/airflow/dags/currency.py took 0.557 seconds
[2023-03-25T17:16:20.462+0000] {processor.py:153} INFO - Started process (PID=183) to work on /opt/airflow/dags/currency.py
[2023-03-25T17:16:20.472+0000] {processor.py:743} INFO - Processing file /opt/airflow/dags/currency.py for tasks to queue
[2023-03-25T17:16:20.473+0000] {logging_mixin.py:137} INFO - [2023-03-25T17:16:20.473+0000] {dagbag.py:532} INFO - Filling up the DagBag from /opt/airflow/dags/currency.py
[2023-03-25T17:16:20.964+0000] {processor.py:753} INFO - DAG(s) dict_keys(['currency']) retrieved from /opt/airflow/dags/currency.py
[2023-03-25T17:16:21.070+0000] {logging_mixin.py:137} INFO - [2023-03-25T17:16:21.070+0000] {dag.py:2693} INFO - Sync 1 DAGs
[2023-03-25T17:16:21.102+0000] {logging_mixin.py:137} INFO - [2023-03-25T17:16:21.102+0000] {dag.py:3444} INFO - Setting next_dagrun for currency to 2023-03-25T17:15:00+00:00, run_after=2023-03-25T17:20:00+00:00
[2023-03-25T17:16:21.126+0000] {processor.py:175} INFO - Processing /opt/airflow/dags/currency.py took 0.673 seconds
[2023-03-25T17:16:51.314+0000] {processor.py:153} INFO - Started process (PID=194) to work on /opt/airflow/dags/currency.py
[2023-03-25T17:16:51.315+0000] {processor.py:743} INFO - Processing file /opt/airflow/dags/currency.py for tasks to queue
[2023-03-25T17:16:51.315+0000] {logging_mixin.py:137} INFO - [2023-03-25T17:16:51.315+0000] {dagbag.py:532} INFO - Filling up the DagBag from /opt/airflow/dags/currency.py
[2023-03-25T17:16:51.732+0000] {processor.py:753} INFO - DAG(s) dict_keys(['currency']) retrieved from /opt/airflow/dags/currency.py
[2023-03-25T17:16:51.799+0000] {logging_mixin.py:137} INFO - [2023-03-25T17:16:51.799+0000] {dag.py:2693} INFO - Sync 1 DAGs
[2023-03-25T17:16:51.827+0000] {logging_mixin.py:137} INFO - [2023-03-25T17:16:51.827+0000] {dag.py:3444} INFO - Setting next_dagrun for currency to 2023-03-25T17:15:00+00:00, run_after=2023-03-25T17:20:00+00:00
[2023-03-25T17:16:51.848+0000] {processor.py:175} INFO - Processing /opt/airflow/dags/currency.py took 0.538 seconds
[2023-03-25T17:17:22.031+0000] {processor.py:153} INFO - Started process (PID=205) to work on /opt/airflow/dags/currency.py
[2023-03-25T17:17:22.032+0000] {processor.py:743} INFO - Processing file /opt/airflow/dags/currency.py for tasks to queue
[2023-03-25T17:17:22.033+0000] {logging_mixin.py:137} INFO - [2023-03-25T17:17:22.032+0000] {dagbag.py:532} INFO - Filling up the DagBag from /opt/airflow/dags/currency.py
[2023-03-25T17:17:22.416+0000] {processor.py:753} INFO - DAG(s) dict_keys(['currency']) retrieved from /opt/airflow/dags/currency.py
[2023-03-25T17:17:22.489+0000] {logging_mixin.py:137} INFO - [2023-03-25T17:17:22.489+0000] {dag.py:2693} INFO - Sync 1 DAGs
[2023-03-25T17:17:22.518+0000] {logging_mixin.py:137} INFO - [2023-03-25T17:17:22.518+0000] {dag.py:3444} INFO - Setting next_dagrun for currency to 2023-03-25T17:15:00+00:00, run_after=2023-03-25T17:20:00+00:00
[2023-03-25T17:17:22.538+0000] {processor.py:175} INFO - Processing /opt/airflow/dags/currency.py took 0.511 seconds
[2023-03-25T17:17:52.738+0000] {processor.py:153} INFO - Started process (PID=215) to work on /opt/airflow/dags/currency.py
[2023-03-25T17:17:52.739+0000] {processor.py:743} INFO - Processing file /opt/airflow/dags/currency.py for tasks to queue
[2023-03-25T17:17:52.740+0000] {logging_mixin.py:137} INFO - [2023-03-25T17:17:52.739+0000] {dagbag.py:532} INFO - Filling up the DagBag from /opt/airflow/dags/currency.py
[2023-03-25T17:17:53.198+0000] {processor.py:753} INFO - DAG(s) dict_keys(['currency']) retrieved from /opt/airflow/dags/currency.py
[2023-03-25T17:17:53.268+0000] {logging_mixin.py:137} INFO - [2023-03-25T17:17:53.268+0000] {dag.py:2693} INFO - Sync 1 DAGs
[2023-03-25T17:17:53.300+0000] {logging_mixin.py:137} INFO - [2023-03-25T17:17:53.299+0000] {dag.py:3444} INFO - Setting next_dagrun for currency to 2023-03-25T17:15:00+00:00, run_after=2023-03-25T17:20:00+00:00
[2023-03-25T17:17:53.333+0000] {processor.py:175} INFO - Processing /opt/airflow/dags/currency.py took 0.599 seconds
[2023-03-25T17:18:23.534+0000] {processor.py:153} INFO - Started process (PID=225) to work on /opt/airflow/dags/currency.py
[2023-03-25T17:18:23.536+0000] {processor.py:743} INFO - Processing file /opt/airflow/dags/currency.py for tasks to queue
[2023-03-25T17:18:23.536+0000] {logging_mixin.py:137} INFO - [2023-03-25T17:18:23.536+0000] {dagbag.py:532} INFO - Filling up the DagBag from /opt/airflow/dags/currency.py
[2023-03-25T17:18:23.945+0000] {processor.py:753} INFO - DAG(s) dict_keys(['currency']) retrieved from /opt/airflow/dags/currency.py
[2023-03-25T17:18:24.010+0000] {logging_mixin.py:137} INFO - [2023-03-25T17:18:24.010+0000] {dag.py:2693} INFO - Sync 1 DAGs
[2023-03-25T17:18:24.039+0000] {logging_mixin.py:137} INFO - [2023-03-25T17:18:24.038+0000] {dag.py:3444} INFO - Setting next_dagrun for currency to 2023-03-25T17:15:00+00:00, run_after=2023-03-25T17:20:00+00:00
[2023-03-25T17:18:24.059+0000] {processor.py:175} INFO - Processing /opt/airflow/dags/currency.py took 0.529 seconds
[2023-03-25T17:18:54.245+0000] {processor.py:153} INFO - Started process (PID=236) to work on /opt/airflow/dags/currency.py
[2023-03-25T17:18:54.246+0000] {processor.py:743} INFO - Processing file /opt/airflow/dags/currency.py for tasks to queue
[2023-03-25T17:18:54.247+0000] {logging_mixin.py:137} INFO - [2023-03-25T17:18:54.247+0000] {dagbag.py:532} INFO - Filling up the DagBag from /opt/airflow/dags/currency.py
[2023-03-25T17:18:54.647+0000] {processor.py:753} INFO - DAG(s) dict_keys(['currency']) retrieved from /opt/airflow/dags/currency.py
[2023-03-25T17:18:54.713+0000] {logging_mixin.py:137} INFO - [2023-03-25T17:18:54.713+0000] {dag.py:2693} INFO - Sync 1 DAGs
[2023-03-25T17:18:54.741+0000] {logging_mixin.py:137} INFO - [2023-03-25T17:18:54.741+0000] {dag.py:3444} INFO - Setting next_dagrun for currency to 2023-03-25T17:15:00+00:00, run_after=2023-03-25T17:20:00+00:00
[2023-03-25T17:18:54.761+0000] {processor.py:175} INFO - Processing /opt/airflow/dags/currency.py took 0.519 seconds
[2023-03-25T17:19:25.520+0000] {processor.py:153} INFO - Started process (PID=247) to work on /opt/airflow/dags/currency.py
[2023-03-25T17:19:25.522+0000] {processor.py:743} INFO - Processing file /opt/airflow/dags/currency.py for tasks to queue
[2023-03-25T17:19:25.522+0000] {logging_mixin.py:137} INFO - [2023-03-25T17:19:25.522+0000] {dagbag.py:532} INFO - Filling up the DagBag from /opt/airflow/dags/currency.py
[2023-03-25T17:19:26.013+0000] {processor.py:753} INFO - DAG(s) dict_keys(['currency']) retrieved from /opt/airflow/dags/currency.py
[2023-03-25T17:19:26.118+0000] {logging_mixin.py:137} INFO - [2023-03-25T17:19:26.117+0000] {dag.py:2693} INFO - Sync 1 DAGs
[2023-03-25T17:19:26.160+0000] {logging_mixin.py:137} INFO - [2023-03-25T17:19:26.159+0000] {dag.py:3444} INFO - Setting next_dagrun for currency to 2023-03-25T17:15:00+00:00, run_after=2023-03-25T17:20:00+00:00
[2023-03-25T17:19:26.192+0000] {processor.py:175} INFO - Processing /opt/airflow/dags/currency.py took 0.680 seconds
[2023-03-25T17:19:56.358+0000] {processor.py:153} INFO - Started process (PID=257) to work on /opt/airflow/dags/currency.py
[2023-03-25T17:19:56.359+0000] {processor.py:743} INFO - Processing file /opt/airflow/dags/currency.py for tasks to queue
[2023-03-25T17:19:56.360+0000] {logging_mixin.py:137} INFO - [2023-03-25T17:19:56.359+0000] {dagbag.py:532} INFO - Filling up the DagBag from /opt/airflow/dags/currency.py
[2023-03-25T17:19:56.780+0000] {processor.py:753} INFO - DAG(s) dict_keys(['currency']) retrieved from /opt/airflow/dags/currency.py
[2023-03-25T17:19:56.900+0000] {logging_mixin.py:137} INFO - [2023-03-25T17:19:56.900+0000] {dag.py:2693} INFO - Sync 1 DAGs
[2023-03-25T17:19:56.959+0000] {logging_mixin.py:137} INFO - [2023-03-25T17:19:56.959+0000] {dag.py:3444} INFO - Setting next_dagrun for currency to 2023-03-25T17:15:00+00:00, run_after=2023-03-25T17:20:00+00:00
[2023-03-25T17:19:56.988+0000] {processor.py:175} INFO - Processing /opt/airflow/dags/currency.py took 0.635 seconds
[2023-03-25T17:20:27.197+0000] {processor.py:153} INFO - Started process (PID=267) to work on /opt/airflow/dags/currency.py
[2023-03-25T17:20:27.198+0000] {processor.py:743} INFO - Processing file /opt/airflow/dags/currency.py for tasks to queue
[2023-03-25T17:20:27.199+0000] {logging_mixin.py:137} INFO - [2023-03-25T17:20:27.199+0000] {dagbag.py:532} INFO - Filling up the DagBag from /opt/airflow/dags/currency.py
[2023-03-25T17:20:27.637+0000] {processor.py:753} INFO - DAG(s) dict_keys(['currency']) retrieved from /opt/airflow/dags/currency.py
[2023-03-25T17:20:27.731+0000] {logging_mixin.py:137} INFO - [2023-03-25T17:20:27.731+0000] {dag.py:2693} INFO - Sync 1 DAGs
[2023-03-25T17:20:27.777+0000] {logging_mixin.py:137} INFO - [2023-03-25T17:20:27.777+0000] {dag.py:3444} INFO - Setting next_dagrun for currency to 2023-03-25T17:15:00+00:00, run_after=2023-03-25T17:20:00+00:00
[2023-03-25T17:20:27.811+0000] {processor.py:175} INFO - Processing /opt/airflow/dags/currency.py took 0.619 seconds
[2023-03-25T17:20:58.031+0000] {processor.py:153} INFO - Started process (PID=285) to work on /opt/airflow/dags/currency.py
[2023-03-25T17:20:58.032+0000] {processor.py:743} INFO - Processing file /opt/airflow/dags/currency.py for tasks to queue
[2023-03-25T17:20:58.033+0000] {logging_mixin.py:137} INFO - [2023-03-25T17:20:58.033+0000] {dagbag.py:532} INFO - Filling up the DagBag from /opt/airflow/dags/currency.py
[2023-03-25T17:20:58.465+0000] {processor.py:753} INFO - DAG(s) dict_keys(['currency']) retrieved from /opt/airflow/dags/currency.py
[2023-03-25T17:20:58.543+0000] {logging_mixin.py:137} INFO - [2023-03-25T17:20:58.543+0000] {dag.py:2693} INFO - Sync 1 DAGs
[2023-03-25T17:20:58.598+0000] {logging_mixin.py:137} INFO - [2023-03-25T17:20:58.598+0000] {dag.py:3444} INFO - Setting next_dagrun for currency to 2023-03-25T17:15:00+00:00, run_after=2023-03-25T17:20:00+00:00
[2023-03-25T17:20:58.629+0000] {processor.py:175} INFO - Processing /opt/airflow/dags/currency.py took 0.602 seconds
[2023-03-25T17:23:02.155+0000] {processor.py:153} INFO - Started process (PID=35) to work on /opt/airflow/dags/currency.py
[2023-03-25T17:23:02.165+0000] {processor.py:743} INFO - Processing file /opt/airflow/dags/currency.py for tasks to queue
[2023-03-25T17:23:02.166+0000] {logging_mixin.py:137} INFO - [2023-03-25T17:23:02.166+0000] {dagbag.py:532} INFO - Filling up the DagBag from /opt/airflow/dags/currency.py
[2023-03-25T17:23:02.810+0000] {processor.py:753} INFO - DAG(s) dict_keys(['currency']) retrieved from /opt/airflow/dags/currency.py
[2023-03-25T17:23:02.914+0000] {logging_mixin.py:137} INFO - [2023-03-25T17:23:02.914+0000] {dag.py:2693} INFO - Sync 1 DAGs
[2023-03-25T17:23:02.947+0000] {logging_mixin.py:137} INFO - [2023-03-25T17:23:02.947+0000] {dag.py:3444} INFO - Setting next_dagrun for currency to 2023-03-25T10:05:00+00:00, run_after=2023-03-26T10:05:00+00:00
[2023-03-25T17:23:02.999+0000] {processor.py:175} INFO - Processing /opt/airflow/dags/currency.py took 0.850 seconds
[2023-03-25T17:23:33.404+0000] {processor.py:153} INFO - Started process (PID=46) to work on /opt/airflow/dags/currency.py
[2023-03-25T17:23:33.408+0000] {processor.py:743} INFO - Processing file /opt/airflow/dags/currency.py for tasks to queue
[2023-03-25T17:23:33.409+0000] {logging_mixin.py:137} INFO - [2023-03-25T17:23:33.409+0000] {dagbag.py:532} INFO - Filling up the DagBag from /opt/airflow/dags/currency.py
[2023-03-25T17:23:33.861+0000] {processor.py:753} INFO - DAG(s) dict_keys(['currency']) retrieved from /opt/airflow/dags/currency.py
[2023-03-25T17:23:33.933+0000] {logging_mixin.py:137} INFO - [2023-03-25T17:23:33.933+0000] {dag.py:2693} INFO - Sync 1 DAGs
[2023-03-25T17:23:33.965+0000] {logging_mixin.py:137} INFO - [2023-03-25T17:23:33.965+0000] {dag.py:3444} INFO - Setting next_dagrun for currency to 2023-03-25T10:05:00+00:00, run_after=2023-03-26T10:05:00+00:00
[2023-03-25T17:23:33.993+0000] {processor.py:175} INFO - Processing /opt/airflow/dags/currency.py took 0.596 seconds
[2023-03-25T17:24:04.239+0000] {processor.py:153} INFO - Started process (PID=56) to work on /opt/airflow/dags/currency.py
[2023-03-25T17:24:04.239+0000] {processor.py:743} INFO - Processing file /opt/airflow/dags/currency.py for tasks to queue
[2023-03-25T17:24:04.240+0000] {logging_mixin.py:137} INFO - [2023-03-25T17:24:04.240+0000] {dagbag.py:532} INFO - Filling up the DagBag from /opt/airflow/dags/currency.py
[2023-03-25T17:24:04.669+0000] {processor.py:753} INFO - DAG(s) dict_keys(['currency']) retrieved from /opt/airflow/dags/currency.py
[2023-03-25T17:24:04.765+0000] {logging_mixin.py:137} INFO - [2023-03-25T17:24:04.765+0000] {dag.py:2693} INFO - Sync 1 DAGs
[2023-03-25T17:24:04.827+0000] {logging_mixin.py:137} INFO - [2023-03-25T17:24:04.827+0000] {dag.py:3444} INFO - Setting next_dagrun for currency to 2023-03-25T10:05:00+00:00, run_after=2023-03-26T10:05:00+00:00
[2023-03-25T17:24:04.880+0000] {processor.py:175} INFO - Processing /opt/airflow/dags/currency.py took 0.645 seconds
[2023-03-25T17:55:44.039+0000] {processor.py:153} INFO - Started process (PID=34) to work on /opt/airflow/dags/currency.py
[2023-03-25T17:55:44.055+0000] {processor.py:743} INFO - Processing file /opt/airflow/dags/currency.py for tasks to queue
[2023-03-25T17:55:44.057+0000] {logging_mixin.py:137} INFO - [2023-03-25T17:55:44.056+0000] {dagbag.py:532} INFO - Filling up the DagBag from /opt/airflow/dags/currency.py
[2023-03-25T17:55:44.701+0000] {processor.py:753} INFO - DAG(s) dict_keys(['currency']) retrieved from /opt/airflow/dags/currency.py
[2023-03-25T17:55:44.824+0000] {logging_mixin.py:137} INFO - [2023-03-25T17:55:44.823+0000] {dag.py:2693} INFO - Sync 1 DAGs
[2023-03-25T17:55:44.855+0000] {logging_mixin.py:137} INFO - [2023-03-25T17:55:44.854+0000] {dag.py:3444} INFO - Setting next_dagrun for currency to 2023-03-25T07:05:00+00:00, run_after=2023-03-26T07:05:00+00:00
[2023-03-25T17:55:44.883+0000] {processor.py:175} INFO - Processing /opt/airflow/dags/currency.py took 0.857 seconds
[2023-03-25T17:56:15.331+0000] {processor.py:153} INFO - Started process (PID=44) to work on /opt/airflow/dags/currency.py
[2023-03-25T17:56:15.332+0000] {processor.py:743} INFO - Processing file /opt/airflow/dags/currency.py for tasks to queue
[2023-03-25T17:56:15.333+0000] {logging_mixin.py:137} INFO - [2023-03-25T17:56:15.333+0000] {dagbag.py:532} INFO - Filling up the DagBag from /opt/airflow/dags/currency.py
[2023-03-25T17:56:15.758+0000] {processor.py:753} INFO - DAG(s) dict_keys(['currency']) retrieved from /opt/airflow/dags/currency.py
[2023-03-25T17:56:15.825+0000] {logging_mixin.py:137} INFO - [2023-03-25T17:56:15.825+0000] {dag.py:2693} INFO - Sync 1 DAGs
[2023-03-25T17:56:15.854+0000] {logging_mixin.py:137} INFO - [2023-03-25T17:56:15.854+0000] {dag.py:3444} INFO - Setting next_dagrun for currency to 2023-03-25T07:05:00+00:00, run_after=2023-03-26T07:05:00+00:00
[2023-03-25T17:56:15.878+0000] {processor.py:175} INFO - Processing /opt/airflow/dags/currency.py took 0.550 seconds
[2023-03-25T17:56:46.069+0000] {processor.py:153} INFO - Started process (PID=54) to work on /opt/airflow/dags/currency.py
[2023-03-25T17:56:46.070+0000] {processor.py:743} INFO - Processing file /opt/airflow/dags/currency.py for tasks to queue
[2023-03-25T17:56:46.071+0000] {logging_mixin.py:137} INFO - [2023-03-25T17:56:46.071+0000] {dagbag.py:532} INFO - Filling up the DagBag from /opt/airflow/dags/currency.py
[2023-03-25T17:56:46.484+0000] {processor.py:753} INFO - DAG(s) dict_keys(['currency']) retrieved from /opt/airflow/dags/currency.py
[2023-03-25T17:56:46.557+0000] {logging_mixin.py:137} INFO - [2023-03-25T17:56:46.557+0000] {dag.py:2693} INFO - Sync 1 DAGs
[2023-03-25T17:56:46.588+0000] {logging_mixin.py:137} INFO - [2023-03-25T17:56:46.587+0000] {dag.py:3444} INFO - Setting next_dagrun for currency to 2023-03-25T07:05:00+00:00, run_after=2023-03-26T07:05:00+00:00
[2023-03-25T17:56:46.625+0000] {processor.py:175} INFO - Processing /opt/airflow/dags/currency.py took 0.560 seconds
[2023-03-25T17:57:16.791+0000] {processor.py:153} INFO - Started process (PID=64) to work on /opt/airflow/dags/currency.py
[2023-03-25T17:57:16.805+0000] {processor.py:743} INFO - Processing file /opt/airflow/dags/currency.py for tasks to queue
[2023-03-25T17:57:16.806+0000] {logging_mixin.py:137} INFO - [2023-03-25T17:57:16.806+0000] {dagbag.py:532} INFO - Filling up the DagBag from /opt/airflow/dags/currency.py
[2023-03-25T17:57:17.205+0000] {processor.py:753} INFO - DAG(s) dict_keys(['currency']) retrieved from /opt/airflow/dags/currency.py
[2023-03-25T17:57:17.275+0000] {logging_mixin.py:137} INFO - [2023-03-25T17:57:17.275+0000] {dag.py:2693} INFO - Sync 1 DAGs
[2023-03-25T17:57:17.304+0000] {logging_mixin.py:137} INFO - [2023-03-25T17:57:17.304+0000] {dag.py:3444} INFO - Setting next_dagrun for currency to 2023-03-25T07:05:00+00:00, run_after=2023-03-26T07:05:00+00:00
[2023-03-25T17:57:17.327+0000] {processor.py:175} INFO - Processing /opt/airflow/dags/currency.py took 0.539 seconds
[2023-03-25T17:57:47.552+0000] {processor.py:153} INFO - Started process (PID=74) to work on /opt/airflow/dags/currency.py
[2023-03-25T17:57:47.553+0000] {processor.py:743} INFO - Processing file /opt/airflow/dags/currency.py for tasks to queue
[2023-03-25T17:57:47.554+0000] {logging_mixin.py:137} INFO - [2023-03-25T17:57:47.554+0000] {dagbag.py:532} INFO - Filling up the DagBag from /opt/airflow/dags/currency.py
[2023-03-25T17:57:47.982+0000] {processor.py:753} INFO - DAG(s) dict_keys(['currency']) retrieved from /opt/airflow/dags/currency.py
[2023-03-25T17:57:48.074+0000] {logging_mixin.py:137} INFO - [2023-03-25T17:57:48.074+0000] {dag.py:2693} INFO - Sync 1 DAGs
[2023-03-25T17:57:48.113+0000] {logging_mixin.py:137} INFO - [2023-03-25T17:57:48.113+0000] {dag.py:3444} INFO - Setting next_dagrun for currency to 2023-03-25T07:05:00+00:00, run_after=2023-03-26T07:05:00+00:00
[2023-03-25T17:57:48.136+0000] {processor.py:175} INFO - Processing /opt/airflow/dags/currency.py took 0.589 seconds
[2023-03-25T17:58:18.354+0000] {processor.py:153} INFO - Started process (PID=84) to work on /opt/airflow/dags/currency.py
[2023-03-25T17:58:18.355+0000] {processor.py:743} INFO - Processing file /opt/airflow/dags/currency.py for tasks to queue
[2023-03-25T17:58:18.357+0000] {logging_mixin.py:137} INFO - [2023-03-25T17:58:18.356+0000] {dagbag.py:532} INFO - Filling up the DagBag from /opt/airflow/dags/currency.py
[2023-03-25T17:58:18.799+0000] {processor.py:753} INFO - DAG(s) dict_keys(['currency']) retrieved from /opt/airflow/dags/currency.py
[2023-03-25T17:58:18.934+0000] {logging_mixin.py:137} INFO - [2023-03-25T17:58:18.934+0000] {dag.py:2693} INFO - Sync 1 DAGs
[2023-03-25T17:58:18.985+0000] {logging_mixin.py:137} INFO - [2023-03-25T17:58:18.985+0000] {dag.py:3444} INFO - Setting next_dagrun for currency to 2023-03-25T07:05:00+00:00, run_after=2023-03-26T07:05:00+00:00
[2023-03-25T17:58:19.028+0000] {processor.py:175} INFO - Processing /opt/airflow/dags/currency.py took 0.681 seconds
[2023-03-25T17:58:49.206+0000] {processor.py:153} INFO - Started process (PID=94) to work on /opt/airflow/dags/currency.py
[2023-03-25T17:58:49.207+0000] {processor.py:743} INFO - Processing file /opt/airflow/dags/currency.py for tasks to queue
[2023-03-25T17:58:49.208+0000] {logging_mixin.py:137} INFO - [2023-03-25T17:58:49.208+0000] {dagbag.py:532} INFO - Filling up the DagBag from /opt/airflow/dags/currency.py
[2023-03-25T17:58:49.610+0000] {processor.py:753} INFO - DAG(s) dict_keys(['currency']) retrieved from /opt/airflow/dags/currency.py
[2023-03-25T17:58:49.682+0000] {logging_mixin.py:137} INFO - [2023-03-25T17:58:49.681+0000] {dag.py:2693} INFO - Sync 1 DAGs
[2023-03-25T17:58:49.709+0000] {logging_mixin.py:137} INFO - [2023-03-25T17:58:49.709+0000] {dag.py:3444} INFO - Setting next_dagrun for currency to 2023-03-25T07:05:00+00:00, run_after=2023-03-26T07:05:00+00:00
[2023-03-25T17:58:49.731+0000] {processor.py:175} INFO - Processing /opt/airflow/dags/currency.py took 0.529 seconds
[2023-03-25T17:59:19.936+0000] {processor.py:153} INFO - Started process (PID=104) to work on /opt/airflow/dags/currency.py
[2023-03-25T17:59:19.937+0000] {processor.py:743} INFO - Processing file /opt/airflow/dags/currency.py for tasks to queue
[2023-03-25T17:59:19.938+0000] {logging_mixin.py:137} INFO - [2023-03-25T17:59:19.938+0000] {dagbag.py:532} INFO - Filling up the DagBag from /opt/airflow/dags/currency.py
[2023-03-25T17:59:20.361+0000] {processor.py:753} INFO - DAG(s) dict_keys(['currency']) retrieved from /opt/airflow/dags/currency.py
[2023-03-25T17:59:20.470+0000] {logging_mixin.py:137} INFO - [2023-03-25T17:59:20.470+0000] {dag.py:2693} INFO - Sync 1 DAGs
[2023-03-25T17:59:20.508+0000] {logging_mixin.py:137} INFO - [2023-03-25T17:59:20.508+0000] {dag.py:3444} INFO - Setting next_dagrun for currency to 2023-03-25T07:05:00+00:00, run_after=2023-03-26T07:05:00+00:00
[2023-03-25T17:59:20.543+0000] {processor.py:175} INFO - Processing /opt/airflow/dags/currency.py took 0.611 seconds
[2023-03-25T17:59:50.737+0000] {processor.py:153} INFO - Started process (PID=114) to work on /opt/airflow/dags/currency.py
[2023-03-25T17:59:50.738+0000] {processor.py:743} INFO - Processing file /opt/airflow/dags/currency.py for tasks to queue
[2023-03-25T17:59:50.738+0000] {logging_mixin.py:137} INFO - [2023-03-25T17:59:50.738+0000] {dagbag.py:532} INFO - Filling up the DagBag from /opt/airflow/dags/currency.py
[2023-03-25T17:59:51.174+0000] {processor.py:753} INFO - DAG(s) dict_keys(['currency']) retrieved from /opt/airflow/dags/currency.py
[2023-03-25T17:59:51.256+0000] {logging_mixin.py:137} INFO - [2023-03-25T17:59:51.256+0000] {dag.py:2693} INFO - Sync 1 DAGs
[2023-03-25T17:59:51.287+0000] {logging_mixin.py:137} INFO - [2023-03-25T17:59:51.287+0000] {dag.py:3444} INFO - Setting next_dagrun for currency to 2023-03-25T07:05:00+00:00, run_after=2023-03-26T07:05:00+00:00
[2023-03-25T17:59:51.311+0000] {processor.py:175} INFO - Processing /opt/airflow/dags/currency.py took 0.577 seconds
[2023-03-25T18:00:21.499+0000] {processor.py:153} INFO - Started process (PID=125) to work on /opt/airflow/dags/currency.py
[2023-03-25T18:00:21.500+0000] {processor.py:743} INFO - Processing file /opt/airflow/dags/currency.py for tasks to queue
[2023-03-25T18:00:21.501+0000] {logging_mixin.py:137} INFO - [2023-03-25T18:00:21.501+0000] {dagbag.py:532} INFO - Filling up the DagBag from /opt/airflow/dags/currency.py
[2023-03-25T18:00:21.912+0000] {processor.py:753} INFO - DAG(s) dict_keys(['currency']) retrieved from /opt/airflow/dags/currency.py
[2023-03-25T18:00:22.008+0000] {logging_mixin.py:137} INFO - [2023-03-25T18:00:22.008+0000] {dag.py:2693} INFO - Sync 1 DAGs
[2023-03-25T18:00:22.040+0000] {logging_mixin.py:137} INFO - [2023-03-25T18:00:22.039+0000] {dag.py:3444} INFO - Setting next_dagrun for currency to 2023-03-25T07:05:00+00:00, run_after=2023-03-26T07:05:00+00:00
[2023-03-25T18:00:22.060+0000] {processor.py:175} INFO - Processing /opt/airflow/dags/currency.py took 0.564 seconds
[2023-03-25T18:00:52.301+0000] {processor.py:153} INFO - Started process (PID=135) to work on /opt/airflow/dags/currency.py
[2023-03-25T18:00:52.302+0000] {processor.py:743} INFO - Processing file /opt/airflow/dags/currency.py for tasks to queue
[2023-03-25T18:00:52.303+0000] {logging_mixin.py:137} INFO - [2023-03-25T18:00:52.302+0000] {dagbag.py:532} INFO - Filling up the DagBag from /opt/airflow/dags/currency.py
[2023-03-25T18:00:52.749+0000] {processor.py:753} INFO - DAG(s) dict_keys(['currency']) retrieved from /opt/airflow/dags/currency.py
[2023-03-25T18:00:52.821+0000] {logging_mixin.py:137} INFO - [2023-03-25T18:00:52.820+0000] {dag.py:2693} INFO - Sync 1 DAGs
[2023-03-25T18:00:52.864+0000] {logging_mixin.py:137} INFO - [2023-03-25T18:00:52.863+0000] {dag.py:3444} INFO - Setting next_dagrun for currency to 2023-03-25T07:05:00+00:00, run_after=2023-03-26T07:05:00+00:00
[2023-03-25T18:00:52.907+0000] {processor.py:175} INFO - Processing /opt/airflow/dags/currency.py took 0.611 seconds
[2023-03-25T18:04:38.499+0000] {processor.py:153} INFO - Started process (PID=34) to work on /opt/airflow/dags/currency.py
[2023-03-25T18:04:38.514+0000] {processor.py:743} INFO - Processing file /opt/airflow/dags/currency.py for tasks to queue
[2023-03-25T18:04:38.515+0000] {logging_mixin.py:137} INFO - [2023-03-25T18:04:38.515+0000] {dagbag.py:532} INFO - Filling up the DagBag from /opt/airflow/dags/currency.py
[2023-03-25T18:04:39.166+0000] {processor.py:753} INFO - DAG(s) dict_keys(['currency']) retrieved from /opt/airflow/dags/currency.py
[2023-03-25T18:04:39.522+0000] {logging_mixin.py:137} INFO - [2023-03-25T18:04:39.521+0000] {dag.py:2693} INFO - Sync 1 DAGs
[2023-03-25T18:04:39.672+0000] {logging_mixin.py:137} INFO - [2023-03-25T18:04:39.672+0000] {dag.py:3444} INFO - Setting next_dagrun for currency to 2023-03-25T07:05:00+00:00, run_after=2023-03-26T07:05:00+00:00
[2023-03-25T18:04:39.770+0000] {processor.py:175} INFO - Processing /opt/airflow/dags/currency.py took 1.275 seconds
[2023-03-25T18:05:10.017+0000] {processor.py:153} INFO - Started process (PID=45) to work on /opt/airflow/dags/currency.py
[2023-03-25T18:05:10.030+0000] {processor.py:743} INFO - Processing file /opt/airflow/dags/currency.py for tasks to queue
[2023-03-25T18:05:10.031+0000] {logging_mixin.py:137} INFO - [2023-03-25T18:05:10.031+0000] {dagbag.py:532} INFO - Filling up the DagBag from /opt/airflow/dags/currency.py
[2023-03-25T18:05:10.433+0000] {processor.py:753} INFO - DAG(s) dict_keys(['currency']) retrieved from /opt/airflow/dags/currency.py
[2023-03-25T18:05:10.506+0000] {logging_mixin.py:137} INFO - [2023-03-25T18:05:10.506+0000] {dag.py:2693} INFO - Sync 1 DAGs
[2023-03-25T18:05:10.549+0000] {logging_mixin.py:137} INFO - [2023-03-25T18:05:10.548+0000] {dag.py:3444} INFO - Setting next_dagrun for currency to 2023-03-25T07:05:00+00:00, run_after=2023-03-26T07:05:00+00:00
[2023-03-25T18:05:10.582+0000] {processor.py:175} INFO - Processing /opt/airflow/dags/currency.py took 0.569 seconds
[2023-03-25T18:05:40.813+0000] {processor.py:153} INFO - Started process (PID=56) to work on /opt/airflow/dags/currency.py
[2023-03-25T18:05:40.814+0000] {processor.py:743} INFO - Processing file /opt/airflow/dags/currency.py for tasks to queue
[2023-03-25T18:05:40.815+0000] {logging_mixin.py:137} INFO - [2023-03-25T18:05:40.815+0000] {dagbag.py:532} INFO - Filling up the DagBag from /opt/airflow/dags/currency.py
[2023-03-25T18:05:41.285+0000] {processor.py:753} INFO - DAG(s) dict_keys(['currency']) retrieved from /opt/airflow/dags/currency.py
[2023-03-25T18:05:41.376+0000] {logging_mixin.py:137} INFO - [2023-03-25T18:05:41.375+0000] {dag.py:2693} INFO - Sync 1 DAGs
[2023-03-25T18:05:41.420+0000] {logging_mixin.py:137} INFO - [2023-03-25T18:05:41.420+0000] {dag.py:3444} INFO - Setting next_dagrun for currency to 2023-03-25T07:05:00+00:00, run_after=2023-03-26T07:05:00+00:00
[2023-03-25T18:05:41.445+0000] {processor.py:175} INFO - Processing /opt/airflow/dags/currency.py took 0.637 seconds
[2023-03-25T18:06:11.618+0000] {processor.py:153} INFO - Started process (PID=67) to work on /opt/airflow/dags/currency.py
[2023-03-25T18:06:11.624+0000] {processor.py:743} INFO - Processing file /opt/airflow/dags/currency.py for tasks to queue
[2023-03-25T18:06:11.625+0000] {logging_mixin.py:137} INFO - [2023-03-25T18:06:11.625+0000] {dagbag.py:532} INFO - Filling up the DagBag from /opt/airflow/dags/currency.py
[2023-03-25T18:06:12.082+0000] {processor.py:753} INFO - DAG(s) dict_keys(['currency']) retrieved from /opt/airflow/dags/currency.py
[2023-03-25T18:06:12.146+0000] {logging_mixin.py:137} INFO - [2023-03-25T18:06:12.145+0000] {dag.py:2693} INFO - Sync 1 DAGs
[2023-03-25T18:06:12.175+0000] {logging_mixin.py:137} INFO - [2023-03-25T18:06:12.175+0000] {dag.py:3444} INFO - Setting next_dagrun for currency to 2023-03-25T07:05:00+00:00, run_after=2023-03-26T07:05:00+00:00
[2023-03-25T18:06:12.196+0000] {processor.py:175} INFO - Processing /opt/airflow/dags/currency.py took 0.584 seconds
[2023-03-25T18:59:14.749+0000] {processor.py:153} INFO - Started process (PID=35) to work on /opt/airflow/dags/currency.py
[2023-03-25T18:59:14.770+0000] {processor.py:743} INFO - Processing file /opt/airflow/dags/currency.py for tasks to queue
[2023-03-25T18:59:14.771+0000] {logging_mixin.py:137} INFO - [2023-03-25T18:59:14.771+0000] {dagbag.py:532} INFO - Filling up the DagBag from /opt/airflow/dags/currency.py
[2023-03-25T18:59:15.469+0000] {processor.py:753} INFO - DAG(s) dict_keys(['currency']) retrieved from /opt/airflow/dags/currency.py
[2023-03-25T18:59:15.584+0000] {logging_mixin.py:137} INFO - [2023-03-25T18:59:15.583+0000] {dag.py:2693} INFO - Sync 1 DAGs
[2023-03-25T18:59:15.620+0000] {logging_mixin.py:137} INFO - [2023-03-25T18:59:15.620+0000] {dag.py:3444} INFO - Setting next_dagrun for currency to 2023-03-25T07:05:00+00:00, run_after=2023-03-26T07:05:00+00:00
[2023-03-25T18:59:15.652+0000] {processor.py:175} INFO - Processing /opt/airflow/dags/currency.py took 0.907 seconds
[2023-03-25T18:59:46.130+0000] {processor.py:153} INFO - Started process (PID=45) to work on /opt/airflow/dags/currency.py
[2023-03-25T18:59:46.131+0000] {processor.py:743} INFO - Processing file /opt/airflow/dags/currency.py for tasks to queue
[2023-03-25T18:59:46.132+0000] {logging_mixin.py:137} INFO - [2023-03-25T18:59:46.132+0000] {dagbag.py:532} INFO - Filling up the DagBag from /opt/airflow/dags/currency.py
[2023-03-25T18:59:46.552+0000] {processor.py:753} INFO - DAG(s) dict_keys(['currency']) retrieved from /opt/airflow/dags/currency.py
[2023-03-25T18:59:46.662+0000] {logging_mixin.py:137} INFO - [2023-03-25T18:59:46.662+0000] {dag.py:2693} INFO - Sync 1 DAGs
[2023-03-25T18:59:46.695+0000] {logging_mixin.py:137} INFO - [2023-03-25T18:59:46.694+0000] {dag.py:3444} INFO - Setting next_dagrun for currency to 2023-03-25T07:05:00+00:00, run_after=2023-03-26T07:05:00+00:00
[2023-03-25T18:59:46.719+0000] {processor.py:175} INFO - Processing /opt/airflow/dags/currency.py took 0.593 seconds
[2023-03-25T19:00:16.936+0000] {processor.py:153} INFO - Started process (PID=56) to work on /opt/airflow/dags/currency.py
[2023-03-25T19:00:16.961+0000] {processor.py:743} INFO - Processing file /opt/airflow/dags/currency.py for tasks to queue
[2023-03-25T19:00:16.961+0000] {logging_mixin.py:137} INFO - [2023-03-25T19:00:16.961+0000] {dagbag.py:532} INFO - Filling up the DagBag from /opt/airflow/dags/currency.py
[2023-03-25T19:00:17.395+0000] {processor.py:753} INFO - DAG(s) dict_keys(['currency']) retrieved from /opt/airflow/dags/currency.py
[2023-03-25T19:00:17.474+0000] {logging_mixin.py:137} INFO - [2023-03-25T19:00:17.473+0000] {dag.py:2693} INFO - Sync 1 DAGs
[2023-03-25T19:00:17.507+0000] {logging_mixin.py:137} INFO - [2023-03-25T19:00:17.507+0000] {dag.py:3444} INFO - Setting next_dagrun for currency to 2023-03-25T07:05:00+00:00, run_after=2023-03-26T07:05:00+00:00
[2023-03-25T19:00:17.532+0000] {processor.py:175} INFO - Processing /opt/airflow/dags/currency.py took 0.600 seconds
[2023-03-25T19:00:47.800+0000] {processor.py:153} INFO - Started process (PID=66) to work on /opt/airflow/dags/currency.py
[2023-03-25T19:00:47.801+0000] {processor.py:743} INFO - Processing file /opt/airflow/dags/currency.py for tasks to queue
[2023-03-25T19:00:47.803+0000] {logging_mixin.py:137} INFO - [2023-03-25T19:00:47.802+0000] {dagbag.py:532} INFO - Filling up the DagBag from /opt/airflow/dags/currency.py
[2023-03-25T19:00:48.233+0000] {processor.py:753} INFO - DAG(s) dict_keys(['currency']) retrieved from /opt/airflow/dags/currency.py
[2023-03-25T19:00:48.320+0000] {logging_mixin.py:137} INFO - [2023-03-25T19:00:48.320+0000] {dag.py:2693} INFO - Sync 1 DAGs
[2023-03-25T19:00:48.352+0000] {logging_mixin.py:137} INFO - [2023-03-25T19:00:48.352+0000] {dag.py:3444} INFO - Setting next_dagrun for currency to 2023-03-25T07:05:00+00:00, run_after=2023-03-26T07:05:00+00:00
[2023-03-25T19:00:48.381+0000] {processor.py:175} INFO - Processing /opt/airflow/dags/currency.py took 0.587 seconds
[2023-03-25T19:01:18.676+0000] {processor.py:153} INFO - Started process (PID=80) to work on /opt/airflow/dags/currency.py
[2023-03-25T19:01:18.688+0000] {processor.py:743} INFO - Processing file /opt/airflow/dags/currency.py for tasks to queue
[2023-03-25T19:01:18.689+0000] {logging_mixin.py:137} INFO - [2023-03-25T19:01:18.689+0000] {dagbag.py:532} INFO - Filling up the DagBag from /opt/airflow/dags/currency.py
[2023-03-25T19:01:19.105+0000] {processor.py:753} INFO - DAG(s) dict_keys(['currency']) retrieved from /opt/airflow/dags/currency.py
[2023-03-25T19:01:19.188+0000] {logging_mixin.py:137} INFO - [2023-03-25T19:01:19.188+0000] {dag.py:2693} INFO - Sync 1 DAGs
[2023-03-25T19:01:19.221+0000] {logging_mixin.py:137} INFO - [2023-03-25T19:01:19.220+0000] {dag.py:3444} INFO - Setting next_dagrun for currency to 2023-03-25T07:05:00+00:00, run_after=2023-03-26T07:05:00+00:00
[2023-03-25T19:01:19.247+0000] {processor.py:175} INFO - Processing /opt/airflow/dags/currency.py took 0.580 seconds
[2023-03-25T19:01:49.542+0000] {processor.py:153} INFO - Started process (PID=98) to work on /opt/airflow/dags/currency.py
[2023-03-25T19:01:49.543+0000] {processor.py:743} INFO - Processing file /opt/airflow/dags/currency.py for tasks to queue
[2023-03-25T19:01:49.544+0000] {logging_mixin.py:137} INFO - [2023-03-25T19:01:49.544+0000] {dagbag.py:532} INFO - Filling up the DagBag from /opt/airflow/dags/currency.py
[2023-03-25T19:01:49.959+0000] {processor.py:753} INFO - DAG(s) dict_keys(['currency']) retrieved from /opt/airflow/dags/currency.py
[2023-03-25T19:01:50.037+0000] {logging_mixin.py:137} INFO - [2023-03-25T19:01:50.037+0000] {dag.py:2693} INFO - Sync 1 DAGs
[2023-03-25T19:01:50.066+0000] {logging_mixin.py:137} INFO - [2023-03-25T19:01:50.066+0000] {dag.py:3444} INFO - Setting next_dagrun for currency to 2023-03-25T07:05:00+00:00, run_after=2023-03-26T07:05:00+00:00
[2023-03-25T19:01:50.087+0000] {processor.py:175} INFO - Processing /opt/airflow/dags/currency.py took 0.550 seconds
[2023-03-25T19:02:20.320+0000] {processor.py:153} INFO - Started process (PID=108) to work on /opt/airflow/dags/currency.py
[2023-03-25T19:02:20.321+0000] {processor.py:743} INFO - Processing file /opt/airflow/dags/currency.py for tasks to queue
[2023-03-25T19:02:20.322+0000] {logging_mixin.py:137} INFO - [2023-03-25T19:02:20.321+0000] {dagbag.py:532} INFO - Filling up the DagBag from /opt/airflow/dags/currency.py
[2023-03-25T19:02:20.823+0000] {processor.py:753} INFO - DAG(s) dict_keys(['currency']) retrieved from /opt/airflow/dags/currency.py
[2023-03-25T19:02:20.958+0000] {logging_mixin.py:137} INFO - [2023-03-25T19:02:20.957+0000] {dag.py:2693} INFO - Sync 1 DAGs
[2023-03-25T19:02:20.997+0000] {logging_mixin.py:137} INFO - [2023-03-25T19:02:20.996+0000] {dag.py:3444} INFO - Setting next_dagrun for currency to 2023-03-25T07:05:00+00:00, run_after=2023-03-26T07:05:00+00:00
[2023-03-25T19:02:21.024+0000] {processor.py:175} INFO - Processing /opt/airflow/dags/currency.py took 0.708 seconds
[2023-03-25T19:02:51.239+0000] {processor.py:153} INFO - Started process (PID=118) to work on /opt/airflow/dags/currency.py
[2023-03-25T19:02:51.240+0000] {processor.py:743} INFO - Processing file /opt/airflow/dags/currency.py for tasks to queue
[2023-03-25T19:02:51.240+0000] {logging_mixin.py:137} INFO - [2023-03-25T19:02:51.240+0000] {dagbag.py:532} INFO - Filling up the DagBag from /opt/airflow/dags/currency.py
[2023-03-25T19:02:51.679+0000] {processor.py:753} INFO - DAG(s) dict_keys(['currency']) retrieved from /opt/airflow/dags/currency.py
[2023-03-25T19:02:51.771+0000] {logging_mixin.py:137} INFO - [2023-03-25T19:02:51.770+0000] {dag.py:2693} INFO - Sync 1 DAGs
[2023-03-25T19:02:51.801+0000] {logging_mixin.py:137} INFO - [2023-03-25T19:02:51.801+0000] {dag.py:3444} INFO - Setting next_dagrun for currency to 2023-03-25T07:05:00+00:00, run_after=2023-03-26T07:05:00+00:00
[2023-03-25T19:02:51.831+0000] {processor.py:175} INFO - Processing /opt/airflow/dags/currency.py took 0.596 seconds
[2023-03-25T19:03:22.063+0000] {processor.py:153} INFO - Started process (PID=128) to work on /opt/airflow/dags/currency.py
[2023-03-25T19:03:22.064+0000] {processor.py:743} INFO - Processing file /opt/airflow/dags/currency.py for tasks to queue
[2023-03-25T19:03:22.065+0000] {logging_mixin.py:137} INFO - [2023-03-25T19:03:22.065+0000] {dagbag.py:532} INFO - Filling up the DagBag from /opt/airflow/dags/currency.py
[2023-03-25T19:03:22.491+0000] {processor.py:753} INFO - DAG(s) dict_keys(['currency']) retrieved from /opt/airflow/dags/currency.py
[2023-03-25T19:03:22.596+0000] {logging_mixin.py:137} INFO - [2023-03-25T19:03:22.596+0000] {dag.py:2693} INFO - Sync 1 DAGs
[2023-03-25T19:03:22.632+0000] {logging_mixin.py:137} INFO - [2023-03-25T19:03:22.632+0000] {dag.py:3444} INFO - Setting next_dagrun for currency to 2023-03-25T07:05:00+00:00, run_after=2023-03-26T07:05:00+00:00
[2023-03-25T19:03:22.654+0000] {processor.py:175} INFO - Processing /opt/airflow/dags/currency.py took 0.595 seconds
[2023-03-25T19:03:52.910+0000] {processor.py:153} INFO - Started process (PID=139) to work on /opt/airflow/dags/currency.py
[2023-03-25T19:03:52.913+0000] {processor.py:743} INFO - Processing file /opt/airflow/dags/currency.py for tasks to queue
[2023-03-25T19:03:52.914+0000] {logging_mixin.py:137} INFO - [2023-03-25T19:03:52.914+0000] {dagbag.py:532} INFO - Filling up the DagBag from /opt/airflow/dags/currency.py
[2023-03-25T19:03:53.345+0000] {processor.py:753} INFO - DAG(s) dict_keys(['currency']) retrieved from /opt/airflow/dags/currency.py
[2023-03-25T19:03:53.444+0000] {logging_mixin.py:137} INFO - [2023-03-25T19:03:53.444+0000] {dag.py:2693} INFO - Sync 1 DAGs
[2023-03-25T19:03:53.476+0000] {logging_mixin.py:137} INFO - [2023-03-25T19:03:53.476+0000] {dag.py:3444} INFO - Setting next_dagrun for currency to 2023-03-25T07:05:00+00:00, run_after=2023-03-26T07:05:00+00:00
[2023-03-25T19:03:53.522+0000] {processor.py:175} INFO - Processing /opt/airflow/dags/currency.py took 0.619 seconds
