[2023-03-25T17:11:12.413+0000] {processor.py:153} INFO - Started process (PID=33) to work on /opt/airflow/dags/data_merge.py
[2023-03-25T17:11:12.418+0000] {processor.py:743} INFO - Processing file /opt/airflow/dags/data_merge.py for tasks to queue
[2023-03-25T17:11:12.419+0000] {logging_mixin.py:137} INFO - [2023-03-25T17:11:12.418+0000] {dagbag.py:532} INFO - Filling up the DagBag from /opt/airflow/dags/data_merge.py
[2023-03-25T17:11:12.774+0000] {processor.py:753} INFO - DAG(s) dict_keys(['data_merge']) retrieved from /opt/airflow/dags/data_merge.py
[2023-03-25T17:11:12.867+0000] {logging_mixin.py:137} INFO - [2023-03-25T17:11:12.866+0000] {dag.py:2693} INFO - Sync 1 DAGs
[2023-03-25T17:11:12.897+0000] {logging_mixin.py:137} INFO - [2023-03-25T17:11:12.897+0000] {dag.py:3444} INFO - Setting next_dagrun for data_merge to 2023-03-25T17:05:00+00:00, run_after=2023-03-25T17:10:00+00:00
[2023-03-25T17:11:12.944+0000] {processor.py:175} INFO - Processing /opt/airflow/dags/data_merge.py took 0.535 seconds
[2023-03-25T17:11:43.537+0000] {processor.py:153} INFO - Started process (PID=43) to work on /opt/airflow/dags/data_merge.py
[2023-03-25T17:11:43.560+0000] {processor.py:743} INFO - Processing file /opt/airflow/dags/data_merge.py for tasks to queue
[2023-03-25T17:11:43.561+0000] {logging_mixin.py:137} INFO - [2023-03-25T17:11:43.561+0000] {dagbag.py:532} INFO - Filling up the DagBag from /opt/airflow/dags/data_merge.py
[2023-03-25T17:11:43.663+0000] {processor.py:753} INFO - DAG(s) dict_keys(['data_merge']) retrieved from /opt/airflow/dags/data_merge.py
[2023-03-25T17:11:43.760+0000] {logging_mixin.py:137} INFO - [2023-03-25T17:11:43.760+0000] {dag.py:2693} INFO - Sync 1 DAGs
[2023-03-25T17:11:43.798+0000] {logging_mixin.py:137} INFO - [2023-03-25T17:11:43.797+0000] {dag.py:3444} INFO - Setting next_dagrun for data_merge to 2023-03-25T17:05:00+00:00, run_after=2023-03-25T17:10:00+00:00
[2023-03-25T17:11:43.827+0000] {processor.py:175} INFO - Processing /opt/airflow/dags/data_merge.py took 0.294 seconds
[2023-03-25T17:12:14.410+0000] {processor.py:153} INFO - Started process (PID=73) to work on /opt/airflow/dags/data_merge.py
[2023-03-25T17:12:14.422+0000] {processor.py:743} INFO - Processing file /opt/airflow/dags/data_merge.py for tasks to queue
[2023-03-25T17:12:14.424+0000] {logging_mixin.py:137} INFO - [2023-03-25T17:12:14.424+0000] {dagbag.py:532} INFO - Filling up the DagBag from /opt/airflow/dags/data_merge.py
[2023-03-25T17:12:14.505+0000] {processor.py:753} INFO - DAG(s) dict_keys(['data_merge']) retrieved from /opt/airflow/dags/data_merge.py
[2023-03-25T17:12:14.578+0000] {logging_mixin.py:137} INFO - [2023-03-25T17:12:14.578+0000] {dag.py:2693} INFO - Sync 1 DAGs
[2023-03-25T17:12:14.610+0000] {logging_mixin.py:137} INFO - [2023-03-25T17:12:14.610+0000] {dag.py:3444} INFO - Setting next_dagrun for data_merge to 2023-03-25T17:10:00+00:00, run_after=2023-03-25T17:15:00+00:00
[2023-03-25T17:12:14.631+0000] {processor.py:175} INFO - Processing /opt/airflow/dags/data_merge.py took 0.226 seconds
[2023-03-25T17:12:45.205+0000] {processor.py:153} INFO - Started process (PID=84) to work on /opt/airflow/dags/data_merge.py
[2023-03-25T17:12:45.206+0000] {processor.py:743} INFO - Processing file /opt/airflow/dags/data_merge.py for tasks to queue
[2023-03-25T17:12:45.206+0000] {logging_mixin.py:137} INFO - [2023-03-25T17:12:45.206+0000] {dagbag.py:532} INFO - Filling up the DagBag from /opt/airflow/dags/data_merge.py
[2023-03-25T17:12:45.266+0000] {processor.py:753} INFO - DAG(s) dict_keys(['data_merge']) retrieved from /opt/airflow/dags/data_merge.py
[2023-03-25T17:12:45.337+0000] {logging_mixin.py:137} INFO - [2023-03-25T17:12:45.337+0000] {dag.py:2693} INFO - Sync 1 DAGs
[2023-03-25T17:12:45.367+0000] {logging_mixin.py:137} INFO - [2023-03-25T17:12:45.367+0000] {dag.py:3444} INFO - Setting next_dagrun for data_merge to 2023-03-25T17:10:00+00:00, run_after=2023-03-25T17:15:00+00:00
[2023-03-25T17:12:45.424+0000] {processor.py:175} INFO - Processing /opt/airflow/dags/data_merge.py took 0.224 seconds
[2023-03-25T17:13:15.954+0000] {processor.py:153} INFO - Started process (PID=98) to work on /opt/airflow/dags/data_merge.py
[2023-03-25T17:13:15.968+0000] {processor.py:743} INFO - Processing file /opt/airflow/dags/data_merge.py for tasks to queue
[2023-03-25T17:13:15.969+0000] {logging_mixin.py:137} INFO - [2023-03-25T17:13:15.969+0000] {dagbag.py:532} INFO - Filling up the DagBag from /opt/airflow/dags/data_merge.py
[2023-03-25T17:13:16.020+0000] {processor.py:753} INFO - DAG(s) dict_keys(['data_merge']) retrieved from /opt/airflow/dags/data_merge.py
[2023-03-25T17:13:16.089+0000] {logging_mixin.py:137} INFO - [2023-03-25T17:13:16.089+0000] {dag.py:2693} INFO - Sync 1 DAGs
[2023-03-25T17:13:16.118+0000] {logging_mixin.py:137} INFO - [2023-03-25T17:13:16.118+0000] {dag.py:3444} INFO - Setting next_dagrun for data_merge to 2023-03-25T17:10:00+00:00, run_after=2023-03-25T17:15:00+00:00
[2023-03-25T17:13:16.139+0000] {processor.py:175} INFO - Processing /opt/airflow/dags/data_merge.py took 0.189 seconds
[2023-03-25T17:13:46.706+0000] {processor.py:153} INFO - Started process (PID=108) to work on /opt/airflow/dags/data_merge.py
[2023-03-25T17:13:46.707+0000] {processor.py:743} INFO - Processing file /opt/airflow/dags/data_merge.py for tasks to queue
[2023-03-25T17:13:46.708+0000] {logging_mixin.py:137} INFO - [2023-03-25T17:13:46.708+0000] {dagbag.py:532} INFO - Filling up the DagBag from /opt/airflow/dags/data_merge.py
[2023-03-25T17:13:46.763+0000] {processor.py:753} INFO - DAG(s) dict_keys(['data_merge']) retrieved from /opt/airflow/dags/data_merge.py
[2023-03-25T17:13:46.839+0000] {logging_mixin.py:137} INFO - [2023-03-25T17:13:46.839+0000] {dag.py:2693} INFO - Sync 1 DAGs
[2023-03-25T17:13:46.867+0000] {logging_mixin.py:137} INFO - [2023-03-25T17:13:46.867+0000] {dag.py:3444} INFO - Setting next_dagrun for data_merge to 2023-03-25T17:10:00+00:00, run_after=2023-03-25T17:15:00+00:00
[2023-03-25T17:13:46.890+0000] {processor.py:175} INFO - Processing /opt/airflow/dags/data_merge.py took 0.188 seconds
[2023-03-25T17:14:17.476+0000] {processor.py:153} INFO - Started process (PID=118) to work on /opt/airflow/dags/data_merge.py
[2023-03-25T17:14:17.483+0000] {processor.py:743} INFO - Processing file /opt/airflow/dags/data_merge.py for tasks to queue
[2023-03-25T17:14:17.484+0000] {logging_mixin.py:137} INFO - [2023-03-25T17:14:17.484+0000] {dagbag.py:532} INFO - Filling up the DagBag from /opt/airflow/dags/data_merge.py
[2023-03-25T17:14:17.568+0000] {processor.py:753} INFO - DAG(s) dict_keys(['data_merge']) retrieved from /opt/airflow/dags/data_merge.py
[2023-03-25T17:14:17.662+0000] {logging_mixin.py:137} INFO - [2023-03-25T17:14:17.662+0000] {dag.py:2693} INFO - Sync 1 DAGs
[2023-03-25T17:14:17.691+0000] {logging_mixin.py:137} INFO - [2023-03-25T17:14:17.691+0000] {dag.py:3444} INFO - Setting next_dagrun for data_merge to 2023-03-25T17:10:00+00:00, run_after=2023-03-25T17:15:00+00:00
[2023-03-25T17:14:17.712+0000] {processor.py:175} INFO - Processing /opt/airflow/dags/data_merge.py took 0.241 seconds
[2023-03-25T17:14:48.271+0000] {processor.py:153} INFO - Started process (PID=128) to work on /opt/airflow/dags/data_merge.py
[2023-03-25T17:14:48.288+0000] {processor.py:743} INFO - Processing file /opt/airflow/dags/data_merge.py for tasks to queue
[2023-03-25T17:14:48.289+0000] {logging_mixin.py:137} INFO - [2023-03-25T17:14:48.289+0000] {dagbag.py:532} INFO - Filling up the DagBag from /opt/airflow/dags/data_merge.py
[2023-03-25T17:14:48.345+0000] {processor.py:753} INFO - DAG(s) dict_keys(['data_merge']) retrieved from /opt/airflow/dags/data_merge.py
[2023-03-25T17:14:48.423+0000] {logging_mixin.py:137} INFO - [2023-03-25T17:14:48.422+0000] {dag.py:2693} INFO - Sync 1 DAGs
[2023-03-25T17:14:48.450+0000] {logging_mixin.py:137} INFO - [2023-03-25T17:14:48.450+0000] {dag.py:3444} INFO - Setting next_dagrun for data_merge to 2023-03-25T17:10:00+00:00, run_after=2023-03-25T17:15:00+00:00
[2023-03-25T17:14:48.471+0000] {processor.py:175} INFO - Processing /opt/airflow/dags/data_merge.py took 0.206 seconds
[2023-03-25T17:15:19.006+0000] {processor.py:153} INFO - Started process (PID=158) to work on /opt/airflow/dags/data_merge.py
[2023-03-25T17:15:19.007+0000] {processor.py:743} INFO - Processing file /opt/airflow/dags/data_merge.py for tasks to queue
[2023-03-25T17:15:19.008+0000] {logging_mixin.py:137} INFO - [2023-03-25T17:15:19.007+0000] {dagbag.py:532} INFO - Filling up the DagBag from /opt/airflow/dags/data_merge.py
[2023-03-25T17:15:19.066+0000] {processor.py:753} INFO - DAG(s) dict_keys(['data_merge']) retrieved from /opt/airflow/dags/data_merge.py
[2023-03-25T17:15:19.158+0000] {logging_mixin.py:137} INFO - [2023-03-25T17:15:19.158+0000] {dag.py:2693} INFO - Sync 1 DAGs
[2023-03-25T17:15:19.189+0000] {logging_mixin.py:137} INFO - [2023-03-25T17:15:19.189+0000] {dag.py:3444} INFO - Setting next_dagrun for data_merge to 2023-03-25T17:15:00+00:00, run_after=2023-03-25T17:20:00+00:00
[2023-03-25T17:15:19.215+0000] {processor.py:175} INFO - Processing /opt/airflow/dags/data_merge.py took 0.213 seconds
[2023-03-25T17:15:49.702+0000] {processor.py:153} INFO - Started process (PID=168) to work on /opt/airflow/dags/data_merge.py
[2023-03-25T17:15:49.720+0000] {processor.py:743} INFO - Processing file /opt/airflow/dags/data_merge.py for tasks to queue
[2023-03-25T17:15:49.721+0000] {logging_mixin.py:137} INFO - [2023-03-25T17:15:49.720+0000] {dagbag.py:532} INFO - Filling up the DagBag from /opt/airflow/dags/data_merge.py
[2023-03-25T17:15:49.787+0000] {processor.py:753} INFO - DAG(s) dict_keys(['data_merge']) retrieved from /opt/airflow/dags/data_merge.py
[2023-03-25T17:15:49.864+0000] {logging_mixin.py:137} INFO - [2023-03-25T17:15:49.864+0000] {dag.py:2693} INFO - Sync 1 DAGs
[2023-03-25T17:15:49.896+0000] {logging_mixin.py:137} INFO - [2023-03-25T17:15:49.896+0000] {dag.py:3444} INFO - Setting next_dagrun for data_merge to 2023-03-25T17:15:00+00:00, run_after=2023-03-25T17:20:00+00:00
[2023-03-25T17:15:49.926+0000] {processor.py:175} INFO - Processing /opt/airflow/dags/data_merge.py took 0.227 seconds
[2023-03-25T17:16:20.459+0000] {processor.py:153} INFO - Started process (PID=182) to work on /opt/airflow/dags/data_merge.py
[2023-03-25T17:16:20.460+0000] {processor.py:743} INFO - Processing file /opt/airflow/dags/data_merge.py for tasks to queue
[2023-03-25T17:16:20.460+0000] {logging_mixin.py:137} INFO - [2023-03-25T17:16:20.460+0000] {dagbag.py:532} INFO - Filling up the DagBag from /opt/airflow/dags/data_merge.py
[2023-03-25T17:16:20.554+0000] {processor.py:753} INFO - DAG(s) dict_keys(['data_merge']) retrieved from /opt/airflow/dags/data_merge.py
[2023-03-25T17:16:20.680+0000] {logging_mixin.py:137} INFO - [2023-03-25T17:16:20.680+0000] {dag.py:2693} INFO - Sync 1 DAGs
[2023-03-25T17:16:20.729+0000] {logging_mixin.py:137} INFO - [2023-03-25T17:16:20.729+0000] {dag.py:3444} INFO - Setting next_dagrun for data_merge to 2023-03-25T17:15:00+00:00, run_after=2023-03-25T17:20:00+00:00
[2023-03-25T17:16:20.773+0000] {processor.py:175} INFO - Processing /opt/airflow/dags/data_merge.py took 0.326 seconds
[2023-03-25T17:16:51.309+0000] {processor.py:153} INFO - Started process (PID=193) to work on /opt/airflow/dags/data_merge.py
[2023-03-25T17:16:51.310+0000] {processor.py:743} INFO - Processing file /opt/airflow/dags/data_merge.py for tasks to queue
[2023-03-25T17:16:51.310+0000] {logging_mixin.py:137} INFO - [2023-03-25T17:16:51.310+0000] {dagbag.py:532} INFO - Filling up the DagBag from /opt/airflow/dags/data_merge.py
[2023-03-25T17:16:51.367+0000] {processor.py:753} INFO - DAG(s) dict_keys(['data_merge']) retrieved from /opt/airflow/dags/data_merge.py
[2023-03-25T17:16:51.436+0000] {logging_mixin.py:137} INFO - [2023-03-25T17:16:51.436+0000] {dag.py:2693} INFO - Sync 1 DAGs
[2023-03-25T17:16:51.464+0000] {logging_mixin.py:137} INFO - [2023-03-25T17:16:51.464+0000] {dag.py:3444} INFO - Setting next_dagrun for data_merge to 2023-03-25T17:15:00+00:00, run_after=2023-03-25T17:20:00+00:00
[2023-03-25T17:16:51.484+0000] {processor.py:175} INFO - Processing /opt/airflow/dags/data_merge.py took 0.180 seconds
[2023-03-25T17:17:22.024+0000] {processor.py:153} INFO - Started process (PID=204) to work on /opt/airflow/dags/data_merge.py
[2023-03-25T17:17:22.025+0000] {processor.py:743} INFO - Processing file /opt/airflow/dags/data_merge.py for tasks to queue
[2023-03-25T17:17:22.026+0000] {logging_mixin.py:137} INFO - [2023-03-25T17:17:22.026+0000] {dagbag.py:532} INFO - Filling up the DagBag from /opt/airflow/dags/data_merge.py
[2023-03-25T17:17:22.082+0000] {processor.py:753} INFO - DAG(s) dict_keys(['data_merge']) retrieved from /opt/airflow/dags/data_merge.py
[2023-03-25T17:17:22.150+0000] {logging_mixin.py:137} INFO - [2023-03-25T17:17:22.150+0000] {dag.py:2693} INFO - Sync 1 DAGs
[2023-03-25T17:17:22.178+0000] {logging_mixin.py:137} INFO - [2023-03-25T17:17:22.177+0000] {dag.py:3444} INFO - Setting next_dagrun for data_merge to 2023-03-25T17:15:00+00:00, run_after=2023-03-25T17:20:00+00:00
[2023-03-25T17:17:22.198+0000] {processor.py:175} INFO - Processing /opt/airflow/dags/data_merge.py took 0.178 seconds
[2023-03-25T17:17:52.733+0000] {processor.py:153} INFO - Started process (PID=214) to work on /opt/airflow/dags/data_merge.py
[2023-03-25T17:17:52.734+0000] {processor.py:743} INFO - Processing file /opt/airflow/dags/data_merge.py for tasks to queue
[2023-03-25T17:17:52.735+0000] {logging_mixin.py:137} INFO - [2023-03-25T17:17:52.735+0000] {dagbag.py:532} INFO - Filling up the DagBag from /opt/airflow/dags/data_merge.py
[2023-03-25T17:17:52.792+0000] {processor.py:753} INFO - DAG(s) dict_keys(['data_merge']) retrieved from /opt/airflow/dags/data_merge.py
[2023-03-25T17:17:52.860+0000] {logging_mixin.py:137} INFO - [2023-03-25T17:17:52.860+0000] {dag.py:2693} INFO - Sync 1 DAGs
[2023-03-25T17:17:52.887+0000] {logging_mixin.py:137} INFO - [2023-03-25T17:17:52.887+0000] {dag.py:3444} INFO - Setting next_dagrun for data_merge to 2023-03-25T17:15:00+00:00, run_after=2023-03-25T17:20:00+00:00
[2023-03-25T17:17:52.913+0000] {processor.py:175} INFO - Processing /opt/airflow/dags/data_merge.py took 0.184 seconds
[2023-03-25T17:18:23.530+0000] {processor.py:153} INFO - Started process (PID=224) to work on /opt/airflow/dags/data_merge.py
[2023-03-25T17:18:23.531+0000] {processor.py:743} INFO - Processing file /opt/airflow/dags/data_merge.py for tasks to queue
[2023-03-25T17:18:23.531+0000] {logging_mixin.py:137} INFO - [2023-03-25T17:18:23.531+0000] {dagbag.py:532} INFO - Filling up the DagBag from /opt/airflow/dags/data_merge.py
[2023-03-25T17:18:23.590+0000] {processor.py:753} INFO - DAG(s) dict_keys(['data_merge']) retrieved from /opt/airflow/dags/data_merge.py
[2023-03-25T17:18:23.658+0000] {logging_mixin.py:137} INFO - [2023-03-25T17:18:23.658+0000] {dag.py:2693} INFO - Sync 1 DAGs
[2023-03-25T17:18:23.688+0000] {logging_mixin.py:137} INFO - [2023-03-25T17:18:23.688+0000] {dag.py:3444} INFO - Setting next_dagrun for data_merge to 2023-03-25T17:15:00+00:00, run_after=2023-03-25T17:20:00+00:00
[2023-03-25T17:18:23.710+0000] {processor.py:175} INFO - Processing /opt/airflow/dags/data_merge.py took 0.184 seconds
[2023-03-25T17:18:54.241+0000] {processor.py:153} INFO - Started process (PID=235) to work on /opt/airflow/dags/data_merge.py
[2023-03-25T17:18:54.242+0000] {processor.py:743} INFO - Processing file /opt/airflow/dags/data_merge.py for tasks to queue
[2023-03-25T17:18:54.242+0000] {logging_mixin.py:137} INFO - [2023-03-25T17:18:54.242+0000] {dagbag.py:532} INFO - Filling up the DagBag from /opt/airflow/dags/data_merge.py
[2023-03-25T17:18:54.296+0000] {processor.py:753} INFO - DAG(s) dict_keys(['data_merge']) retrieved from /opt/airflow/dags/data_merge.py
[2023-03-25T17:18:54.361+0000] {logging_mixin.py:137} INFO - [2023-03-25T17:18:54.361+0000] {dag.py:2693} INFO - Sync 1 DAGs
[2023-03-25T17:18:54.391+0000] {logging_mixin.py:137} INFO - [2023-03-25T17:18:54.390+0000] {dag.py:3444} INFO - Setting next_dagrun for data_merge to 2023-03-25T17:15:00+00:00, run_after=2023-03-25T17:20:00+00:00
[2023-03-25T17:18:54.411+0000] {processor.py:175} INFO - Processing /opt/airflow/dags/data_merge.py took 0.174 seconds
[2023-03-25T17:19:24.507+0000] {processor.py:153} INFO - Started process (PID=246) to work on /opt/airflow/dags/data_merge.py
[2023-03-25T17:19:24.508+0000] {processor.py:743} INFO - Processing file /opt/airflow/dags/data_merge.py for tasks to queue
[2023-03-25T17:19:24.509+0000] {logging_mixin.py:137} INFO - [2023-03-25T17:19:24.509+0000] {dagbag.py:532} INFO - Filling up the DagBag from /opt/airflow/dags/data_merge.py
[2023-03-25T17:19:24.599+0000] {processor.py:753} INFO - DAG(s) dict_keys(['data_merge']) retrieved from /opt/airflow/dags/data_merge.py
[2023-03-25T17:19:24.703+0000] {logging_mixin.py:137} INFO - [2023-03-25T17:19:24.703+0000] {dag.py:2693} INFO - Sync 1 DAGs
[2023-03-25T17:19:24.731+0000] {logging_mixin.py:137} INFO - [2023-03-25T17:19:24.731+0000] {dag.py:3444} INFO - Setting next_dagrun for data_merge to 2023-03-25T17:15:00+00:00, run_after=2023-03-25T17:20:00+00:00
[2023-03-25T17:19:24.752+0000] {processor.py:175} INFO - Processing /opt/airflow/dags/data_merge.py took 0.251 seconds
[2023-03-25T17:19:55.342+0000] {processor.py:153} INFO - Started process (PID=256) to work on /opt/airflow/dags/data_merge.py
[2023-03-25T17:19:55.343+0000] {processor.py:743} INFO - Processing file /opt/airflow/dags/data_merge.py for tasks to queue
[2023-03-25T17:19:55.344+0000] {logging_mixin.py:137} INFO - [2023-03-25T17:19:55.343+0000] {dagbag.py:532} INFO - Filling up the DagBag from /opt/airflow/dags/data_merge.py
[2023-03-25T17:19:55.401+0000] {processor.py:753} INFO - DAG(s) dict_keys(['data_merge']) retrieved from /opt/airflow/dags/data_merge.py
[2023-03-25T17:19:55.473+0000] {logging_mixin.py:137} INFO - [2023-03-25T17:19:55.473+0000] {dag.py:2693} INFO - Sync 1 DAGs
[2023-03-25T17:19:55.503+0000] {logging_mixin.py:137} INFO - [2023-03-25T17:19:55.503+0000] {dag.py:3444} INFO - Setting next_dagrun for data_merge to 2023-03-25T17:15:00+00:00, run_after=2023-03-25T17:20:00+00:00
[2023-03-25T17:19:55.524+0000] {processor.py:175} INFO - Processing /opt/airflow/dags/data_merge.py took 0.186 seconds
[2023-03-25T17:20:26.174+0000] {processor.py:153} INFO - Started process (PID=266) to work on /opt/airflow/dags/data_merge.py
[2023-03-25T17:20:26.175+0000] {processor.py:743} INFO - Processing file /opt/airflow/dags/data_merge.py for tasks to queue
[2023-03-25T17:20:26.176+0000] {logging_mixin.py:137} INFO - [2023-03-25T17:20:26.176+0000] {dagbag.py:532} INFO - Filling up the DagBag from /opt/airflow/dags/data_merge.py
[2023-03-25T17:20:26.233+0000] {processor.py:753} INFO - DAG(s) dict_keys(['data_merge']) retrieved from /opt/airflow/dags/data_merge.py
[2023-03-25T17:20:26.302+0000] {logging_mixin.py:137} INFO - [2023-03-25T17:20:26.302+0000] {dag.py:2693} INFO - Sync 1 DAGs
[2023-03-25T17:20:26.333+0000] {logging_mixin.py:137} INFO - [2023-03-25T17:20:26.333+0000] {dag.py:3444} INFO - Setting next_dagrun for data_merge to 2023-03-25T17:15:00+00:00, run_after=2023-03-25T17:20:00+00:00
[2023-03-25T17:20:26.359+0000] {processor.py:175} INFO - Processing /opt/airflow/dags/data_merge.py took 0.191 seconds
[2023-03-25T17:20:56.969+0000] {processor.py:153} INFO - Started process (PID=277) to work on /opt/airflow/dags/data_merge.py
[2023-03-25T17:20:56.970+0000] {processor.py:743} INFO - Processing file /opt/airflow/dags/data_merge.py for tasks to queue
[2023-03-25T17:20:56.971+0000] {logging_mixin.py:137} INFO - [2023-03-25T17:20:56.971+0000] {dagbag.py:532} INFO - Filling up the DagBag from /opt/airflow/dags/data_merge.py
[2023-03-25T17:20:57.027+0000] {processor.py:753} INFO - DAG(s) dict_keys(['data_merge']) retrieved from /opt/airflow/dags/data_merge.py
[2023-03-25T17:20:57.117+0000] {logging_mixin.py:137} INFO - [2023-03-25T17:20:57.115+0000] {dag.py:2693} INFO - Sync 1 DAGs
[2023-03-25T17:20:57.163+0000] {logging_mixin.py:137} INFO - [2023-03-25T17:20:57.163+0000] {dag.py:3444} INFO - Setting next_dagrun for data_merge to 2023-03-25T17:15:00+00:00, run_after=2023-03-25T17:20:00+00:00
[2023-03-25T17:20:57.200+0000] {processor.py:175} INFO - Processing /opt/airflow/dags/data_merge.py took 0.235 seconds
[2023-03-25T17:23:03.071+0000] {processor.py:153} INFO - Started process (PID=36) to work on /opt/airflow/dags/data_merge.py
[2023-03-25T17:23:03.079+0000] {processor.py:743} INFO - Processing file /opt/airflow/dags/data_merge.py for tasks to queue
[2023-03-25T17:23:03.080+0000] {logging_mixin.py:137} INFO - [2023-03-25T17:23:03.080+0000] {dagbag.py:532} INFO - Filling up the DagBag from /opt/airflow/dags/data_merge.py
[2023-03-25T17:23:03.174+0000] {processor.py:753} INFO - DAG(s) dict_keys(['data_merge']) retrieved from /opt/airflow/dags/data_merge.py
[2023-03-25T17:23:03.259+0000] {logging_mixin.py:137} INFO - [2023-03-25T17:23:03.259+0000] {dag.py:2693} INFO - Sync 1 DAGs
[2023-03-25T17:23:03.292+0000] {logging_mixin.py:137} INFO - [2023-03-25T17:23:03.292+0000] {dag.py:3444} INFO - Setting next_dagrun for data_merge to 2023-03-25T10:10:00+00:00, run_after=2023-03-26T10:10:00+00:00
[2023-03-25T17:23:03.322+0000] {processor.py:175} INFO - Processing /opt/airflow/dags/data_merge.py took 0.261 seconds
[2023-03-25T17:23:34.019+0000] {processor.py:153} INFO - Started process (PID=47) to work on /opt/airflow/dags/data_merge.py
[2023-03-25T17:23:34.021+0000] {processor.py:743} INFO - Processing file /opt/airflow/dags/data_merge.py for tasks to queue
[2023-03-25T17:23:34.022+0000] {logging_mixin.py:137} INFO - [2023-03-25T17:23:34.022+0000] {dagbag.py:532} INFO - Filling up the DagBag from /opt/airflow/dags/data_merge.py
[2023-03-25T17:23:34.085+0000] {processor.py:753} INFO - DAG(s) dict_keys(['data_merge']) retrieved from /opt/airflow/dags/data_merge.py
[2023-03-25T17:23:34.153+0000] {logging_mixin.py:137} INFO - [2023-03-25T17:23:34.153+0000] {dag.py:2693} INFO - Sync 1 DAGs
[2023-03-25T17:23:34.181+0000] {logging_mixin.py:137} INFO - [2023-03-25T17:23:34.181+0000] {dag.py:3444} INFO - Setting next_dagrun for data_merge to 2023-03-25T10:10:00+00:00, run_after=2023-03-26T10:10:00+00:00
[2023-03-25T17:23:34.201+0000] {processor.py:175} INFO - Processing /opt/airflow/dags/data_merge.py took 0.187 seconds
[2023-03-25T17:24:04.866+0000] {processor.py:153} INFO - Started process (PID=57) to work on /opt/airflow/dags/data_merge.py
[2023-03-25T17:24:04.867+0000] {processor.py:743} INFO - Processing file /opt/airflow/dags/data_merge.py for tasks to queue
[2023-03-25T17:24:04.868+0000] {logging_mixin.py:137} INFO - [2023-03-25T17:24:04.868+0000] {dagbag.py:532} INFO - Filling up the DagBag from /opt/airflow/dags/data_merge.py
[2023-03-25T17:24:04.947+0000] {processor.py:753} INFO - DAG(s) dict_keys(['data_merge']) retrieved from /opt/airflow/dags/data_merge.py
[2023-03-25T17:24:05.071+0000] {logging_mixin.py:137} INFO - [2023-03-25T17:24:05.071+0000] {dag.py:2693} INFO - Sync 1 DAGs
[2023-03-25T17:24:05.144+0000] {logging_mixin.py:137} INFO - [2023-03-25T17:24:05.144+0000] {dag.py:3444} INFO - Setting next_dagrun for data_merge to 2023-03-25T10:10:00+00:00, run_after=2023-03-26T10:10:00+00:00
[2023-03-25T17:24:05.186+0000] {processor.py:175} INFO - Processing /opt/airflow/dags/data_merge.py took 0.325 seconds
[2023-03-25T17:55:44.911+0000] {processor.py:153} INFO - Started process (PID=35) to work on /opt/airflow/dags/data_merge.py
[2023-03-25T17:55:45.291+0000] {processor.py:743} INFO - Processing file /opt/airflow/dags/data_merge.py for tasks to queue
[2023-03-25T17:55:45.293+0000] {logging_mixin.py:137} INFO - [2023-03-25T17:55:45.293+0000] {dagbag.py:532} INFO - Filling up the DagBag from /opt/airflow/dags/data_merge.py
[2023-03-25T17:55:45.371+0000] {processor.py:753} INFO - DAG(s) dict_keys(['data_merge']) retrieved from /opt/airflow/dags/data_merge.py
[2023-03-25T17:55:45.466+0000] {logging_mixin.py:137} INFO - [2023-03-25T17:55:45.465+0000] {dag.py:2693} INFO - Sync 1 DAGs
[2023-03-25T17:55:45.497+0000] {logging_mixin.py:137} INFO - [2023-03-25T17:55:45.497+0000] {dag.py:3444} INFO - Setting next_dagrun for data_merge to 2023-03-25T07:10:00+00:00, run_after=2023-03-26T07:10:00+00:00
[2023-03-25T17:55:45.521+0000] {processor.py:175} INFO - Processing /opt/airflow/dags/data_merge.py took 0.614 seconds
[2023-03-25T17:56:15.900+0000] {processor.py:153} INFO - Started process (PID=45) to work on /opt/airflow/dags/data_merge.py
[2023-03-25T17:56:15.901+0000] {processor.py:743} INFO - Processing file /opt/airflow/dags/data_merge.py for tasks to queue
[2023-03-25T17:56:15.901+0000] {logging_mixin.py:137} INFO - [2023-03-25T17:56:15.901+0000] {dagbag.py:532} INFO - Filling up the DagBag from /opt/airflow/dags/data_merge.py
[2023-03-25T17:56:15.953+0000] {processor.py:753} INFO - DAG(s) dict_keys(['data_merge']) retrieved from /opt/airflow/dags/data_merge.py
[2023-03-25T17:56:16.018+0000] {logging_mixin.py:137} INFO - [2023-03-25T17:56:16.018+0000] {dag.py:2693} INFO - Sync 1 DAGs
[2023-03-25T17:56:16.045+0000] {logging_mixin.py:137} INFO - [2023-03-25T17:56:16.045+0000] {dag.py:3444} INFO - Setting next_dagrun for data_merge to 2023-03-25T07:10:00+00:00, run_after=2023-03-26T07:10:00+00:00
[2023-03-25T17:56:16.067+0000] {processor.py:175} INFO - Processing /opt/airflow/dags/data_merge.py took 0.170 seconds
[2023-03-25T17:56:46.648+0000] {processor.py:153} INFO - Started process (PID=55) to work on /opt/airflow/dags/data_merge.py
[2023-03-25T17:56:46.667+0000] {processor.py:743} INFO - Processing file /opt/airflow/dags/data_merge.py for tasks to queue
[2023-03-25T17:56:46.668+0000] {logging_mixin.py:137} INFO - [2023-03-25T17:56:46.668+0000] {dagbag.py:532} INFO - Filling up the DagBag from /opt/airflow/dags/data_merge.py
[2023-03-25T17:56:46.723+0000] {processor.py:753} INFO - DAG(s) dict_keys(['data_merge']) retrieved from /opt/airflow/dags/data_merge.py
[2023-03-25T17:56:46.811+0000] {logging_mixin.py:137} INFO - [2023-03-25T17:56:46.811+0000] {dag.py:2693} INFO - Sync 1 DAGs
[2023-03-25T17:56:46.845+0000] {logging_mixin.py:137} INFO - [2023-03-25T17:56:46.845+0000] {dag.py:3444} INFO - Setting next_dagrun for data_merge to 2023-03-25T07:10:00+00:00, run_after=2023-03-26T07:10:00+00:00
[2023-03-25T17:56:46.876+0000] {processor.py:175} INFO - Processing /opt/airflow/dags/data_merge.py took 0.232 seconds
[2023-03-25T17:57:17.352+0000] {processor.py:153} INFO - Started process (PID=65) to work on /opt/airflow/dags/data_merge.py
[2023-03-25T17:57:17.352+0000] {processor.py:743} INFO - Processing file /opt/airflow/dags/data_merge.py for tasks to queue
[2023-03-25T17:57:17.353+0000] {logging_mixin.py:137} INFO - [2023-03-25T17:57:17.353+0000] {dagbag.py:532} INFO - Filling up the DagBag from /opt/airflow/dags/data_merge.py
[2023-03-25T17:57:17.415+0000] {processor.py:753} INFO - DAG(s) dict_keys(['data_merge']) retrieved from /opt/airflow/dags/data_merge.py
[2023-03-25T17:57:17.493+0000] {logging_mixin.py:137} INFO - [2023-03-25T17:57:17.493+0000] {dag.py:2693} INFO - Sync 1 DAGs
[2023-03-25T17:57:17.526+0000] {logging_mixin.py:137} INFO - [2023-03-25T17:57:17.525+0000] {dag.py:3444} INFO - Setting next_dagrun for data_merge to 2023-03-25T07:10:00+00:00, run_after=2023-03-26T07:10:00+00:00
[2023-03-25T17:57:17.553+0000] {processor.py:175} INFO - Processing /opt/airflow/dags/data_merge.py took 0.205 seconds
[2023-03-25T17:57:48.158+0000] {processor.py:153} INFO - Started process (PID=75) to work on /opt/airflow/dags/data_merge.py
[2023-03-25T17:57:48.178+0000] {processor.py:743} INFO - Processing file /opt/airflow/dags/data_merge.py for tasks to queue
[2023-03-25T17:57:48.178+0000] {logging_mixin.py:137} INFO - [2023-03-25T17:57:48.178+0000] {dagbag.py:532} INFO - Filling up the DagBag from /opt/airflow/dags/data_merge.py
[2023-03-25T17:57:48.245+0000] {processor.py:753} INFO - DAG(s) dict_keys(['data_merge']) retrieved from /opt/airflow/dags/data_merge.py
[2023-03-25T17:57:48.319+0000] {logging_mixin.py:137} INFO - [2023-03-25T17:57:48.319+0000] {dag.py:2693} INFO - Sync 1 DAGs
[2023-03-25T17:57:48.347+0000] {logging_mixin.py:137} INFO - [2023-03-25T17:57:48.346+0000] {dag.py:3444} INFO - Setting next_dagrun for data_merge to 2023-03-25T07:10:00+00:00, run_after=2023-03-26T07:10:00+00:00
[2023-03-25T17:57:48.370+0000] {processor.py:175} INFO - Processing /opt/airflow/dags/data_merge.py took 0.215 seconds
[2023-03-25T17:58:19.057+0000] {processor.py:153} INFO - Started process (PID=85) to work on /opt/airflow/dags/data_merge.py
[2023-03-25T17:58:19.058+0000] {processor.py:743} INFO - Processing file /opt/airflow/dags/data_merge.py for tasks to queue
[2023-03-25T17:58:19.059+0000] {logging_mixin.py:137} INFO - [2023-03-25T17:58:19.059+0000] {dagbag.py:532} INFO - Filling up the DagBag from /opt/airflow/dags/data_merge.py
[2023-03-25T17:58:19.150+0000] {processor.py:753} INFO - DAG(s) dict_keys(['data_merge']) retrieved from /opt/airflow/dags/data_merge.py
[2023-03-25T17:58:19.243+0000] {logging_mixin.py:137} INFO - [2023-03-25T17:58:19.243+0000] {dag.py:2693} INFO - Sync 1 DAGs
[2023-03-25T17:58:19.271+0000] {logging_mixin.py:137} INFO - [2023-03-25T17:58:19.271+0000] {dag.py:3444} INFO - Setting next_dagrun for data_merge to 2023-03-25T07:10:00+00:00, run_after=2023-03-26T07:10:00+00:00
[2023-03-25T17:58:19.292+0000] {processor.py:175} INFO - Processing /opt/airflow/dags/data_merge.py took 0.238 seconds
[2023-03-25T17:58:49.755+0000] {processor.py:153} INFO - Started process (PID=95) to work on /opt/airflow/dags/data_merge.py
[2023-03-25T17:58:49.756+0000] {processor.py:743} INFO - Processing file /opt/airflow/dags/data_merge.py for tasks to queue
[2023-03-25T17:58:49.756+0000] {logging_mixin.py:137} INFO - [2023-03-25T17:58:49.756+0000] {dagbag.py:532} INFO - Filling up the DagBag from /opt/airflow/dags/data_merge.py
[2023-03-25T17:58:49.808+0000] {processor.py:753} INFO - DAG(s) dict_keys(['data_merge']) retrieved from /opt/airflow/dags/data_merge.py
[2023-03-25T17:58:49.884+0000] {logging_mixin.py:137} INFO - [2023-03-25T17:58:49.883+0000] {dag.py:2693} INFO - Sync 1 DAGs
[2023-03-25T17:58:49.911+0000] {logging_mixin.py:137} INFO - [2023-03-25T17:58:49.911+0000] {dag.py:3444} INFO - Setting next_dagrun for data_merge to 2023-03-25T07:10:00+00:00, run_after=2023-03-26T07:10:00+00:00
[2023-03-25T17:58:49.935+0000] {processor.py:175} INFO - Processing /opt/airflow/dags/data_merge.py took 0.184 seconds
[2023-03-25T17:59:20.576+0000] {processor.py:153} INFO - Started process (PID=105) to work on /opt/airflow/dags/data_merge.py
[2023-03-25T17:59:20.577+0000] {processor.py:743} INFO - Processing file /opt/airflow/dags/data_merge.py for tasks to queue
[2023-03-25T17:59:20.578+0000] {logging_mixin.py:137} INFO - [2023-03-25T17:59:20.577+0000] {dagbag.py:532} INFO - Filling up the DagBag from /opt/airflow/dags/data_merge.py
[2023-03-25T17:59:20.634+0000] {processor.py:753} INFO - DAG(s) dict_keys(['data_merge']) retrieved from /opt/airflow/dags/data_merge.py
[2023-03-25T17:59:20.702+0000] {logging_mixin.py:137} INFO - [2023-03-25T17:59:20.702+0000] {dag.py:2693} INFO - Sync 1 DAGs
[2023-03-25T17:59:20.730+0000] {logging_mixin.py:137} INFO - [2023-03-25T17:59:20.730+0000] {dag.py:3444} INFO - Setting next_dagrun for data_merge to 2023-03-25T07:10:00+00:00, run_after=2023-03-26T07:10:00+00:00
[2023-03-25T17:59:20.755+0000] {processor.py:175} INFO - Processing /opt/airflow/dags/data_merge.py took 0.187 seconds
[2023-03-25T17:59:51.318+0000] {processor.py:153} INFO - Started process (PID=115) to work on /opt/airflow/dags/data_merge.py
[2023-03-25T17:59:51.319+0000] {processor.py:743} INFO - Processing file /opt/airflow/dags/data_merge.py for tasks to queue
[2023-03-25T17:59:51.319+0000] {logging_mixin.py:137} INFO - [2023-03-25T17:59:51.319+0000] {dagbag.py:532} INFO - Filling up the DagBag from /opt/airflow/dags/data_merge.py
[2023-03-25T17:59:51.371+0000] {processor.py:753} INFO - DAG(s) dict_keys(['data_merge']) retrieved from /opt/airflow/dags/data_merge.py
[2023-03-25T17:59:51.441+0000] {logging_mixin.py:137} INFO - [2023-03-25T17:59:51.441+0000] {dag.py:2693} INFO - Sync 1 DAGs
[2023-03-25T17:59:51.471+0000] {logging_mixin.py:137} INFO - [2023-03-25T17:59:51.471+0000] {dag.py:3444} INFO - Setting next_dagrun for data_merge to 2023-03-25T07:10:00+00:00, run_after=2023-03-26T07:10:00+00:00
[2023-03-25T17:59:51.491+0000] {processor.py:175} INFO - Processing /opt/airflow/dags/data_merge.py took 0.177 seconds
[2023-03-25T18:00:22.079+0000] {processor.py:153} INFO - Started process (PID=126) to work on /opt/airflow/dags/data_merge.py
[2023-03-25T18:00:22.080+0000] {processor.py:743} INFO - Processing file /opt/airflow/dags/data_merge.py for tasks to queue
[2023-03-25T18:00:22.081+0000] {logging_mixin.py:137} INFO - [2023-03-25T18:00:22.081+0000] {dagbag.py:532} INFO - Filling up the DagBag from /opt/airflow/dags/data_merge.py
[2023-03-25T18:00:22.134+0000] {processor.py:753} INFO - DAG(s) dict_keys(['data_merge']) retrieved from /opt/airflow/dags/data_merge.py
[2023-03-25T18:00:22.199+0000] {logging_mixin.py:137} INFO - [2023-03-25T18:00:22.199+0000] {dag.py:2693} INFO - Sync 1 DAGs
[2023-03-25T18:00:22.225+0000] {logging_mixin.py:137} INFO - [2023-03-25T18:00:22.225+0000] {dag.py:3444} INFO - Setting next_dagrun for data_merge to 2023-03-25T07:10:00+00:00, run_after=2023-03-26T07:10:00+00:00
[2023-03-25T18:00:22.254+0000] {processor.py:175} INFO - Processing /opt/airflow/dags/data_merge.py took 0.178 seconds
[2023-03-25T18:00:52.929+0000] {processor.py:153} INFO - Started process (PID=136) to work on /opt/airflow/dags/data_merge.py
[2023-03-25T18:00:52.930+0000] {processor.py:743} INFO - Processing file /opt/airflow/dags/data_merge.py for tasks to queue
[2023-03-25T18:00:52.931+0000] {logging_mixin.py:137} INFO - [2023-03-25T18:00:52.931+0000] {dagbag.py:532} INFO - Filling up the DagBag from /opt/airflow/dags/data_merge.py
[2023-03-25T18:00:53.014+0000] {processor.py:753} INFO - DAG(s) dict_keys(['data_merge']) retrieved from /opt/airflow/dags/data_merge.py
[2023-03-25T18:00:53.104+0000] {logging_mixin.py:137} INFO - [2023-03-25T18:00:53.103+0000] {dag.py:2693} INFO - Sync 1 DAGs
[2023-03-25T18:00:53.141+0000] {logging_mixin.py:137} INFO - [2023-03-25T18:00:53.141+0000] {dag.py:3444} INFO - Setting next_dagrun for data_merge to 2023-03-25T07:10:00+00:00, run_after=2023-03-26T07:10:00+00:00
[2023-03-25T18:00:53.179+0000] {processor.py:175} INFO - Processing /opt/airflow/dags/data_merge.py took 0.261 seconds
[2023-03-25T18:04:39.561+0000] {processor.py:153} INFO - Started process (PID=35) to work on /opt/airflow/dags/data_merge.py
[2023-03-25T18:04:39.565+0000] {processor.py:743} INFO - Processing file /opt/airflow/dags/data_merge.py for tasks to queue
[2023-03-25T18:04:39.566+0000] {logging_mixin.py:137} INFO - [2023-03-25T18:04:39.566+0000] {dagbag.py:532} INFO - Filling up the DagBag from /opt/airflow/dags/data_merge.py
[2023-03-25T18:04:39.765+0000] {processor.py:753} INFO - DAG(s) dict_keys(['data_merge']) retrieved from /opt/airflow/dags/data_merge.py
[2023-03-25T18:04:39.867+0000] {logging_mixin.py:137} INFO - [2023-03-25T18:04:39.866+0000] {dag.py:2693} INFO - Sync 1 DAGs
[2023-03-25T18:04:39.898+0000] {logging_mixin.py:137} INFO - [2023-03-25T18:04:39.898+0000] {dag.py:3444} INFO - Setting next_dagrun for data_merge to 2023-03-25T07:10:00+00:00, run_after=2023-03-26T07:10:00+00:00
[2023-03-25T18:04:39.922+0000] {processor.py:175} INFO - Processing /opt/airflow/dags/data_merge.py took 0.386 seconds
[2023-03-25T18:05:10.610+0000] {processor.py:153} INFO - Started process (PID=46) to work on /opt/airflow/dags/data_merge.py
[2023-03-25T18:05:10.611+0000] {processor.py:743} INFO - Processing file /opt/airflow/dags/data_merge.py for tasks to queue
[2023-03-25T18:05:10.612+0000] {logging_mixin.py:137} INFO - [2023-03-25T18:05:10.611+0000] {dagbag.py:532} INFO - Filling up the DagBag from /opt/airflow/dags/data_merge.py
[2023-03-25T18:05:10.664+0000] {processor.py:753} INFO - DAG(s) dict_keys(['data_merge']) retrieved from /opt/airflow/dags/data_merge.py
[2023-03-25T18:05:10.727+0000] {logging_mixin.py:137} INFO - [2023-03-25T18:05:10.726+0000] {dag.py:2693} INFO - Sync 1 DAGs
[2023-03-25T18:05:10.754+0000] {logging_mixin.py:137} INFO - [2023-03-25T18:05:10.754+0000] {dag.py:3444} INFO - Setting next_dagrun for data_merge to 2023-03-25T07:10:00+00:00, run_after=2023-03-26T07:10:00+00:00
[2023-03-25T18:05:10.778+0000] {processor.py:175} INFO - Processing /opt/airflow/dags/data_merge.py took 0.172 seconds
[2023-03-25T18:05:41.455+0000] {processor.py:153} INFO - Started process (PID=57) to work on /opt/airflow/dags/data_merge.py
[2023-03-25T18:05:41.455+0000] {processor.py:743} INFO - Processing file /opt/airflow/dags/data_merge.py for tasks to queue
[2023-03-25T18:05:41.456+0000] {logging_mixin.py:137} INFO - [2023-03-25T18:05:41.456+0000] {dagbag.py:532} INFO - Filling up the DagBag from /opt/airflow/dags/data_merge.py
[2023-03-25T18:05:41.507+0000] {processor.py:753} INFO - DAG(s) dict_keys(['data_merge']) retrieved from /opt/airflow/dags/data_merge.py
[2023-03-25T18:05:41.571+0000] {logging_mixin.py:137} INFO - [2023-03-25T18:05:41.571+0000] {dag.py:2693} INFO - Sync 1 DAGs
[2023-03-25T18:05:41.599+0000] {logging_mixin.py:137} INFO - [2023-03-25T18:05:41.599+0000] {dag.py:3444} INFO - Setting next_dagrun for data_merge to 2023-03-25T07:10:00+00:00, run_after=2023-03-26T07:10:00+00:00
[2023-03-25T18:05:41.619+0000] {processor.py:175} INFO - Processing /opt/airflow/dags/data_merge.py took 0.168 seconds
[2023-03-25T18:06:12.212+0000] {processor.py:153} INFO - Started process (PID=68) to work on /opt/airflow/dags/data_merge.py
[2023-03-25T18:06:12.214+0000] {processor.py:743} INFO - Processing file /opt/airflow/dags/data_merge.py for tasks to queue
[2023-03-25T18:06:12.214+0000] {logging_mixin.py:137} INFO - [2023-03-25T18:06:12.214+0000] {dagbag.py:532} INFO - Filling up the DagBag from /opt/airflow/dags/data_merge.py
[2023-03-25T18:06:12.265+0000] {processor.py:753} INFO - DAG(s) dict_keys(['data_merge']) retrieved from /opt/airflow/dags/data_merge.py
[2023-03-25T18:06:12.360+0000] {logging_mixin.py:137} INFO - [2023-03-25T18:06:12.360+0000] {dag.py:2693} INFO - Sync 1 DAGs
[2023-03-25T18:06:12.413+0000] {logging_mixin.py:137} INFO - [2023-03-25T18:06:12.413+0000] {dag.py:3444} INFO - Setting next_dagrun for data_merge to 2023-03-25T07:10:00+00:00, run_after=2023-03-26T07:10:00+00:00
[2023-03-25T18:06:12.453+0000] {processor.py:175} INFO - Processing /opt/airflow/dags/data_merge.py took 0.244 seconds
[2023-03-25T18:59:15.685+0000] {processor.py:153} INFO - Started process (PID=36) to work on /opt/airflow/dags/data_merge.py
[2023-03-25T18:59:15.687+0000] {processor.py:743} INFO - Processing file /opt/airflow/dags/data_merge.py for tasks to queue
[2023-03-25T18:59:15.688+0000] {logging_mixin.py:137} INFO - [2023-03-25T18:59:15.688+0000] {dagbag.py:532} INFO - Filling up the DagBag from /opt/airflow/dags/data_merge.py
[2023-03-25T18:59:15.785+0000] {processor.py:753} INFO - DAG(s) dict_keys(['data_merge']) retrieved from /opt/airflow/dags/data_merge.py
[2023-03-25T18:59:15.879+0000] {logging_mixin.py:137} INFO - [2023-03-25T18:59:15.878+0000] {dag.py:2693} INFO - Sync 1 DAGs
[2023-03-25T18:59:15.915+0000] {logging_mixin.py:137} INFO - [2023-03-25T18:59:15.915+0000] {dag.py:3444} INFO - Setting next_dagrun for data_merge to 2023-03-25T07:10:00+00:00, run_after=2023-03-26T07:10:00+00:00
[2023-03-25T18:59:15.952+0000] {processor.py:175} INFO - Processing /opt/airflow/dags/data_merge.py took 0.272 seconds
[2023-03-25T18:59:46.723+0000] {processor.py:153} INFO - Started process (PID=46) to work on /opt/airflow/dags/data_merge.py
[2023-03-25T18:59:46.725+0000] {processor.py:743} INFO - Processing file /opt/airflow/dags/data_merge.py for tasks to queue
[2023-03-25T18:59:46.726+0000] {logging_mixin.py:137} INFO - [2023-03-25T18:59:46.725+0000] {dagbag.py:532} INFO - Filling up the DagBag from /opt/airflow/dags/data_merge.py
[2023-03-25T18:59:46.776+0000] {processor.py:753} INFO - DAG(s) dict_keys(['data_merge']) retrieved from /opt/airflow/dags/data_merge.py
[2023-03-25T18:59:46.845+0000] {logging_mixin.py:137} INFO - [2023-03-25T18:59:46.845+0000] {dag.py:2693} INFO - Sync 1 DAGs
[2023-03-25T18:59:46.873+0000] {logging_mixin.py:137} INFO - [2023-03-25T18:59:46.873+0000] {dag.py:3444} INFO - Setting next_dagrun for data_merge to 2023-03-25T07:10:00+00:00, run_after=2023-03-26T07:10:00+00:00
[2023-03-25T18:59:46.900+0000] {processor.py:175} INFO - Processing /opt/airflow/dags/data_merge.py took 0.180 seconds
[2023-03-25T19:00:17.554+0000] {processor.py:153} INFO - Started process (PID=57) to work on /opt/airflow/dags/data_merge.py
[2023-03-25T19:00:17.555+0000] {processor.py:743} INFO - Processing file /opt/airflow/dags/data_merge.py for tasks to queue
[2023-03-25T19:00:17.556+0000] {logging_mixin.py:137} INFO - [2023-03-25T19:00:17.556+0000] {dagbag.py:532} INFO - Filling up the DagBag from /opt/airflow/dags/data_merge.py
[2023-03-25T19:00:17.612+0000] {processor.py:753} INFO - DAG(s) dict_keys(['data_merge']) retrieved from /opt/airflow/dags/data_merge.py
[2023-03-25T19:00:17.682+0000] {logging_mixin.py:137} INFO - [2023-03-25T19:00:17.682+0000] {dag.py:2693} INFO - Sync 1 DAGs
[2023-03-25T19:00:17.713+0000] {logging_mixin.py:137} INFO - [2023-03-25T19:00:17.713+0000] {dag.py:3444} INFO - Setting next_dagrun for data_merge to 2023-03-25T07:10:00+00:00, run_after=2023-03-26T07:10:00+00:00
[2023-03-25T19:00:17.733+0000] {processor.py:175} INFO - Processing /opt/airflow/dags/data_merge.py took 0.183 seconds
[2023-03-25T19:00:48.425+0000] {processor.py:153} INFO - Started process (PID=67) to work on /opt/airflow/dags/data_merge.py
[2023-03-25T19:00:48.426+0000] {processor.py:743} INFO - Processing file /opt/airflow/dags/data_merge.py for tasks to queue
[2023-03-25T19:00:48.428+0000] {logging_mixin.py:137} INFO - [2023-03-25T19:00:48.428+0000] {dagbag.py:532} INFO - Filling up the DagBag from /opt/airflow/dags/data_merge.py
[2023-03-25T19:00:48.526+0000] {processor.py:753} INFO - DAG(s) dict_keys(['data_merge']) retrieved from /opt/airflow/dags/data_merge.py
[2023-03-25T19:00:48.634+0000] {logging_mixin.py:137} INFO - [2023-03-25T19:00:48.634+0000] {dag.py:2693} INFO - Sync 1 DAGs
[2023-03-25T19:00:48.669+0000] {logging_mixin.py:137} INFO - [2023-03-25T19:00:48.669+0000] {dag.py:3444} INFO - Setting next_dagrun for data_merge to 2023-03-25T07:10:00+00:00, run_after=2023-03-26T07:10:00+00:00
[2023-03-25T19:00:48.695+0000] {processor.py:175} INFO - Processing /opt/airflow/dags/data_merge.py took 0.276 seconds
[2023-03-25T19:01:19.273+0000] {processor.py:153} INFO - Started process (PID=81) to work on /opt/airflow/dags/data_merge.py
[2023-03-25T19:01:19.274+0000] {processor.py:743} INFO - Processing file /opt/airflow/dags/data_merge.py for tasks to queue
[2023-03-25T19:01:19.276+0000] {logging_mixin.py:137} INFO - [2023-03-25T19:01:19.276+0000] {dagbag.py:532} INFO - Filling up the DagBag from /opt/airflow/dags/data_merge.py
[2023-03-25T19:01:19.339+0000] {processor.py:753} INFO - DAG(s) dict_keys(['data_merge']) retrieved from /opt/airflow/dags/data_merge.py
[2023-03-25T19:01:19.419+0000] {logging_mixin.py:137} INFO - [2023-03-25T19:01:19.418+0000] {dag.py:2693} INFO - Sync 1 DAGs
[2023-03-25T19:01:19.454+0000] {logging_mixin.py:137} INFO - [2023-03-25T19:01:19.454+0000] {dag.py:3444} INFO - Setting next_dagrun for data_merge to 2023-03-25T07:10:00+00:00, run_after=2023-03-26T07:10:00+00:00
[2023-03-25T19:01:19.493+0000] {processor.py:175} INFO - Processing /opt/airflow/dags/data_merge.py took 0.224 seconds
[2023-03-25T19:01:50.111+0000] {processor.py:153} INFO - Started process (PID=99) to work on /opt/airflow/dags/data_merge.py
[2023-03-25T19:01:50.112+0000] {processor.py:743} INFO - Processing file /opt/airflow/dags/data_merge.py for tasks to queue
[2023-03-25T19:01:50.113+0000] {logging_mixin.py:137} INFO - [2023-03-25T19:01:50.112+0000] {dagbag.py:532} INFO - Filling up the DagBag from /opt/airflow/dags/data_merge.py
[2023-03-25T19:01:50.169+0000] {processor.py:753} INFO - DAG(s) dict_keys(['data_merge']) retrieved from /opt/airflow/dags/data_merge.py
[2023-03-25T19:01:50.237+0000] {logging_mixin.py:137} INFO - [2023-03-25T19:01:50.237+0000] {dag.py:2693} INFO - Sync 1 DAGs
[2023-03-25T19:01:50.265+0000] {logging_mixin.py:137} INFO - [2023-03-25T19:01:50.265+0000] {dag.py:3444} INFO - Setting next_dagrun for data_merge to 2023-03-25T07:10:00+00:00, run_after=2023-03-26T07:10:00+00:00
[2023-03-25T19:01:50.285+0000] {processor.py:175} INFO - Processing /opt/airflow/dags/data_merge.py took 0.179 seconds
[2023-03-25T19:02:20.882+0000] {processor.py:153} INFO - Started process (PID=109) to work on /opt/airflow/dags/data_merge.py
[2023-03-25T19:02:20.884+0000] {processor.py:743} INFO - Processing file /opt/airflow/dags/data_merge.py for tasks to queue
[2023-03-25T19:02:20.885+0000] {logging_mixin.py:137} INFO - [2023-03-25T19:02:20.884+0000] {dagbag.py:532} INFO - Filling up the DagBag from /opt/airflow/dags/data_merge.py
[2023-03-25T19:02:20.960+0000] {processor.py:753} INFO - DAG(s) dict_keys(['data_merge']) retrieved from /opt/airflow/dags/data_merge.py
[2023-03-25T19:02:21.057+0000] {logging_mixin.py:137} INFO - [2023-03-25T19:02:21.057+0000] {dag.py:2693} INFO - Sync 1 DAGs
[2023-03-25T19:02:21.106+0000] {logging_mixin.py:137} INFO - [2023-03-25T19:02:21.106+0000] {dag.py:3444} INFO - Setting next_dagrun for data_merge to 2023-03-25T07:10:00+00:00, run_after=2023-03-26T07:10:00+00:00
[2023-03-25T19:02:21.132+0000] {processor.py:175} INFO - Processing /opt/airflow/dags/data_merge.py took 0.255 seconds
[2023-03-25T19:02:51.802+0000] {processor.py:153} INFO - Started process (PID=119) to work on /opt/airflow/dags/data_merge.py
[2023-03-25T19:02:51.803+0000] {processor.py:743} INFO - Processing file /opt/airflow/dags/data_merge.py for tasks to queue
[2023-03-25T19:02:51.804+0000] {logging_mixin.py:137} INFO - [2023-03-25T19:02:51.804+0000] {dagbag.py:532} INFO - Filling up the DagBag from /opt/airflow/dags/data_merge.py
[2023-03-25T19:02:51.861+0000] {processor.py:753} INFO - DAG(s) dict_keys(['data_merge']) retrieved from /opt/airflow/dags/data_merge.py
[2023-03-25T19:02:51.935+0000] {logging_mixin.py:137} INFO - [2023-03-25T19:02:51.934+0000] {dag.py:2693} INFO - Sync 1 DAGs
[2023-03-25T19:02:51.965+0000] {logging_mixin.py:137} INFO - [2023-03-25T19:02:51.965+0000] {dag.py:3444} INFO - Setting next_dagrun for data_merge to 2023-03-25T07:10:00+00:00, run_after=2023-03-26T07:10:00+00:00
[2023-03-25T19:02:51.990+0000] {processor.py:175} INFO - Processing /opt/airflow/dags/data_merge.py took 0.191 seconds
[2023-03-25T19:03:22.679+0000] {processor.py:153} INFO - Started process (PID=129) to work on /opt/airflow/dags/data_merge.py
[2023-03-25T19:03:22.680+0000] {processor.py:743} INFO - Processing file /opt/airflow/dags/data_merge.py for tasks to queue
[2023-03-25T19:03:22.681+0000] {logging_mixin.py:137} INFO - [2023-03-25T19:03:22.681+0000] {dagbag.py:532} INFO - Filling up the DagBag from /opt/airflow/dags/data_merge.py
[2023-03-25T19:03:22.749+0000] {processor.py:753} INFO - DAG(s) dict_keys(['data_merge']) retrieved from /opt/airflow/dags/data_merge.py
[2023-03-25T19:03:22.818+0000] {logging_mixin.py:137} INFO - [2023-03-25T19:03:22.818+0000] {dag.py:2693} INFO - Sync 1 DAGs
[2023-03-25T19:03:22.850+0000] {logging_mixin.py:137} INFO - [2023-03-25T19:03:22.850+0000] {dag.py:3444} INFO - Setting next_dagrun for data_merge to 2023-03-25T07:10:00+00:00, run_after=2023-03-26T07:10:00+00:00
[2023-03-25T19:03:22.874+0000] {processor.py:175} INFO - Processing /opt/airflow/dags/data_merge.py took 0.198 seconds
[2023-03-25T19:03:53.551+0000] {processor.py:153} INFO - Started process (PID=140) to work on /opt/airflow/dags/data_merge.py
[2023-03-25T19:03:53.552+0000] {processor.py:743} INFO - Processing file /opt/airflow/dags/data_merge.py for tasks to queue
[2023-03-25T19:03:53.552+0000] {logging_mixin.py:137} INFO - [2023-03-25T19:03:53.552+0000] {dagbag.py:532} INFO - Filling up the DagBag from /opt/airflow/dags/data_merge.py
[2023-03-25T19:03:53.620+0000] {processor.py:753} INFO - DAG(s) dict_keys(['data_merge']) retrieved from /opt/airflow/dags/data_merge.py
[2023-03-25T19:03:53.706+0000] {logging_mixin.py:137} INFO - [2023-03-25T19:03:53.706+0000] {dag.py:2693} INFO - Sync 1 DAGs
[2023-03-25T19:03:53.745+0000] {logging_mixin.py:137} INFO - [2023-03-25T19:03:53.745+0000] {dag.py:3444} INFO - Setting next_dagrun for data_merge to 2023-03-25T07:10:00+00:00, run_after=2023-03-26T07:10:00+00:00
[2023-03-25T19:03:53.777+0000] {processor.py:175} INFO - Processing /opt/airflow/dags/data_merge.py took 0.230 seconds
