[2023-03-25T19:03:24.087+0000] {taskinstance.py:1084} INFO - Dependencies all met for dep_context=non-requeueable deps ti=<TaskInstance: data_merge.start_task manual__2023-03-25T19:01:16.257574+00:00 [queued]>
[2023-03-25T19:03:24.104+0000] {taskinstance.py:1084} INFO - Dependencies all met for dep_context=requeueable deps ti=<TaskInstance: data_merge.start_task manual__2023-03-25T19:01:16.257574+00:00 [queued]>
[2023-03-25T19:03:24.104+0000] {taskinstance.py:1282} INFO - 
--------------------------------------------------------------------------------
[2023-03-25T19:03:24.104+0000] {taskinstance.py:1283} INFO - Starting attempt 1 of 2
[2023-03-25T19:03:24.104+0000] {taskinstance.py:1284} INFO - 
--------------------------------------------------------------------------------
[2023-03-25T19:03:24.121+0000] {taskinstance.py:1303} INFO - Executing <Task(PythonOperator): start_task> on 2023-03-25 19:01:16.257574+00:00
[2023-03-25T19:03:24.126+0000] {standard_task_runner.py:55} INFO - Started process 191 to run task
[2023-03-25T19:03:24.131+0000] {standard_task_runner.py:82} INFO - Running: ['airflow', 'tasks', 'run', 'data_merge', 'start_task', 'manual__2023-03-25T19:01:16.257574+00:00', '--job-id', '612', '--raw', '--subdir', 'DAGS_FOLDER/data_merge.py', '--cfg-path', '/tmp/tmpaz1jzufw']
[2023-03-25T19:03:24.132+0000] {standard_task_runner.py:83} INFO - Job 612: Subtask start_task
[2023-03-25T19:03:24.201+0000] {task_command.py:388} INFO - Running <TaskInstance: data_merge.start_task manual__2023-03-25T19:01:16.257574+00:00 [running]> on host 6228c0862387
[2023-03-25T19:03:24.277+0000] {taskinstance.py:1511} INFO - Exporting the following env vars:
AIRFLOW_CTX_DAG_OWNER=***
AIRFLOW_CTX_DAG_ID=data_merge
AIRFLOW_CTX_TASK_ID=start_task
AIRFLOW_CTX_EXECUTION_DATE=2023-03-25T19:01:16.257574+00:00
AIRFLOW_CTX_TRY_NUMBER=1
AIRFLOW_CTX_DAG_RUN_ID=manual__2023-03-25T19:01:16.257574+00:00
[2023-03-25T19:03:24.278+0000] {data_merge.py:31} INFO - data_merge DAG has been started
[2023-03-25T19:03:24.278+0000] {python.py:177} INFO - Done. Returned value was: None
[2023-03-25T19:03:24.298+0000] {taskinstance.py:1326} INFO - Marking task as SUCCESS. dag_id=data_merge, task_id=start_task, execution_date=20230325T190116, start_date=20230325T190324, end_date=20230325T190324
[2023-03-25T19:03:24.347+0000] {local_task_job.py:212} INFO - Task exited with return code 0
[2023-03-25T19:03:24.381+0000] {taskinstance.py:2585} INFO - 1 downstream tasks scheduled from follow-on schedule check
