[2023-03-25T19:01:22.854+0000] {taskinstance.py:1084} INFO - Dependencies all met for dep_context=non-requeueable deps ti=<TaskInstance: country.final_task manual__2023-03-25T19:01:10.502473+00:00 [queued]>
[2023-03-25T19:01:22.867+0000] {taskinstance.py:1084} INFO - Dependencies all met for dep_context=requeueable deps ti=<TaskInstance: country.final_task manual__2023-03-25T19:01:10.502473+00:00 [queued]>
[2023-03-25T19:01:22.867+0000] {taskinstance.py:1282} INFO - 
--------------------------------------------------------------------------------
[2023-03-25T19:01:22.867+0000] {taskinstance.py:1283} INFO - Starting attempt 1 of 2
[2023-03-25T19:01:22.867+0000] {taskinstance.py:1284} INFO - 
--------------------------------------------------------------------------------
[2023-03-25T19:01:22.883+0000] {taskinstance.py:1303} INFO - Executing <Task(PythonOperator): final_task> on 2023-03-25 19:01:10.502473+00:00
[2023-03-25T19:01:22.890+0000] {standard_task_runner.py:55} INFO - Started process 116 to run task
[2023-03-25T19:01:22.895+0000] {standard_task_runner.py:82} INFO - Running: ['airflow', 'tasks', 'run', 'country', 'final_task', 'manual__2023-03-25T19:01:10.502473+00:00', '--job-id', '597', '--raw', '--subdir', 'DAGS_FOLDER/country.py', '--cfg-path', '/tmp/tmprkmrbtr4']
[2023-03-25T19:01:22.896+0000] {standard_task_runner.py:83} INFO - Job 597: Subtask final_task
[2023-03-25T19:01:22.987+0000] {task_command.py:388} INFO - Running <TaskInstance: country.final_task manual__2023-03-25T19:01:10.502473+00:00 [running]> on host 6228c0862387
[2023-03-25T19:01:23.160+0000] {taskinstance.py:1511} INFO - Exporting the following env vars:
AIRFLOW_CTX_DAG_OWNER=***
AIRFLOW_CTX_DAG_ID=country
AIRFLOW_CTX_TASK_ID=final_task
AIRFLOW_CTX_EXECUTION_DATE=2023-03-25T19:01:10.502473+00:00
AIRFLOW_CTX_TRY_NUMBER=1
AIRFLOW_CTX_DAG_RUN_ID=manual__2023-03-25T19:01:10.502473+00:00
[2023-03-25T19:01:23.162+0000] {country.py:56} INFO - Country DAG has been finished
[2023-03-25T19:01:23.163+0000] {python.py:177} INFO - Done. Returned value was: None
[2023-03-25T19:01:23.182+0000] {taskinstance.py:1326} INFO - Marking task as SUCCESS. dag_id=country, task_id=final_task, execution_date=20230325T190110, start_date=20230325T190122, end_date=20230325T190123
[2023-03-25T19:01:23.244+0000] {local_task_job.py:212} INFO - Task exited with return code 0
[2023-03-25T19:01:23.270+0000] {taskinstance.py:2585} INFO - 0 downstream tasks scheduled from follow-on schedule check
