[2023-03-25T17:15:04.975+0000] {taskinstance.py:1084} INFO - Dependencies all met for dep_context=non-requeueable deps ti=<TaskInstance: country.Insert_DB scheduled__2023-03-25T17:10:00+00:00 [queued]>
[2023-03-25T17:15:04.986+0000] {taskinstance.py:1084} INFO - Dependencies all met for dep_context=requeueable deps ti=<TaskInstance: country.Insert_DB scheduled__2023-03-25T17:10:00+00:00 [queued]>
[2023-03-25T17:15:04.987+0000] {taskinstance.py:1282} INFO - 
--------------------------------------------------------------------------------
[2023-03-25T17:15:04.987+0000] {taskinstance.py:1283} INFO - Starting attempt 1 of 2
[2023-03-25T17:15:04.987+0000] {taskinstance.py:1284} INFO - 
--------------------------------------------------------------------------------
[2023-03-25T17:15:05.003+0000] {taskinstance.py:1303} INFO - Executing <Task(PythonOperator): Insert_DB> on 2023-03-25 17:10:00+00:00
[2023-03-25T17:15:05.007+0000] {standard_task_runner.py:55} INFO - Started process 196 to run task
[2023-03-25T17:15:05.010+0000] {standard_task_runner.py:82} INFO - Running: ['airflow', 'tasks', 'run', 'country', 'Insert_DB', 'scheduled__2023-03-25T17:10:00+00:00', '--job-id', '562', '--raw', '--subdir', 'DAGS_FOLDER/country.py', '--cfg-path', '/tmp/tmpb1lu6s3f']
[2023-03-25T17:15:05.011+0000] {standard_task_runner.py:83} INFO - Job 562: Subtask Insert_DB
[2023-03-25T17:15:05.101+0000] {task_command.py:388} INFO - Running <TaskInstance: country.Insert_DB scheduled__2023-03-25T17:10:00+00:00 [running]> on host b011aab24652
[2023-03-25T17:15:05.177+0000] {taskinstance.py:1511} INFO - Exporting the following env vars:
AIRFLOW_CTX_DAG_OWNER=***
AIRFLOW_CTX_DAG_ID=country
AIRFLOW_CTX_TASK_ID=Insert_DB
AIRFLOW_CTX_EXECUTION_DATE=2023-03-25T17:10:00+00:00
AIRFLOW_CTX_TRY_NUMBER=1
AIRFLOW_CTX_DAG_RUN_ID=scheduled__2023-03-25T17:10:00+00:00
[2023-03-25T17:15:06.323+0000] {python.py:177} INFO - Done. Returned value was: None
[2023-03-25T17:15:06.339+0000] {taskinstance.py:1326} INFO - Marking task as SUCCESS. dag_id=country, task_id=Insert_DB, execution_date=20230325T171000, start_date=20230325T171504, end_date=20230325T171506
[2023-03-25T17:15:06.403+0000] {local_task_job.py:212} INFO - Task exited with return code 0
[2023-03-25T17:15:06.428+0000] {taskinstance.py:2585} INFO - 1 downstream tasks scheduled from follow-on schedule check
