[2023-03-25T18:05:15.954+0000] {taskinstance.py:1084} INFO - Dependencies all met for dep_context=non-requeueable deps ti=<TaskInstance: data_merge.data_merge_task scheduled__2023-03-25T17:10:00+00:00 [queued]>
[2023-03-25T18:05:15.971+0000] {taskinstance.py:1084} INFO - Dependencies all met for dep_context=requeueable deps ti=<TaskInstance: data_merge.data_merge_task scheduled__2023-03-25T17:10:00+00:00 [queued]>
[2023-03-25T18:05:15.971+0000] {taskinstance.py:1282} INFO - 
--------------------------------------------------------------------------------
[2023-03-25T18:05:15.972+0000] {taskinstance.py:1283} INFO - Starting attempt 1 of 2
[2023-03-25T18:05:15.972+0000] {taskinstance.py:1284} INFO - 
--------------------------------------------------------------------------------
[2023-03-25T18:05:15.987+0000] {taskinstance.py:1303} INFO - Executing <Task(PythonOperator): data_merge_task> on 2023-03-25 17:10:00+00:00
[2023-03-25T18:05:15.992+0000] {standard_task_runner.py:55} INFO - Started process 64 to run task
[2023-03-25T18:05:15.999+0000] {standard_task_runner.py:82} INFO - Running: ['airflow', 'tasks', 'run', 'data_merge', 'data_merge_task', 'scheduled__2023-03-25T17:10:00+00:00', '--job-id', '585', '--raw', '--subdir', 'DAGS_FOLDER/data_merge.py', '--cfg-path', '/tmp/tmpx8s50s2r']
[2023-03-25T18:05:16.000+0000] {standard_task_runner.py:83} INFO - Job 585: Subtask data_merge_task
[2023-03-25T18:05:16.080+0000] {task_command.py:388} INFO - Running <TaskInstance: data_merge.data_merge_task scheduled__2023-03-25T17:10:00+00:00 [running]> on host 6a3dd33bd601
[2023-03-25T18:05:16.152+0000] {taskinstance.py:1511} INFO - Exporting the following env vars:
AIRFLOW_CTX_DAG_OWNER=***
AIRFLOW_CTX_DAG_ID=data_merge
AIRFLOW_CTX_TASK_ID=data_merge_task
AIRFLOW_CTX_EXECUTION_DATE=2023-03-25T17:10:00+00:00
AIRFLOW_CTX_TRY_NUMBER=1
AIRFLOW_CTX_DAG_RUN_ID=scheduled__2023-03-25T17:10:00+00:00
[2023-03-25T18:05:16.185+0000] {python.py:177} INFO - Done. Returned value was: None
[2023-03-25T18:05:16.197+0000] {taskinstance.py:1326} INFO - Marking task as SUCCESS. dag_id=data_merge, task_id=data_merge_task, execution_date=20230325T171000, start_date=20230325T180515, end_date=20230325T180516
[2023-03-25T18:05:16.254+0000] {local_task_job.py:212} INFO - Task exited with return code 0
[2023-03-25T18:05:16.278+0000] {taskinstance.py:2585} INFO - 1 downstream tasks scheduled from follow-on schedule check
