[2023-03-25T17:11:54.870+0000] {taskinstance.py:1084} INFO - Dependencies all met for dep_context=non-requeueable deps ti=<TaskInstance: country.Insert_DB scheduled__2023-03-25T17:05:00+00:00 [queued]>
[2023-03-25T17:11:54.884+0000] {taskinstance.py:1084} INFO - Dependencies all met for dep_context=requeueable deps ti=<TaskInstance: country.Insert_DB scheduled__2023-03-25T17:05:00+00:00 [queued]>
[2023-03-25T17:11:54.884+0000] {taskinstance.py:1282} INFO - 
--------------------------------------------------------------------------------
[2023-03-25T17:11:54.885+0000] {taskinstance.py:1283} INFO - Starting attempt 1 of 2
[2023-03-25T17:11:54.885+0000] {taskinstance.py:1284} INFO - 
--------------------------------------------------------------------------------
[2023-03-25T17:11:54.901+0000] {taskinstance.py:1303} INFO - Executing <Task(PythonOperator): Insert_DB> on 2023-03-25 17:05:00+00:00
[2023-03-25T17:11:54.907+0000] {standard_task_runner.py:55} INFO - Started process 75 to run task
[2023-03-25T17:11:54.911+0000] {standard_task_runner.py:82} INFO - Running: ['airflow', 'tasks', 'run', 'country', 'Insert_DB', 'scheduled__2023-03-25T17:05:00+00:00', '--job-id', '535', '--raw', '--subdir', 'DAGS_FOLDER/country.py', '--cfg-path', '/tmp/tmpn0kvhtoo']
[2023-03-25T17:11:54.911+0000] {standard_task_runner.py:83} INFO - Job 535: Subtask Insert_DB
[2023-03-25T17:11:54.986+0000] {task_command.py:388} INFO - Running <TaskInstance: country.Insert_DB scheduled__2023-03-25T17:05:00+00:00 [running]> on host b011aab24652
[2023-03-25T17:11:55.064+0000] {taskinstance.py:1511} INFO - Exporting the following env vars:
AIRFLOW_CTX_DAG_OWNER=***
AIRFLOW_CTX_DAG_ID=country
AIRFLOW_CTX_TASK_ID=Insert_DB
AIRFLOW_CTX_EXECUTION_DATE=2023-03-25T17:05:00+00:00
AIRFLOW_CTX_TRY_NUMBER=1
AIRFLOW_CTX_DAG_RUN_ID=scheduled__2023-03-25T17:05:00+00:00
[2023-03-25T17:11:56.473+0000] {python.py:177} INFO - Done. Returned value was: None
[2023-03-25T17:11:56.516+0000] {taskinstance.py:1326} INFO - Marking task as SUCCESS. dag_id=country, task_id=Insert_DB, execution_date=20230325T170500, start_date=20230325T171154, end_date=20230325T171156
[2023-03-25T17:11:56.564+0000] {local_task_job.py:212} INFO - Task exited with return code 0
[2023-03-25T17:11:56.593+0000] {taskinstance.py:2585} INFO - 1 downstream tasks scheduled from follow-on schedule check
