[2023-03-25T17:13:02.172+0000] {taskinstance.py:1084} INFO - Dependencies all met for dep_context=non-requeueable deps ti=<TaskInstance: currency.Insert_DB manual__2023-03-25T17:11:51.781773+00:00 [queued]>
[2023-03-25T17:13:02.184+0000] {taskinstance.py:1084} INFO - Dependencies all met for dep_context=requeueable deps ti=<TaskInstance: currency.Insert_DB manual__2023-03-25T17:11:51.781773+00:00 [queued]>
[2023-03-25T17:13:02.184+0000] {taskinstance.py:1282} INFO - 
--------------------------------------------------------------------------------
[2023-03-25T17:13:02.184+0000] {taskinstance.py:1283} INFO - Starting attempt 1 of 2
[2023-03-25T17:13:02.184+0000] {taskinstance.py:1284} INFO - 
--------------------------------------------------------------------------------
[2023-03-25T17:13:02.199+0000] {taskinstance.py:1303} INFO - Executing <Task(PythonOperator): Insert_DB> on 2023-03-25 17:11:51.781773+00:00
[2023-03-25T17:13:02.203+0000] {standard_task_runner.py:55} INFO - Started process 127 to run task
[2023-03-25T17:13:02.206+0000] {standard_task_runner.py:82} INFO - Running: ['airflow', 'tasks', 'run', 'currency', 'Insert_DB', 'manual__2023-03-25T17:11:51.781773+00:00', '--job-id', '550', '--raw', '--subdir', 'DAGS_FOLDER/currency.py', '--cfg-path', '/tmp/tmpoyrv3a9i']
[2023-03-25T17:13:02.207+0000] {standard_task_runner.py:83} INFO - Job 550: Subtask Insert_DB
[2023-03-25T17:13:02.274+0000] {task_command.py:388} INFO - Running <TaskInstance: currency.Insert_DB manual__2023-03-25T17:11:51.781773+00:00 [running]> on host b011aab24652
[2023-03-25T17:13:02.357+0000] {taskinstance.py:1511} INFO - Exporting the following env vars:
AIRFLOW_CTX_DAG_OWNER=***
AIRFLOW_CTX_DAG_ID=currency
AIRFLOW_CTX_TASK_ID=Insert_DB
AIRFLOW_CTX_EXECUTION_DATE=2023-03-25T17:11:51.781773+00:00
AIRFLOW_CTX_TRY_NUMBER=1
AIRFLOW_CTX_DAG_RUN_ID=manual__2023-03-25T17:11:51.781773+00:00
[2023-03-25T17:13:03.297+0000] {python.py:177} INFO - Done. Returned value was: None
[2023-03-25T17:13:03.308+0000] {taskinstance.py:1326} INFO - Marking task as SUCCESS. dag_id=currency, task_id=Insert_DB, execution_date=20230325T171151, start_date=20230325T171302, end_date=20230325T171303
[2023-03-25T17:13:03.353+0000] {local_task_job.py:212} INFO - Task exited with return code 0
[2023-03-25T17:13:03.406+0000] {taskinstance.py:2585} INFO - 1 downstream tasks scheduled from follow-on schedule check
