[2023-03-25T17:16:05.649+0000] {taskinstance.py:1084} INFO - Dependencies all met for dep_context=non-requeueable deps ti=<TaskInstance: currency.start_task manual__2023-03-25T17:15:01.218531+00:00 [queued]>
[2023-03-25T17:16:05.669+0000] {taskinstance.py:1084} INFO - Dependencies all met for dep_context=requeueable deps ti=<TaskInstance: currency.start_task manual__2023-03-25T17:15:01.218531+00:00 [queued]>
[2023-03-25T17:16:05.669+0000] {taskinstance.py:1282} INFO - 
--------------------------------------------------------------------------------
[2023-03-25T17:16:05.670+0000] {taskinstance.py:1283} INFO - Starting attempt 1 of 2
[2023-03-25T17:16:05.670+0000] {taskinstance.py:1284} INFO - 
--------------------------------------------------------------------------------
[2023-03-25T17:16:05.690+0000] {taskinstance.py:1303} INFO - Executing <Task(PythonOperator): start_task> on 2023-03-25 17:15:01.218531+00:00
[2023-03-25T17:16:05.695+0000] {standard_task_runner.py:55} INFO - Started process 238 to run task
[2023-03-25T17:16:05.699+0000] {standard_task_runner.py:82} INFO - Running: ['airflow', 'tasks', 'run', 'currency', 'start_task', 'manual__2023-03-25T17:15:01.218531+00:00', '--job-id', '572', '--raw', '--subdir', 'DAGS_FOLDER/currency.py', '--cfg-path', '/tmp/tmppuq4ocv6']
[2023-03-25T17:16:05.700+0000] {standard_task_runner.py:83} INFO - Job 572: Subtask start_task
[2023-03-25T17:16:05.775+0000] {task_command.py:388} INFO - Running <TaskInstance: currency.start_task manual__2023-03-25T17:15:01.218531+00:00 [running]> on host b011aab24652
[2023-03-25T17:16:05.856+0000] {taskinstance.py:1511} INFO - Exporting the following env vars:
AIRFLOW_CTX_DAG_OWNER=***
AIRFLOW_CTX_DAG_ID=currency
AIRFLOW_CTX_TASK_ID=start_task
AIRFLOW_CTX_EXECUTION_DATE=2023-03-25T17:15:01.218531+00:00
AIRFLOW_CTX_TRY_NUMBER=1
AIRFLOW_CTX_DAG_RUN_ID=manual__2023-03-25T17:15:01.218531+00:00
[2023-03-25T17:16:05.856+0000] {currency.py:31} INFO - currency DAG has been started
[2023-03-25T17:16:05.857+0000] {python.py:177} INFO - Done. Returned value was: None
[2023-03-25T17:16:05.869+0000] {taskinstance.py:1326} INFO - Marking task as SUCCESS. dag_id=currency, task_id=start_task, execution_date=20230325T171501, start_date=20230325T171605, end_date=20230325T171605
[2023-03-25T17:16:05.914+0000] {local_task_job.py:212} INFO - Task exited with return code 0
[2023-03-25T17:16:05.957+0000] {taskinstance.py:2585} INFO - 1 downstream tasks scheduled from follow-on schedule check
