[2023-03-25T19:03:25.282+0000] {taskinstance.py:1084} INFO - Dependencies all met for dep_context=non-requeueable deps ti=<TaskInstance: data_merge.data_merge_task manual__2023-03-25T19:01:16.257574+00:00 [queued]>
[2023-03-25T19:03:25.294+0000] {taskinstance.py:1084} INFO - Dependencies all met for dep_context=requeueable deps ti=<TaskInstance: data_merge.data_merge_task manual__2023-03-25T19:01:16.257574+00:00 [queued]>
[2023-03-25T19:03:25.294+0000] {taskinstance.py:1282} INFO - 
--------------------------------------------------------------------------------
[2023-03-25T19:03:25.294+0000] {taskinstance.py:1283} INFO - Starting attempt 1 of 2
[2023-03-25T19:03:25.294+0000] {taskinstance.py:1284} INFO - 
--------------------------------------------------------------------------------
[2023-03-25T19:03:25.308+0000] {taskinstance.py:1303} INFO - Executing <Task(PythonOperator): data_merge_task> on 2023-03-25 19:01:16.257574+00:00
[2023-03-25T19:03:25.312+0000] {standard_task_runner.py:55} INFO - Started process 193 to run task
[2023-03-25T19:03:25.316+0000] {standard_task_runner.py:82} INFO - Running: ['airflow', 'tasks', 'run', 'data_merge', 'data_merge_task', 'manual__2023-03-25T19:01:16.257574+00:00', '--job-id', '613', '--raw', '--subdir', 'DAGS_FOLDER/data_merge.py', '--cfg-path', '/tmp/tmpbe0zsa4s']
[2023-03-25T19:03:25.316+0000] {standard_task_runner.py:83} INFO - Job 613: Subtask data_merge_task
[2023-03-25T19:03:25.386+0000] {task_command.py:388} INFO - Running <TaskInstance: data_merge.data_merge_task manual__2023-03-25T19:01:16.257574+00:00 [running]> on host 6228c0862387
[2023-03-25T19:03:25.470+0000] {taskinstance.py:1511} INFO - Exporting the following env vars:
AIRFLOW_CTX_DAG_OWNER=***
AIRFLOW_CTX_DAG_ID=data_merge
AIRFLOW_CTX_TASK_ID=data_merge_task
AIRFLOW_CTX_EXECUTION_DATE=2023-03-25T19:01:16.257574+00:00
AIRFLOW_CTX_TRY_NUMBER=1
AIRFLOW_CTX_DAG_RUN_ID=manual__2023-03-25T19:01:16.257574+00:00
[2023-03-25T19:03:25.569+0000] {python.py:177} INFO - Done. Returned value was: None
[2023-03-25T19:03:25.582+0000] {taskinstance.py:1326} INFO - Marking task as SUCCESS. dag_id=data_merge, task_id=data_merge_task, execution_date=20230325T190116, start_date=20230325T190325, end_date=20230325T190325
[2023-03-25T19:03:25.613+0000] {local_task_job.py:212} INFO - Task exited with return code 0
[2023-03-25T19:03:25.643+0000] {taskinstance.py:2585} INFO - 1 downstream tasks scheduled from follow-on schedule check
