[2023-03-25T17:11:51.587+0000] {taskinstance.py:1084} INFO - Dependencies all met for dep_context=non-requeueable deps ti=<TaskInstance: currency.trigger_dependent_dag scheduled__2023-03-25T17:05:00+00:00 [queued]>
[2023-03-25T17:11:51.601+0000] {taskinstance.py:1084} INFO - Dependencies all met for dep_context=requeueable deps ti=<TaskInstance: currency.trigger_dependent_dag scheduled__2023-03-25T17:05:00+00:00 [queued]>
[2023-03-25T17:11:51.601+0000] {taskinstance.py:1282} INFO - 
--------------------------------------------------------------------------------
[2023-03-25T17:11:51.601+0000] {taskinstance.py:1283} INFO - Starting attempt 1 of 2
[2023-03-25T17:11:51.601+0000] {taskinstance.py:1284} INFO - 
--------------------------------------------------------------------------------
[2023-03-25T17:11:51.616+0000] {taskinstance.py:1303} INFO - Executing <Task(TriggerDagRunOperator): trigger_dependent_dag> on 2023-03-25 17:05:00+00:00
[2023-03-25T17:11:51.622+0000] {standard_task_runner.py:55} INFO - Started process 65 to run task
[2023-03-25T17:11:51.629+0000] {standard_task_runner.py:82} INFO - Running: ['airflow', 'tasks', 'run', 'currency', 'trigger_dependent_dag', 'scheduled__2023-03-25T17:05:00+00:00', '--job-id', '530', '--raw', '--subdir', 'DAGS_FOLDER/currency.py', '--cfg-path', '/tmp/tmpi7l1dezd']
[2023-03-25T17:11:51.630+0000] {standard_task_runner.py:83} INFO - Job 530: Subtask trigger_dependent_dag
[2023-03-25T17:11:51.714+0000] {task_command.py:388} INFO - Running <TaskInstance: currency.trigger_dependent_dag scheduled__2023-03-25T17:05:00+00:00 [running]> on host b011aab24652
[2023-03-25T17:11:51.817+0000] {taskinstance.py:1511} INFO - Exporting the following env vars:
AIRFLOW_CTX_DAG_OWNER=***
AIRFLOW_CTX_DAG_ID=currency
AIRFLOW_CTX_TASK_ID=trigger_dependent_dag
AIRFLOW_CTX_EXECUTION_DATE=2023-03-25T17:05:00+00:00
AIRFLOW_CTX_TRY_NUMBER=1
AIRFLOW_CTX_DAG_RUN_ID=scheduled__2023-03-25T17:05:00+00:00
[2023-03-25T17:11:51.942+0000] {trigger_dagrun.py:177} INFO - Waiting for country on 2023-03-25T17:11:51.817982+00:00 to become allowed state ['success'] ...
[2023-03-25T17:12:52.011+0000] {trigger_dagrun.py:186} INFO - country finished with allowed state success
[2023-03-25T17:12:52.021+0000] {taskinstance.py:1326} INFO - Marking task as SUCCESS. dag_id=currency, task_id=trigger_dependent_dag, execution_date=20230325T170500, start_date=20230325T171151, end_date=20230325T171252
[2023-03-25T17:12:52.073+0000] {local_task_job.py:212} INFO - Task exited with return code 0
[2023-03-25T17:12:52.101+0000] {taskinstance.py:2585} INFO - 1 downstream tasks scheduled from follow-on schedule check
