[2023-03-25T17:11:12.352+0000] {manager.py:483} INFO - Processing files using up to 2 processes at a time 
[2023-03-25T17:11:12.353+0000] {manager.py:484} INFO - Process each file at most once every 30 seconds
[2023-03-25T17:11:12.353+0000] {manager.py:486} INFO - Checking for new files in /opt/airflow/dags every 300 seconds
[2023-03-25T17:11:12.353+0000] {manager.py:726} INFO - Searching for files in /opt/airflow/dags
[2023-03-25T17:11:12.356+0000] {manager.py:729} INFO - There are 3 files in /opt/airflow/dags
[2023-03-25T17:11:12.500+0000] {manager.py:854} INFO - 
================================================================================
DAG File Processing Stats

File Path                          PID  Runtime      # DAGs    # Errors  Last Runtime    Last Run
-------------------------------  -----  ---------  --------  ----------  --------------  ----------
/opt/airflow/dags/country.py                              0           0
/opt/airflow/dags/currency.py       34  0.09s             0           0
/opt/airflow/dags/data_merge.py     33  0.10s             0           0
================================================================================
[2023-03-25T17:11:42.510+0000] {manager.py:854} INFO - 
================================================================================
DAG File Processing Stats

File Path                        PID    Runtime      # DAGs    # Errors  Last Runtime    Last Run
-------------------------------  -----  ---------  --------  ----------  --------------  -------------------
/opt/airflow/dags/country.py                              1           0  0.57s           2023-03-25T17:11:13
/opt/airflow/dags/currency.py                             1           0  0.98s           2023-03-25T17:11:13
/opt/airflow/dags/data_merge.py                           1           0  0.56s           2023-03-25T17:11:12
================================================================================
[2023-03-25T17:12:12.635+0000] {manager.py:854} INFO - 
================================================================================
DAG File Processing Stats

File Path                        PID    Runtime      # DAGs    # Errors  Last Runtime    Last Run
-------------------------------  -----  ---------  --------  ----------  --------------  -------------------
/opt/airflow/dags/country.py                              1           0  0.59s           2023-03-25T17:11:44
/opt/airflow/dags/currency.py                             1           0  0.69s           2023-03-25T17:11:44
/opt/airflow/dags/data_merge.py                           1           0  0.32s           2023-03-25T17:11:43
================================================================================
[2023-03-25T17:12:43.183+0000] {manager.py:854} INFO - 
================================================================================
DAG File Processing Stats

File Path                        PID    Runtime      # DAGs    # Errors  Last Runtime    Last Run
-------------------------------  -----  ---------  --------  ----------  --------------  -------------------
/opt/airflow/dags/country.py                              1           0  0.52s           2023-03-25T17:12:15
/opt/airflow/dags/currency.py                             1           0  0.60s           2023-03-25T17:12:15
/opt/airflow/dags/data_merge.py                           1           0  0.24s           2023-03-25T17:12:14
================================================================================
[2023-03-25T17:13:13.929+0000] {manager.py:854} INFO - 
================================================================================
DAG File Processing Stats

File Path                        PID    Runtime      # DAGs    # Errors  Last Runtime    Last Run
-------------------------------  -----  ---------  --------  ----------  --------------  -------------------
/opt/airflow/dags/country.py                              1           0  0.52s           2023-03-25T17:12:45
/opt/airflow/dags/currency.py                             1           0  0.58s           2023-03-25T17:12:45
/opt/airflow/dags/data_merge.py                           1           0  0.24s           2023-03-25T17:12:45
================================================================================
[2023-03-25T17:13:44.685+0000] {manager.py:854} INFO - 
================================================================================
DAG File Processing Stats

File Path                        PID    Runtime      # DAGs    # Errors  Last Runtime    Last Run
-------------------------------  -----  ---------  --------  ----------  --------------  -------------------
/opt/airflow/dags/country.py                              1           0  0.52s           2023-03-25T17:13:16
/opt/airflow/dags/currency.py                             1           0  0.60s           2023-03-25T17:13:16
/opt/airflow/dags/data_merge.py                           1           0  0.20s           2023-03-25T17:13:16
================================================================================
[2023-03-25T17:14:15.455+0000] {manager.py:854} INFO - 
================================================================================
DAG File Processing Stats

File Path                        PID    Runtime      # DAGs    # Errors  Last Runtime    Last Run
-------------------------------  -----  ---------  --------  ----------  --------------  -------------------
/opt/airflow/dags/country.py                              1           0  0.52s           2023-03-25T17:13:47
/opt/airflow/dags/currency.py                             1           0  0.57s           2023-03-25T17:13:47
/opt/airflow/dags/data_merge.py                           1           0  0.20s           2023-03-25T17:13:46
================================================================================
[2023-03-25T17:14:46.248+0000] {manager.py:854} INFO - 
================================================================================
DAG File Processing Stats

File Path                        PID    Runtime      # DAGs    # Errors  Last Runtime    Last Run
-------------------------------  -----  ---------  --------  ----------  --------------  -------------------
/opt/airflow/dags/country.py                              1           0  0.55s           2023-03-25T17:14:18
/opt/airflow/dags/currency.py                             1           0  0.61s           2023-03-25T17:14:18
/opt/airflow/dags/data_merge.py                           1           0  0.25s           2023-03-25T17:14:17
================================================================================
[2023-03-25T17:15:16.988+0000] {manager.py:854} INFO - 
================================================================================
DAG File Processing Stats

File Path                        PID    Runtime      # DAGs    # Errors  Last Runtime    Last Run
-------------------------------  -----  ---------  --------  ----------  --------------  -------------------
/opt/airflow/dags/country.py                              1           0  0.61s           2023-03-25T17:14:49
/opt/airflow/dags/currency.py                             1           0  0.57s           2023-03-25T17:14:48
/opt/airflow/dags/data_merge.py                           1           0  0.22s           2023-03-25T17:14:48
================================================================================
[2023-03-25T17:15:47.684+0000] {manager.py:854} INFO - 
================================================================================
DAG File Processing Stats

File Path                        PID    Runtime      # DAGs    # Errors  Last Runtime    Last Run
-------------------------------  -----  ---------  --------  ----------  --------------  -------------------
/opt/airflow/dags/country.py                              1           0  0.52s           2023-03-25T17:15:19
/opt/airflow/dags/currency.py                             1           0  0.55s           2023-03-25T17:15:19
/opt/airflow/dags/data_merge.py                           1           0  0.23s           2023-03-25T17:15:19
================================================================================
[2023-03-25T17:16:12.375+0000] {manager.py:726} INFO - Searching for files in /opt/airflow/dags
[2023-03-25T17:16:12.376+0000] {manager.py:729} INFO - There are 3 files in /opt/airflow/dags
[2023-03-25T17:16:18.423+0000] {manager.py:854} INFO - 
================================================================================
DAG File Processing Stats

File Path                        PID    Runtime      # DAGs    # Errors  Last Runtime    Last Run
-------------------------------  -----  ---------  --------  ----------  --------------  -------------------
/opt/airflow/dags/country.py                              1           0  0.54s           2023-03-25T17:15:50
/opt/airflow/dags/currency.py                             1           0  0.57s           2023-03-25T17:15:50
/opt/airflow/dags/data_merge.py                           1           0  0.24s           2023-03-25T17:15:49
================================================================================
[2023-03-25T17:16:48.503+0000] {manager.py:854} INFO - 
================================================================================
DAG File Processing Stats

File Path                        PID    Runtime      # DAGs    # Errors  Last Runtime    Last Run
-------------------------------  -----  ---------  --------  ----------  --------------  -------------------
/opt/airflow/dags/country.py                              1           0  0.57s           2023-03-25T17:16:21
/opt/airflow/dags/currency.py                             1           0  0.70s           2023-03-25T17:16:21
/opt/airflow/dags/data_merge.py                           1           0  0.36s           2023-03-25T17:16:20
================================================================================
[2023-03-25T17:17:19.000+0000] {manager.py:854} INFO - 
================================================================================
DAG File Processing Stats

File Path                        PID    Runtime      # DAGs    # Errors  Last Runtime    Last Run
-------------------------------  -----  ---------  --------  ----------  --------------  -------------------
/opt/airflow/dags/country.py                              1           0  0.52s           2023-03-25T17:16:52
/opt/airflow/dags/currency.py                             1           0  0.55s           2023-03-25T17:16:51
/opt/airflow/dags/data_merge.py                           1           0  0.20s           2023-03-25T17:16:51
================================================================================
[2023-03-25T17:17:49.701+0000] {manager.py:854} INFO - 
================================================================================
DAG File Processing Stats

File Path                        PID    Runtime      # DAGs    # Errors  Last Runtime    Last Run
-------------------------------  -----  ---------  --------  ----------  --------------  -------------------
/opt/airflow/dags/country.py                              1           0  0.54s           2023-03-25T17:17:22
/opt/airflow/dags/currency.py                             1           0  0.53s           2023-03-25T17:17:22
/opt/airflow/dags/data_merge.py                           1           0  0.20s           2023-03-25T17:17:22
================================================================================
[2023-03-25T17:18:20.503+0000] {manager.py:854} INFO - 
================================================================================
DAG File Processing Stats

File Path                        PID    Runtime      # DAGs    # Errors  Last Runtime    Last Run
-------------------------------  -----  ---------  --------  ----------  --------------  -------------------
/opt/airflow/dags/country.py                              1           0  0.51s           2023-03-25T17:17:53
/opt/airflow/dags/currency.py                             1           0  0.62s           2023-03-25T17:17:53
/opt/airflow/dags/data_merge.py                           1           0  0.20s           2023-03-25T17:17:52
================================================================================
[2023-03-25T17:18:51.215+0000] {manager.py:854} INFO - 
================================================================================
DAG File Processing Stats

File Path                        PID    Runtime      # DAGs    # Errors  Last Runtime    Last Run
-------------------------------  -----  ---------  --------  ----------  --------------  -------------------
/opt/airflow/dags/country.py                              1           0  0.52s           2023-03-25T17:18:24
/opt/airflow/dags/currency.py                             1           0  0.55s           2023-03-25T17:18:24
/opt/airflow/dags/data_merge.py                           1           0  0.20s           2023-03-25T17:18:23
================================================================================
[2023-03-25T17:19:21.470+0000] {manager.py:854} INFO - 
================================================================================
DAG File Processing Stats

File Path                        PID    Runtime      # DAGs    # Errors  Last Runtime    Last Run
-------------------------------  -----  ---------  --------  ----------  --------------  -------------------
/opt/airflow/dags/country.py                              1           0  0.56s           2023-03-25T17:18:55
/opt/airflow/dags/currency.py                             1           0  0.53s           2023-03-25T17:18:54
/opt/airflow/dags/data_merge.py                           1           0  0.19s           2023-03-25T17:18:54
================================================================================
[2023-03-25T17:19:52.317+0000] {manager.py:854} INFO - 
================================================================================
DAG File Processing Stats

File Path                        PID    Runtime      # DAGs    # Errors  Last Runtime    Last Run
-------------------------------  -----  ---------  --------  ----------  --------------  -------------------
/opt/airflow/dags/country.py                              1           0  0.66s           2023-03-25T17:19:26
/opt/airflow/dags/currency.py                             1           0  0.70s           2023-03-25T17:19:26
/opt/airflow/dags/data_merge.py                           1           0  0.27s           2023-03-25T17:19:24
================================================================================
[2023-03-25T17:20:23.144+0000] {manager.py:854} INFO - 
================================================================================
DAG File Processing Stats

File Path                        PID    Runtime      # DAGs    # Errors  Last Runtime    Last Run
-------------------------------  -----  ---------  --------  ----------  --------------  -------------------
/opt/airflow/dags/country.py                              1           0  0.68s           2023-03-25T17:19:57
/opt/airflow/dags/currency.py                             1           0  0.65s           2023-03-25T17:19:56
/opt/airflow/dags/data_merge.py                           1           0  0.20s           2023-03-25T17:19:55
================================================================================
[2023-03-25T17:20:53.947+0000] {manager.py:854} INFO - 
================================================================================
DAG File Processing Stats

File Path                        PID    Runtime      # DAGs    # Errors  Last Runtime    Last Run
-------------------------------  -----  ---------  --------  ----------  --------------  -------------------
/opt/airflow/dags/country.py                              1           0  0.66s           2023-03-25T17:20:27
/opt/airflow/dags/currency.py                             1           0  0.64s           2023-03-25T17:20:27
/opt/airflow/dags/data_merge.py                           1           0  0.21s           2023-03-25T17:20:26
================================================================================
[2023-03-25T17:21:06.568+0000] {manager.py:465} INFO - Exiting gracefully upon receiving signal 15
[2023-03-25T17:23:02.029+0000] {manager.py:483} INFO - Processing files using up to 2 processes at a time 
[2023-03-25T17:23:02.054+0000] {manager.py:484} INFO - Process each file at most once every 30 seconds
[2023-03-25T17:23:02.054+0000] {manager.py:486} INFO - Checking for new files in /opt/airflow/dags every 300 seconds
[2023-03-25T17:23:02.054+0000] {manager.py:726} INFO - Searching for files in /opt/airflow/dags
[2023-03-25T17:23:02.056+0000] {manager.py:729} INFO - There are 3 files in /opt/airflow/dags
[2023-03-25T17:23:02.240+0000] {manager.py:854} INFO - 
================================================================================
DAG File Processing Stats

File Path                          PID  Runtime      # DAGs    # Errors  Last Runtime    Last Run
-------------------------------  -----  ---------  --------  ----------  --------------  ----------
/opt/airflow/dags/country.py        34  0.09s             0           0
/opt/airflow/dags/currency.py       35  0.09s             0           0
/opt/airflow/dags/data_merge.py                           0           0
================================================================================
[2023-03-25T17:23:32.375+0000] {manager.py:854} INFO - 
================================================================================
DAG File Processing Stats

File Path                        PID    Runtime      # DAGs    # Errors  Last Runtime    Last Run
-------------------------------  -----  ---------  --------  ----------  --------------  -------------------
/opt/airflow/dags/country.py                              1           0  1.03s           2023-03-25T17:23:03
/opt/airflow/dags/currency.py                             1           0  0.90s           2023-03-25T17:23:03
/opt/airflow/dags/data_merge.py                           1           0  0.30s           2023-03-25T17:23:03
================================================================================
[2023-03-25T17:24:03.217+0000] {manager.py:854} INFO - 
================================================================================
DAG File Processing Stats

File Path                        PID    Runtime      # DAGs    # Errors  Last Runtime    Last Run
-------------------------------  -----  ---------  --------  ----------  --------------  -------------------
/opt/airflow/dags/country.py                              1           0  0.64s           2023-03-25T17:23:34
/opt/airflow/dags/currency.py                             1           0  0.61s           2023-03-25T17:23:34
/opt/airflow/dags/data_merge.py                           1           0  0.20s           2023-03-25T17:23:34
================================================================================
[2023-03-25T17:24:12.644+0000] {manager.py:465} INFO - Exiting gracefully upon receiving signal 15
[2023-03-25T17:55:43.926+0000] {manager.py:483} INFO - Processing files using up to 2 processes at a time 
[2023-03-25T17:55:43.959+0000] {manager.py:484} INFO - Process each file at most once every 30 seconds
[2023-03-25T17:55:43.960+0000] {manager.py:486} INFO - Checking for new files in /opt/airflow/dags every 300 seconds
[2023-03-25T17:55:43.960+0000] {manager.py:726} INFO - Searching for files in /opt/airflow/dags
[2023-03-25T17:55:43.966+0000] {manager.py:729} INFO - There are 3 files in /opt/airflow/dags
[2023-03-25T17:55:44.152+0000] {manager.py:854} INFO - 
================================================================================
DAG File Processing Stats

File Path                          PID  Runtime      # DAGs    # Errors  Last Runtime    Last Run
-------------------------------  -----  ---------  --------  ----------  --------------  ----------
/opt/airflow/dags/country.py        33  0.13s             0           0
/opt/airflow/dags/currency.py       34  0.13s             0           0
/opt/airflow/dags/data_merge.py                           0           0
================================================================================
[2023-03-25T17:56:14.313+0000] {manager.py:854} INFO - 
================================================================================
DAG File Processing Stats

File Path                        PID    Runtime      # DAGs    # Errors  Last Runtime    Last Run
-------------------------------  -----  ---------  --------  ----------  --------------  -------------------
/opt/airflow/dags/country.py                              1           0  0.87s           2023-03-25T17:55:44
/opt/airflow/dags/currency.py                             1           0  0.89s           2023-03-25T17:55:44
/opt/airflow/dags/data_merge.py                           1           0  0.63s           2023-03-25T17:55:45
================================================================================
[2023-03-25T17:56:45.043+0000] {manager.py:854} INFO - 
================================================================================
DAG File Processing Stats

File Path                        PID    Runtime      # DAGs    # Errors  Last Runtime    Last Run
-------------------------------  -----  ---------  --------  ----------  --------------  -------------------
/opt/airflow/dags/country.py                              1           0  0.58s           2023-03-25T17:56:15
/opt/airflow/dags/currency.py                             1           0  0.57s           2023-03-25T17:56:15
/opt/airflow/dags/data_merge.py                           1           0  0.18s           2023-03-25T17:56:16
================================================================================
[2023-03-25T17:57:15.770+0000] {manager.py:854} INFO - 
================================================================================
DAG File Processing Stats

File Path                        PID    Runtime      # DAGs    # Errors  Last Runtime    Last Run
-------------------------------  -----  ---------  --------  ----------  --------------  -------------------
/opt/airflow/dags/country.py                              1           0  0.59s           2023-03-25T17:56:46
/opt/airflow/dags/currency.py                             1           0  0.58s           2023-03-25T17:56:46
/opt/airflow/dags/data_merge.py                           1           0  0.25s           2023-03-25T17:56:46
================================================================================
[2023-03-25T17:57:46.526+0000] {manager.py:854} INFO - 
================================================================================
DAG File Processing Stats

File Path                        PID    Runtime      # DAGs    # Errors  Last Runtime    Last Run
-------------------------------  -----  ---------  --------  ----------  --------------  -------------------
/opt/airflow/dags/country.py                              1           0  0.58s           2023-03-25T17:57:17
/opt/airflow/dags/currency.py                             1           0  0.56s           2023-03-25T17:57:17
/opt/airflow/dags/data_merge.py                           1           0  0.22s           2023-03-25T17:57:17
================================================================================
[2023-03-25T17:58:16.574+0000] {manager.py:854} INFO - 
================================================================================
DAG File Processing Stats

File Path                        PID    Runtime      # DAGs    # Errors  Last Runtime    Last Run
-------------------------------  -----  ---------  --------  ----------  --------------  -------------------
/opt/airflow/dags/country.py                              1           0  0.64s           2023-03-25T17:57:48
/opt/airflow/dags/currency.py                             1           0  0.61s           2023-03-25T17:57:48
/opt/airflow/dags/data_merge.py                           1           0  0.23s           2023-03-25T17:57:48
================================================================================
[2023-03-25T17:58:47.183+0000] {manager.py:854} INFO - 
================================================================================
DAG File Processing Stats

File Path                        PID    Runtime      # DAGs    # Errors  Last Runtime    Last Run
-------------------------------  -----  ---------  --------  ----------  --------------  -------------------
/opt/airflow/dags/country.py                              1           0  0.71s           2023-03-25T17:58:19
/opt/airflow/dags/currency.py                             1           0  0.71s           2023-03-25T17:58:19
/opt/airflow/dags/data_merge.py                           1           0  0.26s           2023-03-25T17:58:19
================================================================================
[2023-03-25T17:59:17.903+0000] {manager.py:854} INFO - 
================================================================================
DAG File Processing Stats

File Path                        PID    Runtime      # DAGs    # Errors  Last Runtime    Last Run
-------------------------------  -----  ---------  --------  ----------  --------------  -------------------
/opt/airflow/dags/country.py                              1           0  0.56s           2023-03-25T17:58:49
/opt/airflow/dags/currency.py                             1           0  0.54s           2023-03-25T17:58:49
/opt/airflow/dags/data_merge.py                           1           0  0.20s           2023-03-25T17:58:49
================================================================================
[2023-03-25T17:59:48.714+0000] {manager.py:854} INFO - 
================================================================================
DAG File Processing Stats

File Path                        PID    Runtime      # DAGs    # Errors  Last Runtime    Last Run
-------------------------------  -----  ---------  --------  ----------  --------------  -------------------
/opt/airflow/dags/country.py                              1           0  0.66s           2023-03-25T17:59:20
/opt/airflow/dags/currency.py                             1           0  0.64s           2023-03-25T17:59:20
/opt/airflow/dags/data_merge.py                           1           0  0.21s           2023-03-25T17:59:20
================================================================================
[2023-03-25T18:00:19.469+0000] {manager.py:854} INFO - 
================================================================================
DAG File Processing Stats

File Path                        PID    Runtime      # DAGs    # Errors  Last Runtime    Last Run
-------------------------------  -----  ---------  --------  ----------  --------------  -------------------
/opt/airflow/dags/country.py                              1           0  0.58s           2023-03-25T17:59:51
/opt/airflow/dags/currency.py                             1           0  0.59s           2023-03-25T17:59:51
/opt/airflow/dags/data_merge.py                           1           0  0.19s           2023-03-25T17:59:51
================================================================================
[2023-03-25T18:00:44.206+0000] {manager.py:726} INFO - Searching for files in /opt/airflow/dags
[2023-03-25T18:00:44.208+0000] {manager.py:729} INFO - There are 3 files in /opt/airflow/dags
[2023-03-25T18:00:50.257+0000] {manager.py:854} INFO - 
================================================================================
DAG File Processing Stats

File Path                        PID    Runtime      # DAGs    # Errors  Last Runtime    Last Run
-------------------------------  -----  ---------  --------  ----------  --------------  -------------------
/opt/airflow/dags/country.py                              1           0  0.60s           2023-03-25T18:00:22
/opt/airflow/dags/currency.py                             1           0  0.58s           2023-03-25T18:00:22
/opt/airflow/dags/data_merge.py                           1           0  0.19s           2023-03-25T18:00:22
================================================================================
[2023-03-25T18:01:02.310+0000] {manager.py:465} INFO - Exiting gracefully upon receiving signal 15
[2023-03-25T18:04:38.376+0000] {manager.py:483} INFO - Processing files using up to 2 processes at a time 
[2023-03-25T18:04:38.386+0000] {manager.py:484} INFO - Process each file at most once every 30 seconds
[2023-03-25T18:04:38.386+0000] {manager.py:486} INFO - Checking for new files in /opt/airflow/dags every 300 seconds
[2023-03-25T18:04:38.386+0000] {manager.py:726} INFO - Searching for files in /opt/airflow/dags
[2023-03-25T18:04:38.390+0000] {manager.py:729} INFO - There are 3 files in /opt/airflow/dags
[2023-03-25T18:04:38.571+0000] {manager.py:854} INFO - 
================================================================================
DAG File Processing Stats

File Path                          PID  Runtime      # DAGs    # Errors  Last Runtime    Last Run
-------------------------------  -----  ---------  --------  ----------  --------------  ----------
/opt/airflow/dags/country.py        33  0.09s             0           0
/opt/airflow/dags/currency.py       34  0.08s             0           0
/opt/airflow/dags/data_merge.py                           0           0
================================================================================
[2023-03-25T18:05:08.998+0000] {manager.py:854} INFO - 
================================================================================
DAG File Processing Stats

File Path                        PID    Runtime      # DAGs    # Errors  Last Runtime    Last Run
-------------------------------  -----  ---------  --------  ----------  --------------  -------------------
/opt/airflow/dags/country.py                              1           0  1.03s           2023-03-25T18:04:39
/opt/airflow/dags/currency.py                             1           0  1.30s           2023-03-25T18:04:39
/opt/airflow/dags/data_merge.py                           1           0  0.43s           2023-03-25T18:04:39
================================================================================
[2023-03-25T18:05:39.781+0000] {manager.py:854} INFO - 
================================================================================
DAG File Processing Stats

File Path                        PID    Runtime      # DAGs    # Errors  Last Runtime    Last Run
-------------------------------  -----  ---------  --------  ----------  --------------  -------------------
/opt/airflow/dags/country.py                              1           0  0.60s           2023-03-25T18:05:10
/opt/airflow/dags/currency.py                             1           0  0.59s           2023-03-25T18:05:10
/opt/airflow/dags/data_merge.py                           1           0  0.19s           2023-03-25T18:05:10
================================================================================
[2023-03-25T18:06:10.593+0000] {manager.py:854} INFO - 
================================================================================
DAG File Processing Stats

File Path                        PID    Runtime      # DAGs    # Errors  Last Runtime    Last Run
-------------------------------  -----  ---------  --------  ----------  --------------  -------------------
/opt/airflow/dags/country.py                              1           0  0.65s           2023-03-25T18:05:41
/opt/airflow/dags/currency.py                             1           0  0.67s           2023-03-25T18:05:41
/opt/airflow/dags/data_merge.py                           1           0  0.18s           2023-03-25T18:05:41
================================================================================
[2023-03-25T18:06:40.613+0000] {manager.py:854} INFO - 
================================================================================
DAG File Processing Stats

File Path                        PID    Runtime      # DAGs    # Errors  Last Runtime    Last Run
-------------------------------  -----  ---------  --------  ----------  --------------  -------------------
/opt/airflow/dags/country.py                              1           0  0.60s           2023-03-25T18:06:12
/opt/airflow/dags/currency.py                             1           0  0.60s           2023-03-25T18:06:12
/opt/airflow/dags/data_merge.py                           1           0  0.27s           2023-03-25T18:06:12
================================================================================
[2023-03-25T18:06:40.839+0000] {manager.py:465} INFO - Exiting gracefully upon receiving signal 15
[2023-03-25T18:59:14.647+0000] {manager.py:483} INFO - Processing files using up to 2 processes at a time 
[2023-03-25T18:59:14.666+0000] {manager.py:484} INFO - Process each file at most once every 30 seconds
[2023-03-25T18:59:14.666+0000] {manager.py:486} INFO - Checking for new files in /opt/airflow/dags every 300 seconds
[2023-03-25T18:59:14.666+0000] {manager.py:726} INFO - Searching for files in /opt/airflow/dags
[2023-03-25T18:59:14.670+0000] {manager.py:729} INFO - There are 3 files in /opt/airflow/dags
[2023-03-25T18:59:14.823+0000] {manager.py:854} INFO - 
================================================================================
DAG File Processing Stats

File Path                          PID  Runtime      # DAGs    # Errors  Last Runtime    Last Run
-------------------------------  -----  ---------  --------  ----------  --------------  ----------
/opt/airflow/dags/country.py        34  0.10s             0           0
/opt/airflow/dags/currency.py       35  0.10s             0           0
/opt/airflow/dags/data_merge.py                           0           0
================================================================================
[2023-03-25T18:59:45.111+0000] {manager.py:854} INFO - 
================================================================================
DAG File Processing Stats

File Path                        PID    Runtime      # DAGs    # Errors  Last Runtime    Last Run
-------------------------------  -----  ---------  --------  ----------  --------------  -------------------
/opt/airflow/dags/country.py                              1           0  1.16s           2023-03-25T18:59:15
/opt/airflow/dags/currency.py                             1           0  0.95s           2023-03-25T18:59:15
/opt/airflow/dags/data_merge.py                           1           0  0.31s           2023-03-25T18:59:15
================================================================================
[2023-03-25T19:00:15.914+0000] {manager.py:854} INFO - 
================================================================================
DAG File Processing Stats

File Path                        PID    Runtime      # DAGs    # Errors  Last Runtime    Last Run
-------------------------------  -----  ---------  --------  ----------  --------------  -------------------
/opt/airflow/dags/country.py                              1           0  0.60s           2023-03-25T18:59:46
/opt/airflow/dags/currency.py                             1           0  0.61s           2023-03-25T18:59:46
/opt/airflow/dags/data_merge.py                           1           0  0.19s           2023-03-25T18:59:46
================================================================================
[2023-03-25T19:00:46.770+0000] {manager.py:854} INFO - 
================================================================================
DAG File Processing Stats

File Path                        PID    Runtime      # DAGs    # Errors  Last Runtime    Last Run
-------------------------------  -----  ---------  --------  ----------  --------------  -------------------
/opt/airflow/dags/country.py                              1           0  0.64s           2023-03-25T19:00:17
/opt/airflow/dags/currency.py                             1           0  0.62s           2023-03-25T19:00:17
/opt/airflow/dags/data_merge.py                           1           0  0.20s           2023-03-25T19:00:17
================================================================================
[2023-03-25T19:01:16.919+0000] {manager.py:854} INFO - 
================================================================================
DAG File Processing Stats

File Path                        PID    Runtime      # DAGs    # Errors  Last Runtime    Last Run
-------------------------------  -----  ---------  --------  ----------  --------------  -------------------
/opt/airflow/dags/country.py                              1           0  0.64s           2023-03-25T19:00:48
/opt/airflow/dags/currency.py                             1           0  0.62s           2023-03-25T19:00:48
/opt/airflow/dags/data_merge.py                           1           0  0.30s           2023-03-25T19:00:48
================================================================================
[2023-03-25T19:01:47.518+0000] {manager.py:854} INFO - 
================================================================================
DAG File Processing Stats

File Path                        PID    Runtime      # DAGs    # Errors  Last Runtime    Last Run
-------------------------------  -----  ---------  --------  ----------  --------------  -------------------
/opt/airflow/dags/country.py                              1           0  0.71s           2023-03-25T19:01:19
/opt/airflow/dags/currency.py                             1           0  0.62s           2023-03-25T19:01:19
/opt/airflow/dags/data_merge.py                           1           0  0.24s           2023-03-25T19:01:19
================================================================================
[2023-03-25T19:02:18.295+0000] {manager.py:854} INFO - 
================================================================================
DAG File Processing Stats

File Path                        PID    Runtime      # DAGs    # Errors  Last Runtime    Last Run
-------------------------------  -----  ---------  --------  ----------  --------------  -------------------
/opt/airflow/dags/country.py                              1           0  0.61s           2023-03-25T19:01:50
/opt/airflow/dags/currency.py                             1           0  0.57s           2023-03-25T19:01:50
/opt/airflow/dags/data_merge.py                           1           0  0.19s           2023-03-25T19:01:50
================================================================================
[2023-03-25T19:02:49.209+0000] {manager.py:854} INFO - 
================================================================================
DAG File Processing Stats

File Path                        PID    Runtime      # DAGs    # Errors  Last Runtime    Last Run
-------------------------------  -----  ---------  --------  ----------  --------------  -------------------
/opt/airflow/dags/country.py                              1           0  0.56s           2023-03-25T19:02:20
/opt/airflow/dags/currency.py                             1           0  0.73s           2023-03-25T19:02:21
/opt/airflow/dags/data_merge.py                           1           0  0.28s           2023-03-25T19:02:21
================================================================================
[2023-03-25T19:03:20.037+0000] {manager.py:854} INFO - 
================================================================================
DAG File Processing Stats

File Path                        PID    Runtime      # DAGs    # Errors  Last Runtime    Last Run
-------------------------------  -----  ---------  --------  ----------  --------------  -------------------
/opt/airflow/dags/country.py                              1           0  0.57s           2023-03-25T19:02:51
/opt/airflow/dags/currency.py                             1           0  0.61s           2023-03-25T19:02:51
/opt/airflow/dags/data_merge.py                           1           0  0.21s           2023-03-25T19:02:52
================================================================================
[2023-03-25T19:03:50.871+0000] {manager.py:854} INFO - 
================================================================================
DAG File Processing Stats

File Path                        PID    Runtime      # DAGs    # Errors  Last Runtime    Last Run
-------------------------------  -----  ---------  --------  ----------  --------------  -------------------
/opt/airflow/dags/country.py                              1           0  0.68s           2023-03-25T19:03:22
/opt/airflow/dags/currency.py                             1           0  0.62s           2023-03-25T19:03:22
/opt/airflow/dags/data_merge.py                           1           0  0.22s           2023-03-25T19:03:22
================================================================================
[2023-03-25T19:04:14.223+0000] {manager.py:465} INFO - Exiting gracefully upon receiving signal 15
