[2023-03-25T17:15:04.186+0000] {taskinstance.py:1084} INFO - Dependencies all met for dep_context=non-requeueable deps ti=<TaskInstance: currency.trigger_dependent_dag manual__2023-03-25T17:15:01.218531+00:00 [queued]>
[2023-03-25T17:15:04.199+0000] {taskinstance.py:1084} INFO - Dependencies all met for dep_context=requeueable deps ti=<TaskInstance: currency.trigger_dependent_dag manual__2023-03-25T17:15:01.218531+00:00 [queued]>
[2023-03-25T17:15:04.199+0000] {taskinstance.py:1282} INFO - 
--------------------------------------------------------------------------------
[2023-03-25T17:15:04.199+0000] {taskinstance.py:1283} INFO - Starting attempt 1 of 2
[2023-03-25T17:15:04.200+0000] {taskinstance.py:1284} INFO - 
--------------------------------------------------------------------------------
[2023-03-25T17:15:04.221+0000] {taskinstance.py:1303} INFO - Executing <Task(TriggerDagRunOperator): trigger_dependent_dag> on 2023-03-25 17:15:01.218531+00:00
[2023-03-25T17:15:04.225+0000] {standard_task_runner.py:55} INFO - Started process 194 to run task
[2023-03-25T17:15:04.234+0000] {standard_task_runner.py:82} INFO - Running: ['airflow', 'tasks', 'run', 'currency', 'trigger_dependent_dag', 'manual__2023-03-25T17:15:01.218531+00:00', '--job-id', '561', '--raw', '--subdir', 'DAGS_FOLDER/currency.py', '--cfg-path', '/tmp/tmpqfzgt2cf']
[2023-03-25T17:15:04.235+0000] {standard_task_runner.py:83} INFO - Job 561: Subtask trigger_dependent_dag
[2023-03-25T17:15:04.338+0000] {task_command.py:388} INFO - Running <TaskInstance: currency.trigger_dependent_dag manual__2023-03-25T17:15:01.218531+00:00 [running]> on host b011aab24652
[2023-03-25T17:15:04.444+0000] {taskinstance.py:1511} INFO - Exporting the following env vars:
AIRFLOW_CTX_DAG_OWNER=***
AIRFLOW_CTX_DAG_ID=currency
AIRFLOW_CTX_TASK_ID=trigger_dependent_dag
AIRFLOW_CTX_EXECUTION_DATE=2023-03-25T17:15:01.218531+00:00
AIRFLOW_CTX_TRY_NUMBER=1
AIRFLOW_CTX_DAG_RUN_ID=manual__2023-03-25T17:15:01.218531+00:00
[2023-03-25T17:15:04.534+0000] {trigger_dagrun.py:177} INFO - Waiting for country on 2023-03-25T17:15:04.445176+00:00 to become allowed state ['success'] ...
[2023-03-25T17:16:04.644+0000] {trigger_dagrun.py:186} INFO - country finished with allowed state success
[2023-03-25T17:16:04.656+0000] {taskinstance.py:1326} INFO - Marking task as SUCCESS. dag_id=currency, task_id=trigger_dependent_dag, execution_date=20230325T171501, start_date=20230325T171504, end_date=20230325T171604
[2023-03-25T17:16:04.676+0000] {local_task_job.py:212} INFO - Task exited with return code 0
[2023-03-25T17:16:04.703+0000] {taskinstance.py:2585} INFO - 1 downstream tasks scheduled from follow-on schedule check
