[2023-03-25T19:02:31.452+0000] {taskinstance.py:1084} INFO - Dependencies all met for dep_context=non-requeueable deps ti=<TaskInstance: currency.final_task manual__2023-03-25T19:01:18.498600+00:00 [queued]>
[2023-03-25T19:02:31.464+0000] {taskinstance.py:1084} INFO - Dependencies all met for dep_context=requeueable deps ti=<TaskInstance: currency.final_task manual__2023-03-25T19:01:18.498600+00:00 [queued]>
[2023-03-25T19:02:31.465+0000] {taskinstance.py:1282} INFO - 
--------------------------------------------------------------------------------
[2023-03-25T19:02:31.465+0000] {taskinstance.py:1283} INFO - Starting attempt 1 of 2
[2023-03-25T19:02:31.465+0000] {taskinstance.py:1284} INFO - 
--------------------------------------------------------------------------------
[2023-03-25T19:02:31.480+0000] {taskinstance.py:1303} INFO - Executing <Task(PythonOperator): final_task> on 2023-03-25 19:01:18.498600+00:00
[2023-03-25T19:02:31.484+0000] {standard_task_runner.py:55} INFO - Started process 166 to run task
[2023-03-25T19:02:31.487+0000] {standard_task_runner.py:82} INFO - Running: ['airflow', 'tasks', 'run', 'currency', 'final_task', 'manual__2023-03-25T19:01:18.498600+00:00', '--job-id', '611', '--raw', '--subdir', 'DAGS_FOLDER/currency.py', '--cfg-path', '/tmp/tmpjfprsvtk']
[2023-03-25T19:02:31.488+0000] {standard_task_runner.py:83} INFO - Job 611: Subtask final_task
[2023-03-25T19:02:31.557+0000] {task_command.py:388} INFO - Running <TaskInstance: currency.final_task manual__2023-03-25T19:01:18.498600+00:00 [running]> on host 6228c0862387
[2023-03-25T19:02:31.636+0000] {taskinstance.py:1511} INFO - Exporting the following env vars:
AIRFLOW_CTX_DAG_OWNER=***
AIRFLOW_CTX_DAG_ID=currency
AIRFLOW_CTX_TASK_ID=final_task
AIRFLOW_CTX_EXECUTION_DATE=2023-03-25T19:01:18.498600+00:00
AIRFLOW_CTX_TRY_NUMBER=1
AIRFLOW_CTX_DAG_RUN_ID=manual__2023-03-25T19:01:18.498600+00:00
[2023-03-25T19:02:31.637+0000] {currency.py:58} INFO - currency DAG has been finished
[2023-03-25T19:02:31.637+0000] {python.py:177} INFO - Done. Returned value was: None
[2023-03-25T19:02:31.648+0000] {taskinstance.py:1326} INFO - Marking task as SUCCESS. dag_id=currency, task_id=final_task, execution_date=20230325T190118, start_date=20230325T190231, end_date=20230325T190231
[2023-03-25T19:02:31.704+0000] {local_task_job.py:212} INFO - Task exited with return code 0
[2023-03-25T19:02:31.726+0000] {taskinstance.py:2585} INFO - 0 downstream tasks scheduled from follow-on schedule check
