[2023-03-25T17:15:06.376+0000] {taskinstance.py:1084} INFO - Dependencies all met for dep_context=non-requeueable deps ti=<TaskInstance: country.start_task manual__2023-03-25T17:15:04.445176+00:00 [queued]>
[2023-03-25T17:15:06.388+0000] {taskinstance.py:1084} INFO - Dependencies all met for dep_context=requeueable deps ti=<TaskInstance: country.start_task manual__2023-03-25T17:15:04.445176+00:00 [queued]>
[2023-03-25T17:15:06.388+0000] {taskinstance.py:1282} INFO - 
--------------------------------------------------------------------------------
[2023-03-25T17:15:06.388+0000] {taskinstance.py:1283} INFO - Starting attempt 1 of 2
[2023-03-25T17:15:06.388+0000] {taskinstance.py:1284} INFO - 
--------------------------------------------------------------------------------
[2023-03-25T17:15:06.406+0000] {taskinstance.py:1303} INFO - Executing <Task(PythonOperator): start_task> on 2023-03-25 17:15:04.445176+00:00
[2023-03-25T17:15:06.410+0000] {standard_task_runner.py:55} INFO - Started process 200 to run task
[2023-03-25T17:15:06.421+0000] {standard_task_runner.py:82} INFO - Running: ['airflow', 'tasks', 'run', 'country', 'start_task', 'manual__2023-03-25T17:15:04.445176+00:00', '--job-id', '564', '--raw', '--subdir', 'DAGS_FOLDER/country.py', '--cfg-path', '/tmp/tmp0x7xeg96']
[2023-03-25T17:15:06.421+0000] {standard_task_runner.py:83} INFO - Job 564: Subtask start_task
[2023-03-25T17:15:06.504+0000] {task_command.py:388} INFO - Running <TaskInstance: country.start_task manual__2023-03-25T17:15:04.445176+00:00 [running]> on host b011aab24652
[2023-03-25T17:15:06.617+0000] {taskinstance.py:1511} INFO - Exporting the following env vars:
AIRFLOW_CTX_DAG_OWNER=***
AIRFLOW_CTX_DAG_ID=country
AIRFLOW_CTX_TASK_ID=start_task
AIRFLOW_CTX_EXECUTION_DATE=2023-03-25T17:15:04.445176+00:00
AIRFLOW_CTX_TRY_NUMBER=1
AIRFLOW_CTX_DAG_RUN_ID=manual__2023-03-25T17:15:04.445176+00:00
[2023-03-25T17:15:06.618+0000] {country.py:30} INFO - Country DAG has been started
[2023-03-25T17:15:06.618+0000] {python.py:177} INFO - Done. Returned value was: None
[2023-03-25T17:15:06.630+0000] {taskinstance.py:1326} INFO - Marking task as SUCCESS. dag_id=country, task_id=start_task, execution_date=20230325T171504, start_date=20230325T171506, end_date=20230325T171506
[2023-03-25T17:15:06.673+0000] {local_task_job.py:212} INFO - Task exited with return code 0
[2023-03-25T17:15:06.707+0000] {taskinstance.py:2585} INFO - 1 downstream tasks scheduled from follow-on schedule check
