[2023-03-25T19:01:15.550+0000] {taskinstance.py:1084} INFO - Dependencies all met for dep_context=non-requeueable deps ti=<TaskInstance: currency.trigger_dependent_dag manual__2023-03-25T19:01:12.782421+00:00 [queued]>
[2023-03-25T19:01:15.564+0000] {taskinstance.py:1084} INFO - Dependencies all met for dep_context=requeueable deps ti=<TaskInstance: currency.trigger_dependent_dag manual__2023-03-25T19:01:12.782421+00:00 [queued]>
[2023-03-25T19:01:15.565+0000] {taskinstance.py:1282} INFO - 
--------------------------------------------------------------------------------
[2023-03-25T19:01:15.565+0000] {taskinstance.py:1283} INFO - Starting attempt 1 of 2
[2023-03-25T19:01:15.565+0000] {taskinstance.py:1284} INFO - 
--------------------------------------------------------------------------------
[2023-03-25T19:01:15.583+0000] {taskinstance.py:1303} INFO - Executing <Task(TriggerDagRunOperator): trigger_dependent_dag> on 2023-03-25 19:01:12.782421+00:00
[2023-03-25T19:01:15.595+0000] {standard_task_runner.py:55} INFO - Started process 101 to run task
[2023-03-25T19:01:15.603+0000] {standard_task_runner.py:82} INFO - Running: ['airflow', 'tasks', 'run', 'currency', 'trigger_dependent_dag', 'manual__2023-03-25T19:01:12.782421+00:00', '--job-id', '590', '--raw', '--subdir', 'DAGS_FOLDER/currency.py', '--cfg-path', '/tmp/tmplzaxek9f']
[2023-03-25T19:01:15.604+0000] {standard_task_runner.py:83} INFO - Job 590: Subtask trigger_dependent_dag
[2023-03-25T19:01:15.836+0000] {task_command.py:388} INFO - Running <TaskInstance: currency.trigger_dependent_dag manual__2023-03-25T19:01:12.782421+00:00 [running]> on host 6228c0862387
[2023-03-25T19:01:16.002+0000] {taskinstance.py:1511} INFO - Exporting the following env vars:
AIRFLOW_CTX_DAG_OWNER=***
AIRFLOW_CTX_DAG_ID=currency
AIRFLOW_CTX_TASK_ID=trigger_dependent_dag
AIRFLOW_CTX_EXECUTION_DATE=2023-03-25T19:01:12.782421+00:00
AIRFLOW_CTX_TRY_NUMBER=1
AIRFLOW_CTX_DAG_RUN_ID=manual__2023-03-25T19:01:12.782421+00:00
[2023-03-25T19:01:16.325+0000] {trigger_dagrun.py:177} INFO - Waiting for country on 2023-03-25T19:01:16.003088+00:00 to become allowed state ['success'] ...
[2023-03-25T19:02:16.398+0000] {trigger_dagrun.py:186} INFO - country finished with allowed state success
[2023-03-25T19:02:16.411+0000] {taskinstance.py:1326} INFO - Marking task as SUCCESS. dag_id=currency, task_id=trigger_dependent_dag, execution_date=20230325T190112, start_date=20230325T190115, end_date=20230325T190216
[2023-03-25T19:02:16.450+0000] {local_task_job.py:212} INFO - Task exited with return code 0
[2023-03-25T19:02:16.483+0000] {taskinstance.py:2585} INFO - 1 downstream tasks scheduled from follow-on schedule check
