[2023-03-25T17:12:58.257+0000] {taskinstance.py:1084} INFO - Dependencies all met for dep_context=non-requeueable deps ti=<TaskInstance: currency.start_task manual__2023-03-25T17:11:51.781773+00:00 [queued]>
[2023-03-25T17:12:58.270+0000] {taskinstance.py:1084} INFO - Dependencies all met for dep_context=requeueable deps ti=<TaskInstance: currency.start_task manual__2023-03-25T17:11:51.781773+00:00 [queued]>
[2023-03-25T17:12:58.270+0000] {taskinstance.py:1282} INFO - 
--------------------------------------------------------------------------------
[2023-03-25T17:12:58.270+0000] {taskinstance.py:1283} INFO - Starting attempt 1 of 2
[2023-03-25T17:12:58.270+0000] {taskinstance.py:1284} INFO - 
--------------------------------------------------------------------------------
[2023-03-25T17:12:58.286+0000] {taskinstance.py:1303} INFO - Executing <Task(PythonOperator): start_task> on 2023-03-25 17:11:51.781773+00:00
[2023-03-25T17:12:58.290+0000] {standard_task_runner.py:55} INFO - Started process 122 to run task
[2023-03-25T17:12:58.294+0000] {standard_task_runner.py:82} INFO - Running: ['airflow', 'tasks', 'run', 'currency', 'start_task', 'manual__2023-03-25T17:11:51.781773+00:00', '--job-id', '547', '--raw', '--subdir', 'DAGS_FOLDER/currency.py', '--cfg-path', '/tmp/tmp6vgn457e']
[2023-03-25T17:12:58.294+0000] {standard_task_runner.py:83} INFO - Job 547: Subtask start_task
[2023-03-25T17:12:58.367+0000] {task_command.py:388} INFO - Running <TaskInstance: currency.start_task manual__2023-03-25T17:11:51.781773+00:00 [running]> on host b011aab24652
[2023-03-25T17:12:58.470+0000] {taskinstance.py:1511} INFO - Exporting the following env vars:
AIRFLOW_CTX_DAG_OWNER=***
AIRFLOW_CTX_DAG_ID=currency
AIRFLOW_CTX_TASK_ID=start_task
AIRFLOW_CTX_EXECUTION_DATE=2023-03-25T17:11:51.781773+00:00
AIRFLOW_CTX_TRY_NUMBER=1
AIRFLOW_CTX_DAG_RUN_ID=manual__2023-03-25T17:11:51.781773+00:00
[2023-03-25T17:12:58.471+0000] {currency.py:31} INFO - currency DAG has been started
[2023-03-25T17:12:58.471+0000] {python.py:177} INFO - Done. Returned value was: None
[2023-03-25T17:12:58.483+0000] {taskinstance.py:1326} INFO - Marking task as SUCCESS. dag_id=currency, task_id=start_task, execution_date=20230325T171151, start_date=20230325T171258, end_date=20230325T171258
[2023-03-25T17:12:58.513+0000] {local_task_job.py:212} INFO - Task exited with return code 0
[2023-03-25T17:12:58.544+0000] {taskinstance.py:2585} INFO - 1 downstream tasks scheduled from follow-on schedule check
