[2023-03-25T17:15:09.237+0000] {taskinstance.py:1084} INFO - Dependencies all met for dep_context=non-requeueable deps ti=<TaskInstance: country.Insert_DB manual__2023-03-25T17:15:04.445176+00:00 [queued]>
[2023-03-25T17:15:09.250+0000] {taskinstance.py:1084} INFO - Dependencies all met for dep_context=requeueable deps ti=<TaskInstance: country.Insert_DB manual__2023-03-25T17:15:04.445176+00:00 [queued]>
[2023-03-25T17:15:09.250+0000] {taskinstance.py:1282} INFO - 
--------------------------------------------------------------------------------
[2023-03-25T17:15:09.251+0000] {taskinstance.py:1283} INFO - Starting attempt 1 of 2
[2023-03-25T17:15:09.251+0000] {taskinstance.py:1284} INFO - 
--------------------------------------------------------------------------------
[2023-03-25T17:15:09.267+0000] {taskinstance.py:1303} INFO - Executing <Task(PythonOperator): Insert_DB> on 2023-03-25 17:15:04.445176+00:00
[2023-03-25T17:15:09.271+0000] {standard_task_runner.py:55} INFO - Started process 208 to run task
[2023-03-25T17:15:09.275+0000] {standard_task_runner.py:82} INFO - Running: ['airflow', 'tasks', 'run', 'country', 'Insert_DB', 'manual__2023-03-25T17:15:04.445176+00:00', '--job-id', '568', '--raw', '--subdir', 'DAGS_FOLDER/country.py', '--cfg-path', '/tmp/tmpwsx65d75']
[2023-03-25T17:15:09.276+0000] {standard_task_runner.py:83} INFO - Job 568: Subtask Insert_DB
[2023-03-25T17:15:09.350+0000] {task_command.py:388} INFO - Running <TaskInstance: country.Insert_DB manual__2023-03-25T17:15:04.445176+00:00 [running]> on host b011aab24652
[2023-03-25T17:15:09.449+0000] {taskinstance.py:1511} INFO - Exporting the following env vars:
AIRFLOW_CTX_DAG_OWNER=***
AIRFLOW_CTX_DAG_ID=country
AIRFLOW_CTX_TASK_ID=Insert_DB
AIRFLOW_CTX_EXECUTION_DATE=2023-03-25T17:15:04.445176+00:00
AIRFLOW_CTX_TRY_NUMBER=1
AIRFLOW_CTX_DAG_RUN_ID=manual__2023-03-25T17:15:04.445176+00:00
[2023-03-25T17:15:10.449+0000] {python.py:177} INFO - Done. Returned value was: None
[2023-03-25T17:15:10.460+0000] {taskinstance.py:1326} INFO - Marking task as SUCCESS. dag_id=country, task_id=Insert_DB, execution_date=20230325T171504, start_date=20230325T171509, end_date=20230325T171510
[2023-03-25T17:15:10.500+0000] {local_task_job.py:212} INFO - Task exited with return code 0
[2023-03-25T17:15:10.526+0000] {taskinstance.py:2585} INFO - 1 downstream tasks scheduled from follow-on schedule check
