[2023-03-25T17:15:01.601+0000] {taskinstance.py:1084} INFO - Dependencies all met for dep_context=non-requeueable deps ti=<TaskInstance: country.start_task scheduled__2023-03-25T17:10:00+00:00 [queued]>
[2023-03-25T17:15:01.611+0000] {taskinstance.py:1084} INFO - Dependencies all met for dep_context=requeueable deps ti=<TaskInstance: country.start_task scheduled__2023-03-25T17:10:00+00:00 [queued]>
[2023-03-25T17:15:01.612+0000] {taskinstance.py:1282} INFO - 
--------------------------------------------------------------------------------
[2023-03-25T17:15:01.612+0000] {taskinstance.py:1283} INFO - Starting attempt 1 of 2
[2023-03-25T17:15:01.612+0000] {taskinstance.py:1284} INFO - 
--------------------------------------------------------------------------------
[2023-03-25T17:15:01.627+0000] {taskinstance.py:1303} INFO - Executing <Task(PythonOperator): start_task> on 2023-03-25 17:10:00+00:00
[2023-03-25T17:15:01.631+0000] {standard_task_runner.py:55} INFO - Started process 185 to run task
[2023-03-25T17:15:01.638+0000] {standard_task_runner.py:82} INFO - Running: ['airflow', 'tasks', 'run', 'country', 'start_task', 'scheduled__2023-03-25T17:10:00+00:00', '--job-id', '557', '--raw', '--subdir', 'DAGS_FOLDER/country.py', '--cfg-path', '/tmp/tmpm66r1am1']
[2023-03-25T17:15:01.639+0000] {standard_task_runner.py:83} INFO - Job 557: Subtask start_task
[2023-03-25T17:15:01.711+0000] {task_command.py:388} INFO - Running <TaskInstance: country.start_task scheduled__2023-03-25T17:10:00+00:00 [running]> on host b011aab24652
[2023-03-25T17:15:01.871+0000] {taskinstance.py:1511} INFO - Exporting the following env vars:
AIRFLOW_CTX_DAG_OWNER=***
AIRFLOW_CTX_DAG_ID=country
AIRFLOW_CTX_TASK_ID=start_task
AIRFLOW_CTX_EXECUTION_DATE=2023-03-25T17:10:00+00:00
AIRFLOW_CTX_TRY_NUMBER=1
AIRFLOW_CTX_DAG_RUN_ID=scheduled__2023-03-25T17:10:00+00:00
[2023-03-25T17:15:01.872+0000] {country.py:30} INFO - Country DAG has been started
[2023-03-25T17:15:01.872+0000] {python.py:177} INFO - Done. Returned value was: None
[2023-03-25T17:15:01.885+0000] {taskinstance.py:1326} INFO - Marking task as SUCCESS. dag_id=country, task_id=start_task, execution_date=20230325T171000, start_date=20230325T171501, end_date=20230325T171501
[2023-03-25T17:15:01.939+0000] {local_task_job.py:212} INFO - Task exited with return code 0
[2023-03-25T17:15:01.972+0000] {taskinstance.py:2585} INFO - 1 downstream tasks scheduled from follow-on schedule check
