[2023-03-25T17:12:59.832+0000] {taskinstance.py:1084} INFO - Dependencies all met for dep_context=non-requeueable deps ti=<TaskInstance: currency.Read_JSON manual__2023-03-25T17:11:51.781773+00:00 [queued]>
[2023-03-25T17:12:59.846+0000] {taskinstance.py:1084} INFO - Dependencies all met for dep_context=requeueable deps ti=<TaskInstance: currency.Read_JSON manual__2023-03-25T17:11:51.781773+00:00 [queued]>
[2023-03-25T17:12:59.846+0000] {taskinstance.py:1282} INFO - 
--------------------------------------------------------------------------------
[2023-03-25T17:12:59.846+0000] {taskinstance.py:1283} INFO - Starting attempt 1 of 2
[2023-03-25T17:12:59.846+0000] {taskinstance.py:1284} INFO - 
--------------------------------------------------------------------------------
[2023-03-25T17:12:59.862+0000] {taskinstance.py:1303} INFO - Executing <Task(PythonOperator): Read_JSON> on 2023-03-25 17:11:51.781773+00:00
[2023-03-25T17:12:59.866+0000] {standard_task_runner.py:55} INFO - Started process 125 to run task
[2023-03-25T17:12:59.869+0000] {standard_task_runner.py:82} INFO - Running: ['airflow', 'tasks', 'run', 'currency', 'Read_JSON', 'manual__2023-03-25T17:11:51.781773+00:00', '--job-id', '549', '--raw', '--subdir', 'DAGS_FOLDER/currency.py', '--cfg-path', '/tmp/tmppmk7kst_']
[2023-03-25T17:12:59.870+0000] {standard_task_runner.py:83} INFO - Job 549: Subtask Read_JSON
[2023-03-25T17:12:59.948+0000] {task_command.py:388} INFO - Running <TaskInstance: currency.Read_JSON manual__2023-03-25T17:11:51.781773+00:00 [running]> on host b011aab24652
[2023-03-25T17:13:00.035+0000] {taskinstance.py:1511} INFO - Exporting the following env vars:
AIRFLOW_CTX_DAG_OWNER=***
AIRFLOW_CTX_DAG_ID=currency
AIRFLOW_CTX_TASK_ID=Read_JSON
AIRFLOW_CTX_EXECUTION_DATE=2023-03-25T17:11:51.781773+00:00
AIRFLOW_CTX_TRY_NUMBER=1
AIRFLOW_CTX_DAG_RUN_ID=manual__2023-03-25T17:11:51.781773+00:00
[2023-03-25T17:13:00.378+0000] {python.py:177} INFO - Done. Returned value was: {'BD': 'BDT', 'BE': 'EUR', 'BF': 'XOF', 'BG': 'BGN', 'BA': 'BAM', 'BB': 'BBD', 'WF': 'XPF', 'BL': 'EUR', 'BM': 'BMD', 'BN': 'BND', 'BO': 'BOB', 'BH': 'BHD', 'BI': 'BIF', 'BJ': 'XOF', 'BT': 'BTN', 'JM': 'JMD', 'BV': 'NOK', 'BW': 'BWP', 'WS': 'WST', 'BQ': 'USD', 'BR': 'BRL', 'BS': 'BSD', 'JE': 'GBP', 'BY': 'BYR', 'BZ': 'BZD', 'RU': 'RUB', 'RW': 'RWF', 'RS': 'RSD', 'TL': 'USD', 'RE': 'EUR', 'TM': 'TMT', 'TJ': 'TJS', 'RO': 'RON', 'TK': 'NZD', 'GW': 'XOF', 'GU': 'USD', 'GT': 'GTQ', 'GS': 'GBP', 'GR': 'EUR', 'GQ': 'XAF', 'GP': 'EUR', 'JP': 'JPY', 'GY': 'GYD', 'GG': 'GBP', 'GF': 'EUR', 'GE': 'GEL', 'GD': 'XCD', 'GB': 'GBP', 'GA': 'XAF', 'SV': 'USD', 'GN': 'GNF', 'GM': 'GMD', 'GL': 'DKK', 'GI': 'GIP', 'GH': 'GHS', 'OM': 'OMR', 'TN': 'TND', 'JO': 'JOD', 'HR': 'HRK', 'HT': 'HTG', 'HU': 'HUF', 'HK': 'HKD', 'HN': 'HNL', 'HM': 'AUD', 'VE': 'VEF', 'PR': 'USD', 'PS': 'ILS', 'PW': 'USD', 'PT': 'EUR', 'SJ': 'NOK', 'PY': 'PYG', 'IQ': 'IQD', 'PA': 'PAB', 'PF': 'XPF', 'PG': 'PGK', 'PE': 'PEN', 'PK': 'PKR', 'PH': 'PHP', 'PN': 'NZD', 'PL': 'PLN', 'PM': 'EUR', 'ZM': 'ZMK', 'EH': 'MAD', 'EE': 'EUR', 'EG': 'EGP', 'ZA': 'ZAR', 'EC': 'USD', 'IT': 'EUR', 'VN': 'VND', 'SB': 'SBD', 'ET': 'ETB', 'SO': 'SOS', 'ZW': 'ZWL', 'SA': 'SAR', 'ES': 'EUR', 'ER': 'ERN', 'ME': 'EUR', 'MD': 'MDL', 'MG': 'MGA', 'MF': 'EUR', 'MA': 'MAD', 'MC': 'EUR', 'UZ': 'UZS', 'MM': 'MMK', 'ML': 'XOF', 'MO': 'MOP', 'MN': 'MNT', 'MH': 'USD', 'MK': 'MKD', 'MU': 'MUR', 'MT': 'EUR', 'MW': 'MWK', 'MV': 'MVR', 'MQ': 'EUR', 'MP': 'USD', 'MS': 'XCD', 'MR': 'MRO', 'IM': 'GBP', 'UG': 'UGX', 'TZ': 'TZS', 'MY': 'MYR', 'MX': 'MXN', 'IL': 'ILS', 'FR': 'EUR', 'IO': 'USD', 'SH': 'SHP', 'FI': 'EUR', 'FJ': 'FJD', 'FK': 'FKP', 'FM': 'USD', 'FO': 'DKK', 'NI': 'NIO', 'NL': 'EUR', 'NO': 'NOK', 'NA': 'NAD', 'VU': 'VUV', 'NC': 'XPF', 'NE': 'XOF', 'NF': 'AUD', 'NG': 'NGN', 'NZ': 'NZD', 'NP': 'NPR', 'NR': 'AUD', 'NU': 'NZD', 'CK': 'NZD', 'XK': 'EUR', 'CI': 'XOF', 'CH': 'CHF', 'CO': 'COP', 'CN': 'CNY', 'CM': 'XAF', 'CL': 'CLP', 'CC': 'AUD', 'CA': 'CAD', 'CG': 'XAF', 'CF': 'XAF', 'CD': 'CDF', 'CZ': 'CZK', 'CY': 'EUR', 'CX': 'AUD', 'CR': 'CRC', 'CW': 'ANG', 'CV': 'CVE', 'CU': 'CUP', 'SZ': 'SZL', 'SY': 'SYP', 'SX': 'ANG', 'KG': 'KGS', 'KE': 'KES', 'SS': 'SSP', 'SR': 'SRD', 'KI': 'AUD', 'KH': 'KHR', 'KN': 'XCD', 'KM': 'KMF', 'ST': 'STD', 'SK': 'EUR', 'KR': 'KRW', 'SI': 'EUR', 'KP': 'KPW', 'KW': 'KWD', 'SN': 'XOF', 'SM': 'EUR', 'SL': 'SLL', 'SC': 'SCR', 'KZ': 'KZT', 'KY': 'KYD', 'SG': 'SGD', 'SE': 'SEK', 'SD': 'SDG', 'DO': 'DOP', 'DM': 'XCD', 'DJ': 'DJF', 'DK': 'DKK', 'VG': 'USD', 'DE': 'EUR', 'YE': 'YER', 'DZ': 'DZD', 'US': 'USD', 'UY': 'UYU', 'YT': 'EUR', 'UM': 'USD', 'LB': 'LBP', 'LC': 'XCD', 'LA': 'LAK', 'TV': 'AUD', 'TW': 'TWD', 'TT': 'TTD', 'TR': 'TRY', 'LK': 'LKR', 'LI': 'CHF', 'LV': 'EUR', 'TO': 'TOP', 'LT': 'LTL', 'LU': 'EUR', 'LR': 'LRD', 'LS': 'LSL', 'TH': 'THB', 'TF': 'EUR', 'TG': 'XOF', 'TD': 'XAF', 'TC': 'USD', 'LY': 'LYD', 'VA': 'EUR', 'VC': 'XCD', 'AE': 'AED', 'AD': 'EUR', 'AG': 'XCD', 'AF': 'AFN', 'AI': 'XCD', 'VI': 'USD', 'IS': 'ISK', 'IR': 'IRR', 'AM': 'AMD', 'AL': 'ALL', 'AO': 'AOA', 'AQ': '', 'AS': 'USD', 'AR': 'ARS', 'AU': 'AUD', 'AT': 'EUR', 'AW': 'AWG', 'IN': 'INR', 'AX': 'EUR', 'AZ': 'AZN', 'IE': 'EUR', 'ID': 'IDR', 'UA': 'UAH', 'QA': 'QAR', 'MZ': 'MZN'}
[2023-03-25T17:13:00.410+0000] {taskinstance.py:1326} INFO - Marking task as SUCCESS. dag_id=currency, task_id=Read_JSON, execution_date=20230325T171151, start_date=20230325T171259, end_date=20230325T171300
[2023-03-25T17:13:00.465+0000] {local_task_job.py:212} INFO - Task exited with return code 0
[2023-03-25T17:13:00.498+0000] {taskinstance.py:2585} INFO - 1 downstream tasks scheduled from follow-on schedule check
