[2023-03-25T17:15:09.065+0000] {taskinstance.py:1084} INFO - Dependencies all met for dep_context=non-requeueable deps ti=<TaskInstance: country.final_task manual__2023-03-25T17:15:01.646845+00:00 [queued]>
[2023-03-25T17:15:09.080+0000] {taskinstance.py:1084} INFO - Dependencies all met for dep_context=requeueable deps ti=<TaskInstance: country.final_task manual__2023-03-25T17:15:01.646845+00:00 [queued]>
[2023-03-25T17:15:09.081+0000] {taskinstance.py:1282} INFO - 
--------------------------------------------------------------------------------
[2023-03-25T17:15:09.081+0000] {taskinstance.py:1283} INFO - Starting attempt 1 of 2
[2023-03-25T17:15:09.081+0000] {taskinstance.py:1284} INFO - 
--------------------------------------------------------------------------------
[2023-03-25T17:15:09.096+0000] {taskinstance.py:1303} INFO - Executing <Task(PythonOperator): final_task> on 2023-03-25 17:15:01.646845+00:00
[2023-03-25T17:15:09.101+0000] {standard_task_runner.py:55} INFO - Started process 207 to run task
[2023-03-25T17:15:09.104+0000] {standard_task_runner.py:82} INFO - Running: ['airflow', 'tasks', 'run', 'country', 'final_task', 'manual__2023-03-25T17:15:01.646845+00:00', '--job-id', '567', '--raw', '--subdir', 'DAGS_FOLDER/country.py', '--cfg-path', '/tmp/tmpvqj_sry4']
[2023-03-25T17:15:09.104+0000] {standard_task_runner.py:83} INFO - Job 567: Subtask final_task
[2023-03-25T17:15:09.175+0000] {task_command.py:388} INFO - Running <TaskInstance: country.final_task manual__2023-03-25T17:15:01.646845+00:00 [running]> on host b011aab24652
[2023-03-25T17:15:09.254+0000] {taskinstance.py:1511} INFO - Exporting the following env vars:
AIRFLOW_CTX_DAG_OWNER=***
AIRFLOW_CTX_DAG_ID=country
AIRFLOW_CTX_TASK_ID=final_task
AIRFLOW_CTX_EXECUTION_DATE=2023-03-25T17:15:01.646845+00:00
AIRFLOW_CTX_TRY_NUMBER=1
AIRFLOW_CTX_DAG_RUN_ID=manual__2023-03-25T17:15:01.646845+00:00
[2023-03-25T17:15:09.255+0000] {country.py:56} INFO - Country DAG has been finished
[2023-03-25T17:15:09.255+0000] {python.py:177} INFO - Done. Returned value was: None
[2023-03-25T17:15:09.269+0000] {taskinstance.py:1326} INFO - Marking task as SUCCESS. dag_id=country, task_id=final_task, execution_date=20230325T171501, start_date=20230325T171509, end_date=20230325T171509
[2023-03-25T17:15:09.318+0000] {local_task_job.py:212} INFO - Task exited with return code 0
[2023-03-25T17:15:09.341+0000] {taskinstance.py:2585} INFO - 0 downstream tasks scheduled from follow-on schedule check
