[2023-03-25T19:01:17.956+0000] {taskinstance.py:1084} INFO - Dependencies all met for dep_context=non-requeueable deps ti=<TaskInstance: data_merge.trigger_dependent_dag manual__2023-03-25T19:01:16.257574+00:00 [queued]>
[2023-03-25T19:01:18.054+0000] {taskinstance.py:1084} INFO - Dependencies all met for dep_context=requeueable deps ti=<TaskInstance: data_merge.trigger_dependent_dag manual__2023-03-25T19:01:16.257574+00:00 [queued]>
[2023-03-25T19:01:18.055+0000] {taskinstance.py:1282} INFO - 
--------------------------------------------------------------------------------
[2023-03-25T19:01:18.055+0000] {taskinstance.py:1283} INFO - Starting attempt 1 of 2
[2023-03-25T19:01:18.055+0000] {taskinstance.py:1284} INFO - 
--------------------------------------------------------------------------------
[2023-03-25T19:01:18.114+0000] {taskinstance.py:1303} INFO - Executing <Task(TriggerDagRunOperator): trigger_dependent_dag> on 2023-03-25 19:01:16.257574+00:00
[2023-03-25T19:01:18.134+0000] {standard_task_runner.py:55} INFO - Started process 106 to run task
[2023-03-25T19:01:18.150+0000] {standard_task_runner.py:82} INFO - Running: ['airflow', 'tasks', 'run', 'data_merge', 'trigger_dependent_dag', 'manual__2023-03-25T19:01:16.257574+00:00', '--job-id', '592', '--raw', '--subdir', 'DAGS_FOLDER/data_merge.py', '--cfg-path', '/tmp/tmpuy2o0ms9']
[2023-03-25T19:01:18.151+0000] {standard_task_runner.py:83} INFO - Job 592: Subtask trigger_dependent_dag
[2023-03-25T19:01:18.343+0000] {task_command.py:388} INFO - Running <TaskInstance: data_merge.trigger_dependent_dag manual__2023-03-25T19:01:16.257574+00:00 [running]> on host 6228c0862387
[2023-03-25T19:01:18.498+0000] {taskinstance.py:1511} INFO - Exporting the following env vars:
AIRFLOW_CTX_DAG_OWNER=***
AIRFLOW_CTX_DAG_ID=data_merge
AIRFLOW_CTX_TASK_ID=trigger_dependent_dag
AIRFLOW_CTX_EXECUTION_DATE=2023-03-25T19:01:16.257574+00:00
AIRFLOW_CTX_TRY_NUMBER=1
AIRFLOW_CTX_DAG_RUN_ID=manual__2023-03-25T19:01:16.257574+00:00
[2023-03-25T19:01:22.258+0000] {trigger_dagrun.py:177} INFO - Waiting for currency on 2023-03-25T19:01:18.498600+00:00 to become allowed state ['success'] ...
[2023-03-25T19:02:22.333+0000] {trigger_dagrun.py:177} INFO - Waiting for currency on 2023-03-25T19:01:18.498600+00:00 to become allowed state ['success'] ...
[2023-03-25T19:03:22.395+0000] {trigger_dagrun.py:186} INFO - currency finished with allowed state success
[2023-03-25T19:03:22.405+0000] {taskinstance.py:1326} INFO - Marking task as SUCCESS. dag_id=data_merge, task_id=trigger_dependent_dag, execution_date=20230325T190116, start_date=20230325T190117, end_date=20230325T190322
[2023-03-25T19:03:22.469+0000] {local_task_job.py:212} INFO - Task exited with return code 0
[2023-03-25T19:03:22.542+0000] {taskinstance.py:2585} INFO - 1 downstream tasks scheduled from follow-on schedule check
